<?xml version="1.0" encoding="UTF-8"?>
<coverage generated="1761929311701" clover="3.2.0">
  <project timestamp="1761929311701" name="All files">
    <metrics statements="777" coveredstatements="659" conditionals="510" coveredconditionals="395" methods="219" coveredmethods="166" elements="1506" coveredelements="1220" complexity="0" loc="777" ncloc="777" packages="3" files="29" classes="29"/>
    <package name="components">
      <metrics statements="402" coveredstatements="367" conditionals="298" coveredconditionals="247" methods="128" coveredmethods="102"/>
      <file name="AvailabilityCalendar.tsx" path="/Users/chowsowying/Desktop/Untitled/frontend/src/components/AvailabilityCalendar.tsx">
        <metrics statements="68" coveredstatements="62" conditionals="48" coveredconditionals="30" methods="24" coveredmethods="14"/>
        <line num="27" count="1" type="stmt"/>
        <line num="35" count="10" type="stmt"/>
        <line num="36" count="4" type="cond" truecount="1" falsecount="1"/>
        <line num="37" count="4" type="stmt"/>
        <line num="38" count="4" type="stmt"/>
        <line num="41" count="10" type="stmt"/>
        <line num="43" count="10" type="stmt"/>
        <line num="44" count="5" type="stmt"/>
        <line num="45" count="5" type="stmt"/>
        <line num="48" count="10" type="stmt"/>
        <line num="49" count="5" type="cond" truecount="3" falsecount="1"/>
        <line num="50" count="5" type="stmt"/>
        <line num="55" count="10" type="stmt"/>
        <line num="56" count="212" type="stmt"/>
        <line num="60" count="10" type="stmt"/>
        <line num="61" count="0" type="stmt"/>
        <line num="64" count="10" type="stmt"/>
        <line num="65" count="0" type="stmt"/>
        <line num="68" count="10" type="stmt"/>
        <line num="69" count="0" type="stmt"/>
        <line num="72" count="10" type="stmt"/>
        <line num="74" count="0" type="stmt"/>
        <line num="75" count="0" type="stmt"/>
        <line num="78" count="10" type="stmt"/>
        <line num="79" count="515" type="stmt"/>
        <line num="80" count="515" type="stmt"/>
        <line num="81" count="515" type="stmt"/>
        <line num="84" count="10" type="stmt"/>
        <line num="85" count="10" type="stmt"/>
        <line num="86" count="10" type="stmt"/>
        <line num="87" count="10" type="stmt"/>
        <line num="88" count="10" type="stmt"/>
        <line num="89" count="10" type="stmt"/>
        <line num="90" count="10" type="stmt"/>
        <line num="91" count="302" type="stmt"/>
        <line num="93" count="10" type="stmt"/>
        <line num="96" count="10" type="stmt"/>
        <line num="97" count="0" type="stmt"/>
        <line num="98" count="10" type="stmt"/>
        <line num="99" count="1" type="stmt"/>
        <line num="101" count="10" type="stmt"/>
        <line num="102" count="10" type="stmt"/>
        <line num="104" count="10" type="stmt"/>
        <line num="105" count="302" type="cond" truecount="2" falsecount="0"/>
        <line num="106" count="212" type="stmt"/>
        <line num="108" count="212" type="cond" truecount="1" falsecount="1"/>
        <line num="109" count="212" type="cond" truecount="1" falsecount="1"/>
        <line num="110" count="212" type="cond" truecount="1" falsecount="1"/>
        <line num="111" count="212" type="cond" truecount="1" falsecount="1"/>
        <line num="113" count="212" type="cond" truecount="1" falsecount="1"/>
        <line num="115" count="212" type="stmt"/>
        <line num="118" count="10" type="stmt"/>
        <line num="128" count="10" type="stmt"/>
        <line num="138" count="10" type="stmt"/>
        <line num="140" count="10" type="stmt"/>
        <line num="161" count="70" type="stmt"/>
        <line num="170" count="50" type="stmt"/>
        <line num="174" count="302" type="stmt"/>
        <line num="175" count="302" type="stmt"/>
        <line num="176" count="302" type="cond" truecount="1" falsecount="1"/>
        <line num="177" count="302" type="stmt"/>
        <line num="180" count="302" type="cond" truecount="2" falsecount="0"/>
        <line num="182" count="302" type="cond" truecount="1" falsecount="1"/>
        <line num="187" count="302" type="stmt"/>
        <line num="192" count="1" type="cond" truecount="1" falsecount="1"/>
        <line num="193" count="1" type="cond" truecount="1" falsecount="1"/>
        <line num="194" count="1" type="cond" truecount="1" falsecount="1"/>
        <line num="198" count="1" type="stmt"/>
      </file>
      <file name="AvailabilityPicker.tsx" path="/Users/chowsowying/Desktop/Untitled/frontend/src/components/AvailabilityPicker.tsx">
        <metrics statements="18" coveredstatements="18" conditionals="6" coveredconditionals="5" methods="10" coveredmethods="10"/>
        <line num="3" count="1" type="stmt"/>
        <line num="4" count="19" type="stmt"/>
        <line num="6" count="19" type="stmt"/>
        <line num="9" count="7" type="stmt"/>
        <line num="10" count="7" type="stmt"/>
        <line num="14" count="19" type="stmt"/>
        <line num="15" count="14" type="cond" truecount="1" falsecount="1"/>
        <line num="16" count="14" type="stmt"/>
        <line num="20" count="19" type="stmt"/>
        <line num="21" count="8" type="cond" truecount="2" falsecount="0"/>
        <line num="22" count="7" type="stmt"/>
        <line num="26" count="19" type="stmt"/>
        <line num="31" count="6" type="stmt"/>
        <line num="37" count="19" type="stmt"/>
        <line num="41" count="133" type="stmt"/>
        <line num="46" count="4" type="stmt"/>
        <line num="56" count="1" type="stmt"/>
        <line num="66" count="1" type="stmt"/>
      </file>
      <file name="BookingCard.tsx" path="/Users/chowsowying/Desktop/Untitled/frontend/src/components/BookingCard.tsx">
        <metrics statements="20" coveredstatements="18" conditionals="31" coveredconditionals="24" methods="8" coveredmethods="7"/>
        <line num="22" count="1" type="stmt"/>
        <line num="38" count="13" type="stmt"/>
        <line num="40" count="13" type="stmt"/>
        <line num="47" count="13" type="stmt"/>
        <line num="48" count="1" type="stmt"/>
        <line num="49" count="1" type="cond" truecount="1" falsecount="1"/>
        <line num="53" count="13" type="cond" truecount="3" falsecount="0"/>
        <line num="54" count="13" type="stmt"/>
        <line num="56" count="13" type="stmt"/>
        <line num="57" count="13" type="stmt"/>
        <line num="58" count="13" type="stmt"/>
        <line num="63" count="13" type="stmt"/>
        <line num="65" count="1" type="cond" truecount="2" falsecount="0"/>
        <line num="66" count="2" type="cond" truecount="2" falsecount="0"/>
        <line num="67" count="1" type="cond" truecount="2" falsecount="0"/>
        <line num="94" count="1" type="stmt"/>
        <line num="95" count="1" type="cond" truecount="1" falsecount="1"/>
        <line num="109" count="9" type="stmt"/>
        <line num="131" count="0" type="stmt"/>
        <line num="132" count="0" type="cond" truecount="0" falsecount="4"/>
      </file>
      <file name="BookingModal.tsx" path="/Users/chowsowying/Desktop/Untitled/frontend/src/components/BookingModal.tsx">
        <metrics statements="21" coveredstatements="20" conditionals="16" coveredconditionals="15" methods="5" coveredmethods="5"/>
        <line num="11" count="1" type="stmt"/>
        <line num="18" count="14" type="cond" truecount="2" falsecount="0"/>
        <line num="19" count="14" type="stmt"/>
        <line num="20" count="14" type="stmt"/>
        <line num="22" count="14" type="stmt"/>
        <line num="23" count="7" type="cond" truecount="5" falsecount="0"/>
        <line num="24" count="6" type="stmt"/>
        <line num="25" count="6" type="stmt"/>
        <line num="28" count="6" type="cond" truecount="2" falsecount="0"/>
        <line num="29" count="1" type="stmt"/>
        <line num="33" count="6" type="stmt"/>
        <line num="34" count="6" type="stmt"/>
        <line num="36" count="6" type="cond" truecount="1" falsecount="1"/>
        <line num="37" count="6" type="stmt"/>
        <line num="39" count="0" type="stmt"/>
        <line num="45" count="14" type="stmt"/>
        <line num="46" count="2" type="cond" truecount="2" falsecount="0"/>
        <line num="47" count="1" type="stmt"/>
        <line num="50" count="14" type="stmt"/>
        <line num="66" count="1" type="stmt"/>
        <line num="68" count="36" type="stmt"/>
      </file>
      <file name="BookingModalAccept.tsx" path="/Users/chowsowying/Desktop/Untitled/frontend/src/components/BookingModalAccept.tsx">
        <metrics statements="2" coveredstatements="2" conditionals="0" coveredconditionals="0" methods="1" coveredmethods="1"/>
        <line num="15" count="1" type="stmt"/>
        <line num="21" count="6" type="stmt"/>
      </file>
      <file name="BookingModalView.tsx" path="/Users/chowsowying/Desktop/Untitled/frontend/src/components/BookingModalView.tsx">
        <metrics statements="2" coveredstatements="2" conditionals="4" coveredconditionals="4" methods="1" coveredmethods="1"/>
        <line num="14" count="1" type="stmt"/>
        <line num="18" count="4" type="stmt"/>
      </file>
      <file name="CreateAdminModal.tsx" path="/Users/chowsowying/Desktop/Untitled/frontend/src/components/CreateAdminModal.tsx">
        <metrics statements="33" coveredstatements="33" conditionals="28" coveredconditionals="27" methods="7" coveredmethods="6"/>
        <line num="14" count="1" type="stmt"/>
        <line num="22" count="22" type="stmt"/>
        <line num="24" count="22" type="stmt"/>
        <line num="25" count="22" type="stmt"/>
        <line num="28" count="22" type="stmt"/>
        <line num="51" count="22" type="stmt"/>
        <line num="53" count="22" type="stmt"/>
        <line num="54" count="9" type="cond" truecount="2" falsecount="0"/>
        <line num="55" count="1" type="stmt"/>
        <line num="56" count="1" type="cond" truecount="1" falsecount="1"/>
        <line num="57" count="1" type="stmt"/>
        <line num="60" count="8" type="stmt"/>
        <line num="64" count="22" type="stmt"/>
        <line num="65" count="4" type="stmt"/>
        <line num="66" count="4" type="stmt"/>
        <line num="67" count="4" type="cond" truecount="2" falsecount="0"/>
        <line num="70" count="3" type="stmt"/>
        <line num="72" count="3" type="stmt"/>
        <line num="73" count="3" type="stmt"/>
        <line num="75" count="3" type="stmt"/>
        <line num="84" count="2" type="stmt"/>
        <line num="86" count="2" type="cond" truecount="2" falsecount="0"/>
        <line num="87" count="1" type="stmt"/>
        <line num="88" count="1" type="stmt"/>
        <line num="90" count="1" type="stmt"/>
        <line num="93" count="1" type="stmt"/>
        <line num="94" count="1" type="stmt"/>
        <line num="98" count="22" type="cond" truecount="2" falsecount="0"/>
        <line num="100" count="20" type="stmt"/>
        <line num="164" count="280" type="cond" truecount="2" falsecount="0"/>
        <line num="166" count="270" type="stmt"/>
        <line num="185" count="1" type="stmt"/>
        <line num="186" count="1" type="stmt"/>
      </file>
      <file name="CreateTutorModal.tsx" path="/Users/chowsowying/Desktop/Untitled/frontend/src/components/CreateTutorModal.tsx">
        <metrics statements="24" coveredstatements="24" conditionals="20" coveredconditionals="20" methods="3" coveredmethods="3"/>
        <line num="14" count="1" type="stmt"/>
        <line num="22" count="20" type="stmt"/>
        <line num="24" count="20" type="stmt"/>
        <line num="27" count="20" type="stmt"/>
        <line num="28" count="8" type="cond" truecount="2" falsecount="0"/>
        <line num="29" count="1" type="stmt"/>
        <line num="35" count="7" type="stmt"/>
        <line num="39" count="20" type="stmt"/>
        <line num="40" count="4" type="stmt"/>
        <line num="41" count="4" type="stmt"/>
        <line num="42" count="4" type="cond" truecount="2" falsecount="0"/>
        <line num="44" count="3" type="stmt"/>
        <line num="46" count="3" type="stmt"/>
        <line num="47" count="3" type="stmt"/>
        <line num="54" count="3" type="stmt"/>
        <line num="63" count="2" type="stmt"/>
        <line num="65" count="2" type="cond" truecount="2" falsecount="0"/>
        <line num="66" count="1" type="stmt"/>
        <line num="67" count="1" type="stmt"/>
        <line num="69" count="1" type="stmt"/>
        <line num="72" count="1" type="stmt"/>
        <line num="73" count="1" type="stmt"/>
        <line num="77" count="20" type="cond" truecount="2" falsecount="0"/>
        <line num="79" count="18" type="stmt"/>
      </file>
      <file name="NavLinks.tsx" path="/Users/chowsowying/Desktop/Untitled/frontend/src/components/NavLinks.tsx">
        <metrics statements="1" coveredstatements="1" conditionals="0" coveredconditionals="0" methods="0" coveredmethods="0"/>
        <line num="7" count="1" type="stmt"/>
      </file>
      <file name="Navbar.tsx" path="/Users/chowsowying/Desktop/Untitled/frontend/src/components/Navbar.tsx">
        <metrics statements="59" coveredstatements="46" conditionals="34" coveredconditionals="26" methods="23" coveredmethods="15"/>
        <line num="12" count="2" type="stmt"/>
        <line num="13" count="23" type="stmt"/>
        <line num="14" count="23" type="stmt"/>
        <line num="15" count="23" type="stmt"/>
        <line num="17" count="23" type="stmt"/>
        <line num="18" count="23" type="cond" truecount="2" falsecount="0"/>
        <line num="20" count="23" type="stmt"/>
        <line num="21" count="22" type="stmt"/>
        <line num="26" count="22" type="stmt"/>
        <line num="27" count="9" type="cond" truecount="4" falsecount="0"/>
        <line num="30" count="5" type="stmt"/>
        <line num="31" count="5" type="stmt"/>
        <line num="32" count="0" type="stmt"/>
        <line num="35" count="5" type="stmt"/>
        <line num="39" count="5" type="stmt"/>
        <line num="40" count="0" type="stmt"/>
        <line num="41" count="0" type="stmt"/>
        <line num="44" count="5" type="stmt"/>
        <line num="45" count="0" type="stmt"/>
        <line num="46" count="0" type="stmt"/>
        <line num="49" count="5" type="stmt"/>
        <line num="55" count="22" type="stmt"/>
        <line num="56" count="0" type="cond" truecount="0" falsecount="2"/>
        <line num="57" count="0" type="stmt"/>
        <line num="58" count="0" type="stmt"/>
        <line num="59" count="0" type="stmt"/>
        <line num="60" count="0" type="cond" truecount="0" falsecount="2"/>
        <line num="63" count="0" type="stmt"/>
        <line num="70" count="22" type="stmt"/>
        <line num="71" count="16" type="cond" truecount="5" falsecount="0"/>
        <line num="72" count="5" type="cond" truecount="3" falsecount="1"/>
        <line num="74" count="5" type="stmt"/>
        <line num="75" count="5" type="stmt"/>
        <line num="76" count="5" type="stmt"/>
        <line num="77" count="5" type="cond" truecount="1" falsecount="1"/>
        <line num="78" count="5" type="stmt"/>
        <line num="79" count="5" type="stmt"/>
        <line num="80" count="5" type="stmt"/>
        <line num="82" count="0" type="stmt"/>
        <line num="86" count="5" type="stmt"/>
        <line num="89" count="22" type="cond" truecount="1" falsecount="1"/>
        <line num="91" count="66" type="cond" truecount="3" falsecount="0"/>
        <line num="93" count="33" type="stmt"/>
        <line num="96" count="22" type="stmt"/>
        <line num="97" count="1" type="stmt"/>
        <line num="98" count="1" type="cond" truecount="1" falsecount="1"/>
        <line num="99" count="1" type="stmt"/>
        <line num="100" count="1" type="stmt"/>
        <line num="101" count="1" type="stmt"/>
        <line num="102" count="1" type="stmt"/>
        <line num="103" count="1" type="stmt"/>
        <line num="106" count="22" type="stmt"/>
        <line num="108" count="22" type="stmt"/>
        <line num="115" count="33" type="cond" truecount="2" falsecount="0"/>
        <line num="117" count="33" type="stmt"/>
        <line num="135" count="1" type="stmt"/>
        <line num="155" count="1" type="stmt"/>
        <line num="156" count="2" type="stmt"/>
        <line num="158" count="0" type="stmt"/>
      </file>
      <file name="NotificationsModal.tsx" path="/Users/chowsowying/Desktop/Untitled/frontend/src/components/NotificationsModal.tsx">
        <metrics statements="4" coveredstatements="4" conditionals="6" coveredconditionals="6" methods="2" coveredmethods="2"/>
        <line num="10" count="2" type="stmt"/>
        <line num="15" count="17" type="cond" truecount="2" falsecount="0"/>
        <line num="17" count="5" type="stmt"/>
        <line num="32" count="8" type="stmt"/>
      </file>
      <file name="ProfilePicModal.tsx" path="/Users/chowsowying/Desktop/Untitled/frontend/src/components/ProfilePicModal.tsx">
        <metrics statements="23" coveredstatements="11" conditionals="15" coveredconditionals="5" methods="4" coveredmethods="2"/>
        <line num="14" count="1" type="stmt"/>
        <line num="15" count="4" type="stmt"/>
        <line num="16" count="4" type="stmt"/>
        <line num="17" count="4" type="stmt"/>
        <line num="19" count="4" type="cond" truecount="2" falsecount="0"/>
        <line num="21" count="3" type="stmt"/>
        <line num="22" count="0" type="cond" truecount="0" falsecount="4"/>
        <line num="23" count="0" type="stmt"/>
        <line num="24" count="0" type="stmt"/>
        <line num="28" count="3" type="stmt"/>
        <line num="29" count="1" type="cond" truecount="2" falsecount="3"/>
        <line num="30" count="1" type="stmt"/>
        <line num="31" count="1" type="stmt"/>
        <line num="34" count="0" type="stmt"/>
        <line num="35" count="0" type="cond" truecount="0" falsecount="2"/>
        <line num="36" count="0" type="stmt"/>
        <line num="38" count="0" type="stmt"/>
        <line num="41" count="0" type="stmt"/>
        <line num="42" count="0" type="stmt"/>
        <line num="43" count="0" type="stmt"/>
        <line num="45" count="0" type="stmt"/>
        <line num="46" count="0" type="stmt"/>
        <line num="49" count="3" type="stmt"/>
      </file>
      <file name="RescheduleModal.tsx" path="/Users/chowsowying/Desktop/Untitled/frontend/src/components/RescheduleModal.tsx">
        <metrics statements="55" coveredstatements="54" conditionals="21" coveredconditionals="18" methods="12" coveredmethods="9"/>
        <line num="16" count="1" type="stmt"/>
        <line num="17" count="20" type="stmt"/>
        <line num="19" count="20" type="stmt"/>
        <line num="20" count="20" type="stmt"/>
        <line num="21" count="20" type="stmt"/>
        <line num="22" count="20" type="stmt"/>
        <line num="23" count="20" type="stmt"/>
        <line num="24" count="20" type="stmt"/>
        <line num="29" count="20" type="stmt"/>
        <line num="30" count="16" type="stmt"/>
        <line num="31" count="16" type="stmt"/>
        <line num="32" count="16" type="stmt"/>
        <line num="33" count="16" type="stmt"/>
        <line num="39" count="20" type="stmt"/>
        <line num="40" count="8" type="cond" truecount="4" falsecount="0"/>
        <line num="41" count="7" type="stmt"/>
        <line num="43" count="7" type="stmt"/>
        <line num="44" count="7" type="stmt"/>
        <line num="45" count="7" type="stmt"/>
        <line num="46" count="7" type="stmt"/>
        <line num="47" count="6" type="cond" truecount="1" falsecount="1"/>
        <line num="48" count="6" type="cond" truecount="1" falsecount="1"/>
        <line num="50" count="1" type="stmt"/>
        <line num="51" count="1" type="stmt"/>
        <line num="53" count="7" type="stmt"/>
        <line num="57" count="7" type="stmt"/>
        <line num="63" count="20" type="stmt"/>
        <line num="64" count="8" type="cond" truecount="4" falsecount="0"/>
        <line num="65" count="7" type="stmt"/>
        <line num="67" count="7" type="stmt"/>
        <line num="68" count="7" type="stmt"/>
        <line num="69" count="7" type="stmt"/>
        <line num="70" count="7" type="stmt"/>
        <line num="72" count="7" type="stmt"/>
        <line num="73" count="6" type="stmt"/>
        <line num="75" count="1" type="stmt"/>
        <line num="76" count="1" type="stmt"/>
        <line num="80" count="7" type="stmt"/>
        <line num="86" count="20" type="stmt"/>
        <line num="87" count="3" type="stmt"/>
        <line num="88" count="3" type="stmt"/>
        <line num="94" count="20" type="stmt"/>
        <line num="95" count="2" type="cond" truecount="3" falsecount="1"/>
        <line num="97" count="2" type="stmt"/>
        <line num="98" count="2" type="stmt"/>
        <line num="113" count="1" type="stmt"/>
        <line num="114" count="1" type="stmt"/>
        <line num="116" count="1" type="stmt"/>
        <line num="117" count="1" type="stmt"/>
        <line num="119" count="2" type="stmt"/>
        <line num="120" count="2" type="stmt"/>
        <line num="124" count="20" type="cond" truecount="2" falsecount="0"/>
        <line num="125" count="8" type="stmt"/>
        <line num="134" count="12" type="stmt"/>
        <line num="152" count="0" type="stmt"/>
      </file>
      <file name="ReviewModal.tsx" path="/Users/chowsowying/Desktop/Untitled/frontend/src/components/ReviewModal.tsx">
        <metrics statements="25" coveredstatements="25" conditionals="10" coveredconditionals="10" methods="5" coveredmethods="5"/>
        <line num="14" count="1" type="stmt"/>
        <line num="22" count="24" type="stmt"/>
        <line num="23" count="24" type="stmt"/>
        <line num="24" count="24" type="stmt"/>
        <line num="26" count="24" type="cond" truecount="2" falsecount="0"/>
        <line num="28" count="23" type="stmt"/>
        <line num="29" count="5" type="cond" truecount="2" falsecount="0"/>
        <line num="30" count="1" type="stmt"/>
        <line num="31" count="1" type="stmt"/>
        <line num="34" count="4" type="stmt"/>
        <line num="35" count="4" type="stmt"/>
        <line num="36" count="4" type="stmt"/>
        <line num="42" count="2" type="stmt"/>
        <line num="43" count="2" type="stmt"/>
        <line num="44" count="2" type="stmt"/>
        <line num="45" count="2" type="stmt"/>
        <line num="47" count="2" type="stmt"/>
        <line num="48" count="2" type="cond" truecount="2" falsecount="0"/>
        <line num="49" count="1" type="stmt"/>
        <line num="51" count="1" type="stmt"/>
        <line num="54" count="4" type="stmt"/>
        <line num="58" count="23" type="stmt"/>
        <line num="66" count="115" type="stmt"/>
        <line num="68" count="5" type="stmt"/>
        <line num="80" count="2" type="stmt"/>
      </file>
      <file name="RingChart.tsx" path="/Users/chowsowying/Desktop/Untitled/frontend/src/components/RingChart.tsx">
        <metrics statements="8" coveredstatements="8" conditionals="8" coveredconditionals="8" methods="4" coveredmethods="4"/>
        <line num="3" count="1" type="stmt"/>
        <line num="15" count="1" type="cond" truecount="2" falsecount="0"/>
        <line num="16" count="4" type="stmt"/>
        <line num="23" count="4" type="cond" truecount="2" falsecount="0"/>
        <line num="25" count="4" type="stmt"/>
        <line num="41" count="16" type="stmt"/>
        <line num="55" count="16" type="cond" truecount="2" falsecount="0"/>
        <line num="62" count="16" type="cond" truecount="2" falsecount="0"/>
      </file>
      <file name="TutorApprovalModal.tsx" path="/Users/chowsowying/Desktop/Untitled/frontend/src/components/TutorApprovalModal.tsx">
        <metrics statements="9" coveredstatements="9" conditionals="18" coveredconditionals="18" methods="4" coveredmethods="4"/>
        <line num="10" count="1" type="stmt"/>
        <line num="11" count="12" type="stmt"/>
        <line num="14" count="12" type="stmt"/>
        <line num="15" count="7" type="cond" truecount="2" falsecount="0"/>
        <line num="18" count="12" type="cond" truecount="2" falsecount="0"/>
        <line num="20" count="9" type="stmt"/>
        <line num="22" count="9" type="stmt"/>
        <line num="38" count="4" type="stmt"/>
        <line num="54" count="2" type="cond" truecount="2" falsecount="0"/>
      </file>
      <file name="TutorLessonTypeInput.tsx" path="/Users/chowsowying/Desktop/Untitled/frontend/src/components/TutorLessonTypeInput.tsx">
        <metrics statements="24" coveredstatements="24" conditionals="15" coveredconditionals="14" methods="11" coveredmethods="11"/>
        <line num="10" count="1" type="stmt"/>
        <line num="15" count="16" type="stmt"/>
        <line num="16" count="16" type="stmt"/>
        <line num="18" count="16" type="stmt"/>
        <line num="19" count="3" type="stmt"/>
        <line num="20" count="3" type="cond" truecount="4" falsecount="0"/>
        <line num="21" count="2" type="stmt"/>
        <line num="22" count="2" type="stmt"/>
        <line num="23" count="2" type="stmt"/>
        <line num="26" count="16" type="stmt"/>
        <line num="27" count="1" type="stmt"/>
        <line num="30" count="16" type="stmt"/>
        <line num="31" count="14" type="cond" truecount="2" falsecount="0"/>
        <line num="34" count="16" type="stmt"/>
        <line num="35" count="3" type="cond" truecount="4" falsecount="0"/>
        <line num="36" count="2" type="stmt"/>
        <line num="37" count="2" type="stmt"/>
        <line num="41" count="16" type="stmt"/>
        <line num="46" count="7" type="stmt"/>
        <line num="51" count="1" type="stmt"/>
        <line num="65" count="4" type="stmt"/>
        <line num="66" count="4" type="stmt"/>
        <line num="75" count="2" type="stmt"/>
        <line num="78" count="1" type="stmt"/>
      </file>
      <file name="TutorProfileSummary.tsx" path="/Users/chowsowying/Desktop/Untitled/frontend/src/components/TutorProfileSummary.tsx">
        <metrics statements="6" coveredstatements="6" conditionals="18" coveredconditionals="17" methods="4" coveredmethods="3"/>
        <line num="3" count="1" type="stmt"/>
        <line num="12" count="9" type="cond" truecount="2" falsecount="0"/>
        <line num="13" count="8" type="stmt"/>
        <line num="14" count="8" type="stmt"/>
        <line num="31" count="14" type="stmt"/>
        <line num="49" count="14" type="stmt"/>
      </file>
    </package>
    <package name="pages.student">
      <metrics statements="359" coveredstatements="280" conditionals="212" coveredconditionals="148" methods="87" coveredmethods="64"/>
      <file name="FindTutor.tsx" path="/Users/chowsowying/Desktop/Untitled/frontend/src/pages/student/FindTutor.tsx">
        <metrics statements="54" coveredstatements="43" conditionals="21" coveredconditionals="20" methods="16" coveredmethods="11"/>
        <line num="10" count="1" type="stmt"/>
        <line num="11" count="1" type="stmt"/>
        <line num="12" count="1" type="stmt"/>
        <line num="14" count="1" type="stmt"/>
        <line num="15" count="11" type="stmt"/>
        <line num="16" count="11" type="stmt"/>
        <line num="17" count="11" type="stmt"/>
        <line num="18" count="11" type="stmt"/>
        <line num="19" count="11" type="stmt"/>
        <line num="20" count="11" type="stmt"/>
        <line num="21" count="11" type="stmt"/>
        <line num="22" count="11" type="stmt"/>
        <line num="24" count="11" type="stmt"/>
        <line num="25" count="11" type="stmt"/>
        <line num="28" count="11" type="stmt"/>
        <line num="29" count="4" type="stmt"/>
        <line num="33" count="11" type="stmt"/>
        <line num="34" count="4" type="cond" truecount="1" falsecount="1"/>
        <line num="35" count="0" type="stmt"/>
        <line num="36" count="0" type="stmt"/>
        <line num="40" count="11" type="stmt"/>
        <line num="41" count="4" type="stmt"/>
        <line num="42" count="4" type="stmt"/>
        <line num="44" count="4" type="stmt"/>
        <line num="45" count="4" type="cond" truecount="2" falsecount="0"/>
        <line num="46" count="1" type="stmt"/>
        <line num="47" count="1" type="stmt"/>
        <line num="48" count="1" type="stmt"/>
        <line num="51" count="3" type="stmt"/>
        <line num="59" count="3" type="stmt"/>
        <line num="60" count="3" type="stmt"/>
        <line num="61" count="2" type="stmt"/>
        <line num="62" count="2" type="stmt"/>
        <line num="64" count="1" type="stmt"/>
        <line num="65" count="1" type="stmt"/>
        <line num="67" count="3" type="stmt"/>
        <line num="71" count="11" type="stmt"/>
        <line num="72" count="0" type="stmt"/>
        <line num="73" count="0" type="stmt"/>
        <line num="74" count="0" type="stmt"/>
        <line num="75" count="0" type="stmt"/>
        <line num="76" count="0" type="stmt"/>
        <line num="79" count="11" type="stmt"/>
        <line num="115" count="0" type="stmt"/>
        <line num="124" count="0" type="stmt"/>
        <line num="138" count="0" type="stmt"/>
        <line num="161" count="0" type="stmt"/>
        <line num="163" count="11" type="stmt"/>
        <line num="176" count="22" type="stmt"/>
        <line num="216" count="2" type="stmt"/>
        <line num="243" count="2" type="stmt"/>
        <line num="246" count="2" type="stmt"/>
        <line num="247" count="2" type="stmt"/>
        <line num="260" count="1" type="stmt"/>
      </file>
      <file name="PastSessionsPage.tsx" path="/Users/chowsowying/Desktop/Untitled/frontend/src/pages/student/PastSessionsPage.tsx">
        <metrics statements="31" coveredstatements="30" conditionals="17" coveredconditionals="15" methods="9" coveredmethods="8"/>
        <line num="11" count="1" type="stmt"/>
        <line num="12" count="18" type="stmt"/>
        <line num="13" count="18" type="stmt"/>
        <line num="15" count="18" type="stmt"/>
        <line num="16" count="18" type="stmt"/>
        <line num="17" count="18" type="stmt"/>
        <line num="18" count="18" type="stmt"/>
        <line num="19" count="18" type="stmt"/>
        <line num="24" count="18" type="stmt"/>
        <line num="25" count="13" type="cond" truecount="4" falsecount="0"/>
        <line num="26" count="1" type="stmt"/>
        <line num="27" count="1" type="stmt"/>
        <line num="28" count="1" type="stmt"/>
        <line num="31" count="12" type="stmt"/>
        <line num="32" count="12" type="cond" truecount="1" falsecount="1"/>
        <line num="33" count="12" type="stmt"/>
        <line num="34" count="12" type="stmt"/>
        <line num="35" count="11" type="cond" truecount="1" falsecount="1"/>
        <line num="37" count="8" type="stmt"/>
        <line num="38" count="8" type="stmt"/>
        <line num="40" count="12" type="stmt"/>
        <line num="44" count="12" type="stmt"/>
        <line num="50" count="18" type="stmt"/>
        <line num="51" count="1" type="stmt"/>
        <line num="52" count="1" type="stmt"/>
        <line num="53" count="1" type="stmt"/>
        <line num="56" count="18" type="stmt"/>
        <line num="63" count="0" type="stmt"/>
        <line num="84" count="7" type="stmt"/>
        <line num="88" count="1" type="stmt"/>
        <line num="100" count="1" type="stmt"/>
      </file>
      <file name="StudentDashboard.tsx" path="/Users/chowsowying/Desktop/Untitled/frontend/src/pages/student/StudentDashboard.tsx">
        <metrics statements="59" coveredstatements="50" conditionals="36" coveredconditionals="22" methods="18" coveredmethods="12"/>
        <line num="14" count="1" type="stmt"/>
        <line num="15" count="13" type="stmt"/>
        <line num="16" count="13" type="stmt"/>
        <line num="18" count="13" type="stmt"/>
        <line num="19" count="13" type="stmt"/>
        <line num="20" count="13" type="stmt"/>
        <line num="21" count="13" type="stmt"/>
        <line num="22" count="13" type="stmt"/>
        <line num="23" count="13" type="stmt"/>
        <line num="25" count="13" type="stmt"/>
        <line num="26" count="11" type="cond" truecount="1" falsecount="1"/>
        <line num="27" count="11" type="stmt"/>
        <line num="28" count="11" type="stmt"/>
        <line num="29" count="11" type="cond" truecount="1" falsecount="1"/>
        <line num="31" count="6" type="stmt"/>
        <line num="33" count="11" type="stmt"/>
        <line num="37" count="13" type="stmt"/>
        <line num="38" count="10" type="cond" truecount="1" falsecount="1"/>
        <line num="39" count="10" type="stmt"/>
        <line num="40" count="10" type="stmt"/>
        <line num="41" count="10" type="stmt"/>
        <line num="43" count="5" type="stmt"/>
        <line num="47" count="13" type="stmt"/>
        <line num="48" count="11" type="cond" truecount="1" falsecount="1"/>
        <line num="49" count="11" type="stmt"/>
        <line num="50" count="11" type="stmt"/>
        <line num="51" count="11" type="stmt"/>
        <line num="53" count="6" type="stmt"/>
        <line num="57" count="13" type="stmt"/>
        <line num="58" count="2" type="cond" truecount="1" falsecount="1"/>
        <line num="59" count="2" type="stmt"/>
        <line num="60" count="2" type="cond" truecount="1" falsecount="1"/>
        <line num="62" count="2" type="stmt"/>
        <line num="63" count="2" type="stmt"/>
        <line num="64" count="1" type="stmt"/>
        <line num="65" count="1" type="stmt"/>
        <line num="67" count="1" type="cond" truecount="1" falsecount="1"/>
        <line num="71" count="13" type="stmt"/>
        <line num="72" count="10" type="cond" truecount="3" falsecount="1"/>
        <line num="73" count="0" type="stmt"/>
        <line num="74" count="0" type="stmt"/>
        <line num="75" count="0" type="stmt"/>
        <line num="77" count="10" type="stmt"/>
        <line num="78" count="10" type="stmt"/>
        <line num="79" count="10" type="stmt"/>
        <line num="82" count="13" type="stmt"/>
        <line num="83" count="13" type="stmt"/>
        <line num="84" count="13" type="cond" truecount="1" falsecount="1"/>
        <line num="85" count="13" type="stmt"/>
        <line num="88" count="13" type="stmt"/>
        <line num="109" count="0" type="stmt"/>
        <line num="123" count="4" type="stmt"/>
        <line num="164" count="0" type="stmt"/>
        <line num="172" count="0" type="stmt"/>
        <line num="174" count="0" type="cond" truecount="0" falsecount="2"/>
        <line num="186" count="1" type="stmt"/>
        <line num="204" count="0" type="stmt"/>
        <line num="205" count="0" type="stmt"/>
        <line num="214" count="1" type="stmt"/>
      </file>
      <file name="ViewTutorDetails.tsx" path="/Users/chowsowying/Desktop/Untitled/frontend/src/pages/student/ViewTutorDetails.tsx">
        <metrics statements="78" coveredstatements="49" conditionals="49" coveredconditionals="24" methods="18" coveredmethods="11"/>
        <line num="14" count="1" type="stmt"/>
        <line num="15" count="8" type="stmt"/>
        <line num="16" count="8" type="stmt"/>
        <line num="17" count="8" type="stmt"/>
        <line num="19" count="8" type="stmt"/>
        <line num="20" count="8" type="stmt"/>
        <line num="21" count="8" type="stmt"/>
        <line num="25" count="8" type="stmt"/>
        <line num="26" count="8" type="stmt"/>
        <line num="29" count="8" type="stmt"/>
        <line num="30" count="2" type="stmt"/>
        <line num="31" count="2" type="stmt"/>
        <line num="37" count="8" type="stmt"/>
        <line num="38" count="6" type="stmt"/>
        <line num="39" count="6" type="cond" truecount="3" falsecount="1"/>
        <line num="41" count="6" type="stmt"/>
        <line num="42" count="6" type="stmt"/>
        <line num="43" count="6" type="stmt"/>
        <line num="44" count="6" type="stmt"/>
        <line num="46" count="2" type="stmt"/>
        <line num="53" count="2" type="stmt"/>
        <line num="54" count="2" type="stmt"/>
        <line num="56" count="4" type="stmt"/>
        <line num="58" count="6" type="stmt"/>
        <line num="62" count="6" type="stmt"/>
        <line num="68" count="8" type="stmt"/>
        <line num="69" count="6" type="cond" truecount="4" falsecount="0"/>
        <line num="71" count="4" type="stmt"/>
        <line num="72" count="4" type="stmt"/>
        <line num="74" count="4" type="stmt"/>
        <line num="75" count="4" type="stmt"/>
        <line num="76" count="4" type="stmt"/>
        <line num="79" count="4" type="stmt"/>
        <line num="80" count="4" type="stmt"/>
        <line num="84" count="4" type="stmt"/>
        <line num="85" count="4" type="stmt"/>
        <line num="91" count="4" type="stmt"/>
        <line num="92" count="0" type="stmt"/>
        <line num="94" count="2" type="stmt"/>
        <line num="96" count="2" type="stmt"/>
        <line num="100" count="4" type="stmt"/>
        <line num="103" count="8" type="stmt"/>
        <line num="104" count="0" type="stmt"/>
        <line num="105" count="0" type="stmt"/>
        <line num="108" count="8" type="stmt"/>
        <line num="109" count="0" type="cond" truecount="0" falsecount="6"/>
        <line num="110" count="0" type="stmt"/>
        <line num="111" count="0" type="stmt"/>
        <line num="114" count="0" type="stmt"/>
        <line num="115" count="0" type="stmt"/>
        <line num="116" count="0" type="stmt"/>
        <line num="117" count="0" type="stmt"/>
        <line num="120" count="0" type="cond" truecount="0" falsecount="2"/>
        <line num="121" count="0" type="stmt"/>
        <line num="124" count="0" type="stmt"/>
        <line num="126" count="0" type="cond" truecount="0" falsecount="4"/>
        <line num="127" count="0" type="stmt"/>
        <line num="128" count="0" type="stmt"/>
        <line num="132" count="0" type="stmt"/>
        <line num="144" count="0" type="stmt"/>
        <line num="145" count="0" type="stmt"/>
        <line num="146" count="0" type="stmt"/>
        <line num="147" count="0" type="stmt"/>
        <line num="151" count="0" type="stmt"/>
        <line num="155" count="0" type="cond" truecount="0" falsecount="4"/>
        <line num="160" count="0" type="stmt"/>
        <line num="162" count="0" type="stmt"/>
        <line num="163" count="0" type="stmt"/>
        <line num="167" count="8" type="cond" truecount="2" falsecount="0"/>
        <line num="168" count="2" type="cond" truecount="1" falsecount="1"/>
        <line num="170" count="2" type="stmt"/>
        <line num="175" count="0" type="stmt"/>
        <line num="203" count="3" type="stmt"/>
        <line num="224" count="1" type="stmt"/>
        <line num="260" count="2" type="stmt"/>
        <line num="274" count="0" type="stmt"/>
        <line num="283" count="0" type="stmt"/>
        <line num="294" count="1" type="stmt"/>
      </file>
      <file name="Wallet.tsx" path="/Users/chowsowying/Desktop/Untitled/frontend/src/pages/student/Wallet.tsx">
        <metrics statements="99" coveredstatements="73" conditionals="74" coveredconditionals="53" methods="17" coveredmethods="13"/>
        <line num="15" count="1" type="stmt"/>
        <line num="16" count="39" type="stmt"/>
        <line num="17" count="39" type="stmt"/>
        <line num="18" count="39" type="stmt"/>
        <line num="20" count="39" type="stmt"/>
        <line num="21" count="39" type="stmt"/>
        <line num="22" count="39" type="stmt"/>
        <line num="25" count="39" type="stmt"/>
        <line num="26" count="39" type="stmt"/>
        <line num="29" count="39" type="stmt"/>
        <line num="30" count="39" type="stmt"/>
        <line num="31" count="39" type="stmt"/>
        <line num="32" count="39" type="stmt"/>
        <line num="37" count="39" type="stmt"/>
        <line num="38" count="11" type="cond" truecount="3" falsecount="1"/>
        <line num="39" count="0" type="stmt"/>
        <line num="40" count="0" type="stmt"/>
        <line num="41" count="0" type="stmt"/>
        <line num="44" count="11" type="stmt"/>
        <line num="45" count="11" type="stmt"/>
        <line num="50" count="10" type="cond" truecount="1" falsecount="1"/>
        <line num="51" count="9" type="cond" truecount="1" falsecount="1"/>
        <line num="52" count="9" type="cond" truecount="1" falsecount="1"/>
        <line num="54" count="2" type="cond" truecount="2" falsecount="0"/>
        <line num="55" count="2" type="stmt"/>
        <line num="57" count="11" type="stmt"/>
        <line num="64" count="39" type="stmt"/>
        <line num="65" count="1" type="cond" truecount="1" falsecount="1"/>
        <line num="66" count="1" type="cond" truecount="3" falsecount="1"/>
        <line num="67" count="0" type="stmt"/>
        <line num="68" count="0" type="stmt"/>
        <line num="69" count="0" type="stmt"/>
        <line num="72" count="1" type="stmt"/>
        <line num="73" count="1" type="stmt"/>
        <line num="74" count="1" type="cond" truecount="1" falsecount="1"/>
        <line num="75" count="0" type="stmt"/>
        <line num="77" count="1" type="stmt"/>
        <line num="80" count="0" type="cond" truecount="0" falsecount="2"/>
        <line num="81" count="0" type="stmt"/>
        <line num="83" count="1" type="stmt"/>
        <line num="84" count="1" type="stmt"/>
        <line num="91" count="39" type="stmt"/>
        <line num="92" count="5" type="cond" truecount="3" falsecount="1"/>
        <line num="93" count="0" type="stmt"/>
        <line num="94" count="0" type="stmt"/>
        <line num="95" count="0" type="stmt"/>
        <line num="97" count="5" type="stmt"/>
        <line num="103" count="39" type="stmt"/>
        <line num="104" count="4" type="cond" truecount="4" falsecount="0"/>
        <line num="105" count="1" type="stmt"/>
        <line num="106" count="1" type="stmt"/>
        <line num="109" count="3" type="cond" truecount="3" falsecount="1"/>
        <line num="110" count="0" type="stmt"/>
        <line num="111" count="0" type="stmt"/>
        <line num="112" count="0" type="stmt"/>
        <line num="115" count="3" type="stmt"/>
        <line num="116" count="3" type="stmt"/>
        <line num="117" count="3" type="cond" truecount="2" falsecount="0"/>
        <line num="119" count="1" type="stmt"/>
        <line num="120" count="1" type="stmt"/>
        <line num="121" count="1" type="stmt"/>
        <line num="124" count="2" type="stmt"/>
        <line num="125" count="1" type="cond" truecount="1" falsecount="1"/>
        <line num="126" count="1" type="stmt"/>
        <line num="128" count="2" type="stmt"/>
        <line num="129" count="2" type="stmt"/>
        <line num="131" count="1" type="cond" truecount="1" falsecount="1"/>
        <line num="132" count="1" type="stmt"/>
        <line num="134" count="3" type="stmt"/>
        <line num="141" count="39" type="stmt"/>
        <line num="142" count="39" type="stmt"/>
        <line num="144" count="39" type="cond" truecount="1" falsecount="1"/>
        <line num="145" count="39" type="stmt"/>
        <line num="146" count="0" type="cond" truecount="0" falsecount="2"/>
        <line num="147" count="0" type="stmt"/>
        <line num="150" count="39" type="cond" truecount="1" falsecount="1"/>
        <line num="151" count="39" type="stmt"/>
        <line num="152" count="39" type="stmt"/>
        <line num="159" count="39" type="stmt"/>
        <line num="160" count="10" type="stmt"/>
        <line num="167" count="39" type="stmt"/>
        <line num="168" count="2" type="cond" truecount="3" falsecount="1"/>
        <line num="169" count="0" type="stmt"/>
        <line num="170" count="0" type="stmt"/>
        <line num="172" count="2" type="stmt"/>
        <line num="173" count="2" type="stmt"/>
        <line num="179" count="39" type="stmt"/>
        <line num="187" count="0" type="stmt"/>
        <line num="210" count="2" type="stmt"/>
        <line num="215" count="0" type="stmt"/>
        <line num="229" count="0" type="stmt"/>
        <line num="230" count="0" type="stmt"/>
        <line num="231" count="0" type="stmt"/>
        <line num="264" count="1" type="stmt"/>
        <line num="311" count="1" type="stmt"/>
        <line num="312" count="1" type="stmt"/>
        <line num="335" count="4" type="stmt"/>
        <line num="351" count="0" type="stmt"/>
        <line num="352" count="0" type="stmt"/>
      </file>
      <file name="WalletCancelPage.tsx" path="/Users/chowsowying/Desktop/Untitled/frontend/src/pages/student/WalletCancelPage.tsx">
        <metrics statements="5" coveredstatements="5" conditionals="0" coveredconditionals="0" methods="3" coveredmethods="3"/>
        <line num="4" count="1" type="stmt"/>
        <line num="5" count="3" type="stmt"/>
        <line num="7" count="3" type="stmt"/>
        <line num="18" count="1" type="stmt"/>
        <line num="23" count="1" type="stmt"/>
      </file>
      <file name="WalletSuccessPage.tsx" path="/Users/chowsowying/Desktop/Untitled/frontend/src/pages/student/WalletSuccessPage.tsx">
        <metrics statements="33" coveredstatements="30" conditionals="15" coveredconditionals="14" methods="6" coveredmethods="6"/>
        <line num="8" count="1" type="stmt"/>
        <line num="9" count="10" type="stmt"/>
        <line num="10" count="10" type="stmt"/>
        <line num="11" count="10" type="stmt"/>
        <line num="13" count="10" type="stmt"/>
        <line num="14" count="9" type="stmt"/>
        <line num="16" count="9" type="stmt"/>
        <line num="17" count="9" type="stmt"/>
        <line num="19" count="9" type="stmt"/>
        <line num="20" count="9" type="stmt"/>
        <line num="21" count="9" type="cond" truecount="2" falsecount="0"/>
        <line num="22" count="5" type="stmt"/>
        <line num="24" count="5" type="stmt"/>
        <line num="25" count="5" type="cond" truecount="2" falsecount="0"/>
        <line num="26" count="1" type="stmt"/>
        <line num="27" count="1" type="stmt"/>
        <line num="28" count="1" type="stmt"/>
        <line num="31" count="4" type="cond" truecount="4" falsecount="1"/>
        <line num="32" count="0" type="stmt"/>
        <line num="33" count="0" type="stmt"/>
        <line num="34" count="0" type="stmt"/>
        <line num="37" count="4" type="stmt"/>
        <line num="38" count="4" type="stmt"/>
        <line num="39" count="2" type="stmt"/>
        <line num="40" count="2" type="stmt"/>
        <line num="41" count="2" type="stmt"/>
        <line num="44" count="2" type="stmt"/>
        <line num="46" count="2" type="stmt"/>
        <line num="47" count="2" type="stmt"/>
        <line num="48" count="2" type="stmt"/>
        <line num="52" count="9" type="stmt"/>
        <line num="55" count="9" type="stmt"/>
        <line num="84" count="1" type="stmt"/>
      </file>
    </package>
    <package name="redux">
      <metrics statements="16" coveredstatements="12" conditionals="0" coveredconditionals="0" methods="4" coveredmethods="0"/>
      <file name="loaderSlice.ts" path="/Users/chowsowying/Desktop/Untitled/frontend/src/redux/loaderSlice.ts">
        <metrics statements="4" coveredstatements="3" conditionals="0" coveredconditionals="0" methods="1" coveredmethods="0"/>
        <line num="7" count="9" type="stmt"/>
        <line num="11" count="9" type="stmt"/>
        <line num="16" count="0" type="stmt"/>
        <line num="21" count="9" type="stmt"/>
      </file>
      <file name="store.ts" path="/Users/chowsowying/Desktop/Untitled/frontend/src/redux/store.ts">
        <metrics statements="3" coveredstatements="3" conditionals="0" coveredconditionals="0" methods="0" coveredmethods="0"/>
        <line num="8" count="7" type="stmt"/>
        <line num="16" count="7" type="stmt"/>
        <line num="17" count="7" type="stmt"/>
      </file>
      <file name="tutorSlice.ts" path="/Users/chowsowying/Desktop/Untitled/frontend/src/redux/tutorSlice.ts">
        <metrics statements="5" coveredstatements="3" conditionals="0" coveredconditionals="0" methods="2" coveredmethods="0"/>
        <line num="8" count="7" type="stmt"/>
        <line num="12" count="7" type="stmt"/>
        <line num="17" count="0" type="stmt"/>
        <line num="20" count="0" type="stmt"/>
        <line num="25" count="7" type="stmt"/>
      </file>
      <file name="userSlice.ts" path="/Users/chowsowying/Desktop/Untitled/frontend/src/redux/userSlice.ts">
        <metrics statements="4" coveredstatements="3" conditionals="0" coveredconditionals="0" methods="1" coveredmethods="0"/>
        <line num="24" count="7" type="stmt"/>
        <line num="28" count="7" type="stmt"/>
        <line num="33" count="0" type="stmt"/>
        <line num="38" count="7" type="stmt"/>
      </file>
    </package>
  </project>
</coverage>
