{"/Users/chowsowying/Desktop/Untitled/frontend/src/components/AvailabilityCalendar.tsx": {"path":"/Users/chowsowying/Desktop/Untitled/frontend/src/components/AvailabilityCalendar.tsx","statementMap":{"0":{"start":{"line":27,"column":29},"end":{"line":220,"column":1}},"1":{"start":{"line":35,"column":38},"end":{"line":39,"column":4}},"2":{"start":{"line":36,"column":4},"end":{"line":36,"column":94}},"3":{"start":{"line":36,"column":22},"end":{"line":36,"column":94}},"4":{"start":{"line":37,"column":18},"end":{"line":37,"column":28}},"5":{"start":{"line":38,"column":4},"end":{"line":38,"column":62}},"6":{"start":{"line":41,"column":36},"end":{"line":41,"column":51}},"7":{"start":{"line":43,"column":2},"end":{"line":46,"column":19}},"8":{"start":{"line":44,"column":4},"end":{"line":44,"column":23}},"9":{"start":{"line":45,"column":4},"end":{"line":45,"column":32}},"10":{"start":{"line":48,"column":2},"end":{"line":52,"column":20}},"11":{"start":{"line":49,"column":4},"end":{"line":51,"column":5}},"12":{"start":{"line":50,"column":6},"end":{"line":50,"column":26}},"13":{"start":{"line":55,"column":21},"end":{"line":58,"column":24}},"14":{"start":{"line":56,"column":4},"end":{"line":58,"column":24}},"15":{"start":{"line":60,"column":25},"end":{"line":62,"column":3}},"16":{"start":{"line":61,"column":30},"end":{"line":61,"column":54}},"17":{"start":{"line":61,"column":67},"end":{"line":61,"column":95}},"18":{"start":{"line":64,"column":26},"end":{"line":66,"column":3}},"19":{"start":{"line":65,"column":30},"end":{"line":65,"column":52}},"20":{"start":{"line":65,"column":65},"end":{"line":65,"column":93}},"21":{"start":{"line":68,"column":25},"end":{"line":70,"column":3}},"22":{"start":{"line":69,"column":30},"end":{"line":69,"column":52}},"23":{"start":{"line":69,"column":65},"end":{"line":69,"column":93}},"24":{"start":{"line":72,"column":29},"end":{"line":76,"column":3}},"25":{"start":{"line":74,"column":21},"end":{"line":74,"column":56}},"26":{"start":{"line":75,"column":18},"end":{"line":75,"column":46}},"27":{"start":{"line":78,"column":21},"end":{"line":82,"column":3}},"28":{"start":{"line":79,"column":18},"end":{"line":79,"column":28}},"29":{"start":{"line":80,"column":4},"end":{"line":80,"column":31}},"30":{"start":{"line":81,"column":4},"end":{"line":81,"column":24}},"31":{"start":{"line":84,"column":24},"end":{"line":94,"column":3}},"32":{"start":{"line":85,"column":26},"end":{"line":85,"column":28}},"33":{"start":{"line":86,"column":17},"end":{"line":86,"column":36}},"34":{"start":{"line":87,"column":18},"end":{"line":87,"column":34}},"35":{"start":{"line":88,"column":21},"end":{"line":88,"column":45}},"36":{"start":{"line":89,"column":20},"end":{"line":89,"column":48}},"37":{"start":{"line":90,"column":4},"end":{"line":92,"column":5}},"38":{"start":{"line":90,"column":17},"end":{"line":90,"column":35}},"39":{"start":{"line":91,"column":6},"end":{"line":91,"column":43}},"40":{"start":{"line":93,"column":4},"end":{"line":93,"column":17}},"41":{"start":{"line":96,"column":22},"end":{"line":97,"column":81}},"42":{"start":{"line":97,"column":4},"end":{"line":97,"column":81}},"43":{"start":{"line":97,"column":28},"end":{"line":97,"column":80}},"44":{"start":{"line":98,"column":22},"end":{"line":99,"column":81}},"45":{"start":{"line":99,"column":4},"end":{"line":99,"column":81}},"46":{"start":{"line":99,"column":28},"end":{"line":99,"column":80}},"47":{"start":{"line":101,"column":21},"end":{"line":101,"column":46}},"48":{"start":{"line":102,"column":19},"end":{"line":102,"column":68}},"49":{"start":{"line":104,"column":24},"end":{"line":116,"column":3}},"50":{"start":{"line":105,"column":4},"end":{"line":105,"column":36}},"51":{"start":{"line":105,"column":18},"end":{"line":105,"column":36}},"52":{"start":{"line":106,"column":22},"end":{"line":106,"column":38}},"53":{"start":{"line":108,"column":4},"end":{"line":108,"column":55}},"54":{"start":{"line":108,"column":39},"end":{"line":108,"column":55}},"55":{"start":{"line":109,"column":4},"end":{"line":109,"column":57}},"56":{"start":{"line":109,"column":40},"end":{"line":109,"column":57}},"57":{"start":{"line":110,"column":4},"end":{"line":110,"column":56}},"58":{"start":{"line":110,"column":39},"end":{"line":110,"column":56}},"59":{"start":{"line":111,"column":4},"end":{"line":111,"column":73}},"60":{"start":{"line":111,"column":43},"end":{"line":111,"column":73}},"61":{"start":{"line":113,"column":4},"end":{"line":113,"column":43}},"62":{"start":{"line":113,"column":26},"end":{"line":113,"column":43}},"63":{"start":{"line":115,"column":4},"end":{"line":115,"column":23}},"64":{"start":{"line":118,"column":25},"end":{"line":126,"column":3}},"65":{"start":{"line":128,"column":23},"end":{"line":136,"column":3}},"66":{"start":{"line":138,"column":20},"end":{"line":138,"column":92}},"67":{"start":{"line":140,"column":2},"end":{"line":219,"column":4}},"68":{"start":{"line":161,"column":14},"end":{"line":161,"column":40}},"69":{"start":{"line":170,"column":16},"end":{"line":170,"column":64}},"70":{"start":{"line":174,"column":29},"end":{"line":174,"column":85}},"71":{"start":{"line":175,"column":27},"end":{"line":175,"column":49}},"72":{"start":{"line":176,"column":30},"end":{"line":176,"column":52}},"73":{"start":{"line":177,"column":36},"end":{"line":177,"column":64}},"74":{"start":{"line":180,"column":16},"end":{"line":180,"column":96}},"75":{"start":{"line":182,"column":38},"end":{"line":185,"column":18}},"76":{"start":{"line":187,"column":14},"end":{"line":213,"column":16}},"77":{"start":{"line":192,"column":20},"end":{"line":192,"column":49}},"78":{"start":{"line":192,"column":42},"end":{"line":192,"column":49}},"79":{"start":{"line":193,"column":20},"end":{"line":193,"column":47}},"80":{"start":{"line":193,"column":40},"end":{"line":193,"column":47}},"81":{"start":{"line":194,"column":20},"end":{"line":199,"column":21}},"82":{"start":{"line":198,"column":22},"end":{"line":198,"column":48}}},"fnMap":{"0":{"name":"(anonymous_0)","decl":{"start":{"line":27,"column":29},"end":{"line":27,"column":30}},"loc":{"start":{"line":34,"column":33},"end":{"line":220,"column":1}},"line":34},"1":{"name":"(anonymous_1)","decl":{"start":{"line":35,"column":53},"end":{"line":35,"column":54}},"loc":{"start":{"line":35,"column":59},"end":{"line":39,"column":3}},"line":35},"2":{"name":"(anonymous_2)","decl":{"start":{"line":43,"column":12},"end":{"line":43,"column":13}},"loc":{"start":{"line":43,"column":18},"end":{"line":46,"column":3}},"line":43},"3":{"name":"(anonymous_3)","decl":{"start":{"line":48,"column":12},"end":{"line":48,"column":13}},"loc":{"start":{"line":48,"column":18},"end":{"line":52,"column":3}},"line":48},"4":{"name":"(anonymous_4)","decl":{"start":{"line":55,"column":21},"end":{"line":55,"column":22}},"loc":{"start":{"line":56,"column":4},"end":{"line":58,"column":24}},"line":56},"5":{"name":"(anonymous_5)","decl":{"start":{"line":61,"column":23},"end":{"line":61,"column":24}},"loc":{"start":{"line":61,"column":30},"end":{"line":61,"column":54}},"line":61},"6":{"name":"(anonymous_6)","decl":{"start":{"line":61,"column":60},"end":{"line":61,"column":61}},"loc":{"start":{"line":61,"column":67},"end":{"line":61,"column":95}},"line":61},"7":{"name":"(anonymous_7)","decl":{"start":{"line":65,"column":23},"end":{"line":65,"column":24}},"loc":{"start":{"line":65,"column":30},"end":{"line":65,"column":52}},"line":65},"8":{"name":"(anonymous_8)","decl":{"start":{"line":65,"column":58},"end":{"line":65,"column":59}},"loc":{"start":{"line":65,"column":65},"end":{"line":65,"column":93}},"line":65},"9":{"name":"(anonymous_9)","decl":{"start":{"line":69,"column":23},"end":{"line":69,"column":24}},"loc":{"start":{"line":69,"column":30},"end":{"line":69,"column":52}},"line":69},"10":{"name":"(anonymous_10)","decl":{"start":{"line":69,"column":58},"end":{"line":69,"column":59}},"loc":{"start":{"line":69,"column":65},"end":{"line":69,"column":93}},"line":69},"11":{"name":"(anonymous_11)","decl":{"start":{"line":74,"column":14},"end":{"line":74,"column":15}},"loc":{"start":{"line":74,"column":21},"end":{"line":74,"column":56}},"line":74},"12":{"name":"(anonymous_12)","decl":{"start":{"line":75,"column":11},"end":{"line":75,"column":12}},"loc":{"start":{"line":75,"column":18},"end":{"line":75,"column":46}},"line":75},"13":{"name":"(anonymous_13)","decl":{"start":{"line":78,"column":21},"end":{"line":78,"column":22}},"loc":{"start":{"line":78,"column":37},"end":{"line":82,"column":3}},"line":78},"14":{"name":"(anonymous_14)","decl":{"start":{"line":84,"column":24},"end":{"line":84,"column":25}},"loc":{"start":{"line":84,"column":41},"end":{"line":94,"column":3}},"line":84},"15":{"name":"(anonymous_15)","decl":{"start":{"line":96,"column":22},"end":{"line":96,"column":23}},"loc":{"start":{"line":97,"column":4},"end":{"line":97,"column":81}},"line":97},"16":{"name":"(anonymous_16)","decl":{"start":{"line":97,"column":18},"end":{"line":97,"column":19}},"loc":{"start":{"line":97,"column":28},"end":{"line":97,"column":80}},"line":97},"17":{"name":"(anonymous_17)","decl":{"start":{"line":98,"column":22},"end":{"line":98,"column":23}},"loc":{"start":{"line":99,"column":4},"end":{"line":99,"column":81}},"line":99},"18":{"name":"(anonymous_18)","decl":{"start":{"line":99,"column":18},"end":{"line":99,"column":19}},"loc":{"start":{"line":99,"column":28},"end":{"line":99,"column":80}},"line":99},"19":{"name":"(anonymous_19)","decl":{"start":{"line":104,"column":24},"end":{"line":104,"column":25}},"loc":{"start":{"line":104,"column":70},"end":{"line":116,"column":3}},"line":104},"20":{"name":"(anonymous_20)","decl":{"start":{"line":160,"column":26},"end":{"line":160,"column":27}},"loc":{"start":{"line":161,"column":14},"end":{"line":161,"column":40}},"line":161},"21":{"name":"(anonymous_21)","decl":{"start":{"line":169,"column":19},"end":{"line":169,"column":20}},"loc":{"start":{"line":170,"column":16},"end":{"line":170,"column":64}},"line":170},"22":{"name":"(anonymous_22)","decl":{"start":{"line":173,"column":28},"end":{"line":173,"column":29}},"loc":{"start":{"line":173,"column":38},"end":{"line":214,"column":13}},"line":173},"23":{"name":"(anonymous_23)","decl":{"start":{"line":191,"column":27},"end":{"line":191,"column":28}},"loc":{"start":{"line":191,"column":33},"end":{"line":200,"column":19}},"line":191}},"branchMap":{"0":{"loc":{"start":{"line":30,"column":2},"end":{"line":30,"column":18}},"type":"default-arg","locations":[{"start":{"line":30,"column":16},"end":{"line":30,"column":18}}],"line":30},"1":{"loc":{"start":{"line":36,"column":4},"end":{"line":36,"column":94}},"type":"if","locations":[{"start":{"line":36,"column":4},"end":{"line":36,"column":94}},{"start":{},"end":{}}],"line":36},"2":{"loc":{"start":{"line":49,"column":4},"end":{"line":51,"column":5}},"type":"if","locations":[{"start":{"line":49,"column":4},"end":{"line":51,"column":5}},{"start":{},"end":{}}],"line":49},"3":{"loc":{"start":{"line":49,"column":8},"end":{"line":49,"column":46}},"type":"binary-expr","locations":[{"start":{"line":49,"column":8},"end":{"line":49,"column":19}},{"start":{"line":49,"column":23},"end":{"line":49,"column":46}}],"line":49},"4":{"loc":{"start":{"line":105,"column":4},"end":{"line":105,"column":36}},"type":"if","locations":[{"start":{"line":105,"column":4},"end":{"line":105,"column":36}},{"start":{},"end":{}}],"line":105},"5":{"loc":{"start":{"line":108,"column":4},"end":{"line":108,"column":55}},"type":"if","locations":[{"start":{"line":108,"column":4},"end":{"line":108,"column":55}},{"start":{},"end":{}}],"line":108},"6":{"loc":{"start":{"line":109,"column":4},"end":{"line":109,"column":57}},"type":"if","locations":[{"start":{"line":109,"column":4},"end":{"line":109,"column":57}},{"start":{},"end":{}}],"line":109},"7":{"loc":{"start":{"line":110,"column":4},"end":{"line":110,"column":56}},"type":"if","locations":[{"start":{"line":110,"column":4},"end":{"line":110,"column":56}},{"start":{},"end":{}}],"line":110},"8":{"loc":{"start":{"line":111,"column":4},"end":{"line":111,"column":73}},"type":"if","locations":[{"start":{"line":111,"column":4},"end":{"line":111,"column":73}},{"start":{},"end":{}}],"line":111},"9":{"loc":{"start":{"line":113,"column":4},"end":{"line":113,"column":43}},"type":"if","locations":[{"start":{"line":113,"column":4},"end":{"line":113,"column":43}},{"start":{},"end":{}}],"line":113},"10":{"loc":{"start":{"line":152,"column":7},"end":{"line":217,"column":7}},"type":"cond-expr","locations":[{"start":{"line":153,"column":8},"end":{"line":155,"column":14}},{"start":{"line":157,"column":8},"end":{"line":216,"column":11}}],"line":152},"11":{"loc":{"start":{"line":176,"column":30},"end":{"line":176,"column":52}},"type":"binary-expr","locations":[{"start":{"line":176,"column":30},"end":{"line":176,"column":43}},{"start":{"line":176,"column":47},"end":{"line":176,"column":52}}],"line":176},"12":{"loc":{"start":{"line":180,"column":16},"end":{"line":180,"column":96}},"type":"cond-expr","locations":[{"start":{"line":180,"column":37},"end":{"line":180,"column":66}},{"start":{"line":180,"column":69},"end":{"line":180,"column":96}}],"line":180},"13":{"loc":{"start":{"line":182,"column":55},"end":{"line":184,"column":22}},"type":"cond-expr","locations":[{"start":{"line":183,"column":20},"end":{"line":183,"column":88}},{"start":{"line":184,"column":20},"end":{"line":184,"column":22}}],"line":182},"14":{"loc":{"start":{"line":192,"column":20},"end":{"line":192,"column":49}},"type":"if","locations":[{"start":{"line":192,"column":20},"end":{"line":192,"column":49}},{"start":{},"end":{}}],"line":192},"15":{"loc":{"start":{"line":193,"column":20},"end":{"line":193,"column":47}},"type":"if","locations":[{"start":{"line":193,"column":20},"end":{"line":193,"column":47}},{"start":{},"end":{}}],"line":193},"16":{"loc":{"start":{"line":194,"column":20},"end":{"line":199,"column":21}},"type":"if","locations":[{"start":{"line":194,"column":20},"end":{"line":199,"column":21}},{"start":{},"end":{}}],"line":194},"17":{"loc":{"start":{"line":195,"column":22},"end":{"line":196,"column":62}},"type":"binary-expr","locations":[{"start":{"line":195,"column":22},"end":{"line":195,"column":48}},{"start":{"line":196,"column":22},"end":{"line":196,"column":62}}],"line":195},"18":{"loc":{"start":{"line":202,"column":19},"end":{"line":202,"column":86}},"type":"binary-expr","locations":[{"start":{"line":202,"column":19},"end":{"line":202,"column":45}},{"start":{"line":202,"column":49},"end":{"line":202,"column":86}}],"line":202},"19":{"loc":{"start":{"line":203,"column":19},"end":{"line":203,"column":88}},"type":"binary-expr","locations":[{"start":{"line":203,"column":19},"end":{"line":203,"column":46}},{"start":{"line":203,"column":50},"end":{"line":203,"column":88}}],"line":203},"20":{"loc":{"start":{"line":204,"column":19},"end":{"line":204,"column":88}},"type":"binary-expr","locations":[{"start":{"line":204,"column":19},"end":{"line":204,"column":46}},{"start":{"line":204,"column":50},"end":{"line":204,"column":88}}],"line":204},"21":{"loc":{"start":{"line":205,"column":19},"end":{"line":207,"column":19}},"type":"binary-expr","locations":[{"start":{"line":205,"column":19},"end":{"line":205,"column":59}},{"start":{"line":206,"column":20},"end":{"line":206,"column":71}}],"line":205},"22":{"loc":{"start":{"line":208,"column":19},"end":{"line":210,"column":19}},"type":"binary-expr","locations":[{"start":{"line":208,"column":19},"end":{"line":208,"column":48}},{"start":{"line":208,"column":52},"end":{"line":208,"column":59}},{"start":{"line":209,"column":20},"end":{"line":209,"column":82}}],"line":208},"23":{"loc":{"start":{"line":211,"column":19},"end":{"line":211,"column":88}},"type":"binary-expr","locations":[{"start":{"line":211,"column":19},"end":{"line":211,"column":46}},{"start":{"line":211,"column":50},"end":{"line":211,"column":88}}],"line":211}},"s":{"0":1,"1":10,"2":4,"3":0,"4":4,"5":4,"6":10,"7":10,"8":5,"9":5,"10":10,"11":5,"12":5,"13":10,"14":212,"15":10,"16":0,"17":0,"18":10,"19":0,"20":0,"21":10,"22":0,"23":0,"24":10,"25":0,"26":0,"27":10,"28":515,"29":515,"30":515,"31":10,"32":10,"33":10,"34":10,"35":10,"36":10,"37":10,"38":10,"39":302,"40":10,"41":10,"42":0,"43":0,"44":10,"45":1,"46":1,"47":10,"48":10,"49":10,"50":302,"51":90,"52":212,"53":212,"54":0,"55":212,"56":0,"57":212,"58":0,"59":212,"60":0,"61":212,"62":0,"63":212,"64":10,"65":10,"66":10,"67":10,"68":70,"69":50,"70":302,"71":302,"72":302,"73":302,"74":302,"75":302,"76":302,"77":1,"78":0,"79":1,"80":0,"81":1,"82":1},"f":{"0":10,"1":4,"2":5,"3":5,"4":212,"5":0,"6":0,"7":0,"8":0,"9":0,"10":0,"11":0,"12":0,"13":515,"14":10,"15":0,"16":0,"17":1,"18":1,"19":302,"20":70,"21":50,"22":302,"23":1},"b":{"0":[4],"1":[0,4],"2":[5,0],"3":[5,5],"4":[90,212],"5":[0,212],"6":[0,212],"7":[0,212],"8":[0,212],"9":[0,212],"10":[0,10],"11":[302,0],"12":[242,60],"13":[0,302],"14":[0,1],"15":[0,1],"16":[1,0],"17":[1,1],"18":[302,0],"19":[302,0],"20":[302,0],"21":[302,0],"22":[302,212,212],"23":[302,0]},"_coverageSchema":"1a1c01bbd47fc00a2c39e90264f33305004495a9","hash":"1cd3fa17ff3cb21eacc84083470f60e5ccb70670"}
,"/Users/chowsowying/Desktop/Untitled/frontend/src/components/AvailabilityPicker.tsx": {"path":"/Users/chowsowying/Desktop/Untitled/frontend/src/components/AvailabilityPicker.tsx","statementMap":{"0":{"start":{"line":3,"column":27},"end":{"line":75,"column":1}},"1":{"start":{"line":4,"column":21},"end":{"line":4,"column":70}},"2":{"start":{"line":6,"column":42},"end":{"line":12,"column":3}},"3":{"start":{"line":9,"column":8},"end":{"line":9,"column":68}},"4":{"start":{"line":10,"column":8},"end":{"line":10,"column":19}},"5":{"start":{"line":14,"column":2},"end":{"line":18,"column":21}},"6":{"start":{"line":15,"column":4},"end":{"line":17,"column":5}},"7":{"start":{"line":16,"column":6},"end":{"line":16,"column":29}},"8":{"start":{"line":20,"column":2},"end":{"line":24,"column":14}},"9":{"start":{"line":21,"column":4},"end":{"line":23,"column":5}},"10":{"start":{"line":22,"column":6},"end":{"line":22,"column":29}},"11":{"start":{"line":26,"column":35},"end":{"line":35,"column":3}},"12":{"start":{"line":31,"column":4},"end":{"line":34,"column":8}},"13":{"start":{"line":31,"column":31},"end":{"line":34,"column":5}},"14":{"start":{"line":37,"column":2},"end":{"line":74,"column":4}},"15":{"start":{"line":41,"column":10},"end":{"line":70,"column":16}},"16":{"start":{"line":46,"column":16},"end":{"line":46,"column":74}},"17":{"start":{"line":56,"column":16},"end":{"line":56,"column":70}},"18":{"start":{"line":66,"column":16},"end":{"line":66,"column":68}}},"fnMap":{"0":{"name":"(anonymous_0)","decl":{"start":{"line":3,"column":27},"end":{"line":3,"column":28}},"loc":{"start":{"line":3,"column":77},"end":{"line":75,"column":1}},"line":3},"1":{"name":"(anonymous_1)","decl":{"start":{"line":8,"column":24},"end":{"line":8,"column":25}},"loc":{"start":{"line":8,"column":38},"end":{"line":11,"column":7}},"line":8},"2":{"name":"(anonymous_2)","decl":{"start":{"line":14,"column":12},"end":{"line":14,"column":13}},"loc":{"start":{"line":14,"column":18},"end":{"line":18,"column":3}},"line":14},"3":{"name":"(anonymous_3)","decl":{"start":{"line":20,"column":12},"end":{"line":20,"column":13}},"loc":{"start":{"line":20,"column":18},"end":{"line":24,"column":3}},"line":20},"4":{"name":"(anonymous_4)","decl":{"start":{"line":26,"column":35},"end":{"line":26,"column":36}},"loc":{"start":{"line":30,"column":7},"end":{"line":35,"column":3}},"line":30},"5":{"name":"(anonymous_5)","decl":{"start":{"line":31,"column":20},"end":{"line":31,"column":21}},"loc":{"start":{"line":31,"column":31},"end":{"line":34,"column":5}},"line":31},"6":{"name":"(anonymous_6)","decl":{"start":{"line":40,"column":24},"end":{"line":40,"column":25}},"loc":{"start":{"line":41,"column":10},"end":{"line":70,"column":16}},"line":41},"7":{"name":"(anonymous_7)","decl":{"start":{"line":45,"column":24},"end":{"line":45,"column":25}},"loc":{"start":{"line":46,"column":16},"end":{"line":46,"column":74}},"line":46},"8":{"name":"(anonymous_8)","decl":{"start":{"line":55,"column":24},"end":{"line":55,"column":25}},"loc":{"start":{"line":56,"column":16},"end":{"line":56,"column":70}},"line":56},"9":{"name":"(anonymous_9)","decl":{"start":{"line":65,"column":24},"end":{"line":65,"column":25}},"loc":{"start":{"line":66,"column":16},"end":{"line":66,"column":68}},"line":66}},"branchMap":{"0":{"loc":{"start":{"line":7,"column":4},"end":{"line":11,"column":31}},"type":"binary-expr","locations":[{"start":{"line":7,"column":4},"end":{"line":7,"column":9}},{"start":{"line":8,"column":6},"end":{"line":11,"column":31}}],"line":7},"1":{"loc":{"start":{"line":15,"column":4},"end":{"line":17,"column":5}},"type":"if","locations":[{"start":{"line":15,"column":4},"end":{"line":17,"column":5}},{"start":{},"end":{}}],"line":15},"2":{"loc":{"start":{"line":21,"column":4},"end":{"line":23,"column":5}},"type":"if","locations":[{"start":{"line":21,"column":4},"end":{"line":23,"column":5}},{"start":{},"end":{}}],"line":21}},"s":{"0":1,"1":19,"2":19,"3":7,"4":7,"5":19,"6":14,"7":14,"8":19,"9":8,"10":7,"11":19,"12":6,"13":6,"14":19,"15":133,"16":4,"17":1,"18":1},"f":{"0":19,"1":7,"2":14,"3":8,"4":6,"5":6,"6":133,"7":4,"8":1,"9":1},"b":{"0":[19,1],"1":[14,0],"2":[7,1]},"_coverageSchema":"1a1c01bbd47fc00a2c39e90264f33305004495a9","hash":"a92a2f510da5c07b355c3a2c5e5611bf9a00969c"}
,"/Users/chowsowying/Desktop/Untitled/frontend/src/components/BookingCard.tsx": {"path":"/Users/chowsowying/Desktop/Untitled/frontend/src/components/BookingCard.tsx","statementMap":{"0":{"start":{"line":22,"column":48},"end":{"line":141,"column":1}},"1":{"start":{"line":38,"column":36},"end":{"line":38,"column":51}},"2":{"start":{"line":40,"column":22},"end":{"line":45,"column":12}},"3":{"start":{"line":47,"column":28},"end":{"line":50,"column":3}},"4":{"start":{"line":48,"column":4},"end":{"line":48,"column":24}},"5":{"start":{"line":49,"column":4},"end":{"line":49,"column":31}},"6":{"start":{"line":49,"column":18},"end":{"line":49,"column":31}},"7":{"start":{"line":53,"column":28},"end":{"line":53,"column":79}},"8":{"start":{"line":54,"column":32},"end":{"line":54,"column":37}},"9":{"start":{"line":56,"column":16},"end":{"line":56,"column":76}},"10":{"start":{"line":57,"column":14},"end":{"line":57,"column":38}},"11":{"start":{"line":58,"column":18},"end":{"line":61,"column":4}},"12":{"start":{"line":63,"column":2},"end":{"line":140,"column":4}},"13":{"start":{"line":65,"column":21},"end":{"line":65,"column":43}},"14":{"start":{"line":66,"column":26},"end":{"line":66,"column":62}},"15":{"start":{"line":67,"column":26},"end":{"line":67,"column":63}},"16":{"start":{"line":94,"column":20},"end":{"line":94,"column":40}},"17":{"start":{"line":95,"column":20},"end":{"line":95,"column":47}},"18":{"start":{"line":95,"column":34},"end":{"line":95,"column":47}},"19":{"start":{"line":109,"column":31},"end":{"line":109,"column":75}},"20":{"start":{"line":131,"column":12},"end":{"line":131,"column":32}},"21":{"start":{"line":132,"column":12},"end":{"line":132,"column":67}},"22":{"start":{"line":132,"column":41},"end":{"line":132,"column":67}}},"fnMap":{"0":{"name":"(anonymous_0)","decl":{"start":{"line":22,"column":48},"end":{"line":22,"column":49}},"loc":{"start":{"line":37,"column":6},"end":{"line":141,"column":1}},"line":37},"1":{"name":"(anonymous_1)","decl":{"start":{"line":47,"column":28},"end":{"line":47,"column":29}},"loc":{"start":{"line":47,"column":53},"end":{"line":50,"column":3}},"line":47},"2":{"name":"(anonymous_2)","decl":{"start":{"line":65,"column":15},"end":{"line":65,"column":16}},"loc":{"start":{"line":65,"column":21},"end":{"line":65,"column":43}},"line":65},"3":{"name":"(anonymous_3)","decl":{"start":{"line":66,"column":20},"end":{"line":66,"column":21}},"loc":{"start":{"line":66,"column":26},"end":{"line":66,"column":62}},"line":66},"4":{"name":"(anonymous_4)","decl":{"start":{"line":67,"column":20},"end":{"line":67,"column":21}},"loc":{"start":{"line":67,"column":26},"end":{"line":67,"column":63}},"line":67},"5":{"name":"(anonymous_5)","decl":{"start":{"line":93,"column":27},"end":{"line":93,"column":28}},"loc":{"start":{"line":93,"column":34},"end":{"line":96,"column":19}},"line":93},"6":{"name":"(anonymous_6)","decl":{"start":{"line":109,"column":23},"end":{"line":109,"column":24}},"loc":{"start":{"line":109,"column":31},"end":{"line":109,"column":75}},"line":109},"7":{"name":"(anonymous_7)","decl":{"start":{"line":130,"column":19},"end":{"line":130,"column":20}},"loc":{"start":{"line":130,"column":26},"end":{"line":133,"column":11}},"line":130}},"branchMap":{"0":{"loc":{"start":{"line":31,"column":2},"end":{"line":31,"column":23}},"type":"default-arg","locations":[{"start":{"line":31,"column":18},"end":{"line":31,"column":23}}],"line":31},"1":{"loc":{"start":{"line":32,"column":2},"end":{"line":32,"column":21}},"type":"default-arg","locations":[{"start":{"line":32,"column":16},"end":{"line":32,"column":21}}],"line":32},"2":{"loc":{"start":{"line":49,"column":4},"end":{"line":49,"column":31}},"type":"if","locations":[{"start":{"line":49,"column":4},"end":{"line":49,"column":31}},{"start":{},"end":{}}],"line":49},"3":{"loc":{"start":{"line":53,"column":28},"end":{"line":53,"column":79}},"type":"binary-expr","locations":[{"start":{"line":53,"column":28},"end":{"line":53,"column":42}},{"start":{"line":53,"column":46},"end":{"line":53,"column":66}},{"start":{"line":53,"column":70},"end":{"line":53,"column":79}}],"line":53},"4":{"loc":{"start":{"line":65,"column":21},"end":{"line":65,"column":43}},"type":"binary-expr","locations":[{"start":{"line":65,"column":21},"end":{"line":65,"column":28}},{"start":{"line":65,"column":32},"end":{"line":65,"column":43}}],"line":65},"5":{"loc":{"start":{"line":66,"column":26},"end":{"line":66,"column":62}},"type":"binary-expr","locations":[{"start":{"line":66,"column":26},"end":{"line":66,"column":40}},{"start":{"line":66,"column":44},"end":{"line":66,"column":62}}],"line":66},"6":{"loc":{"start":{"line":67,"column":26},"end":{"line":67,"column":63}},"type":"binary-expr","locations":[{"start":{"line":67,"column":26},"end":{"line":67,"column":40}},{"start":{"line":67,"column":44},"end":{"line":67,"column":63}}],"line":67},"7":{"loc":{"start":{"line":68,"column":86},"end":{"line":68,"column":147}},"type":"cond-expr","locations":[{"start":{"line":68,"column":106},"end":{"line":68,"column":118}},{"start":{"line":68,"column":121},"end":{"line":68,"column":147}}],"line":68},"8":{"loc":{"start":{"line":88,"column":9},"end":{"line":114,"column":9}},"type":"binary-expr","locations":[{"start":{"line":88,"column":9},"end":{"line":88,"column":21}},{"start":{"line":89,"column":10},"end":{"line":113,"column":16}}],"line":88},"9":{"loc":{"start":{"line":90,"column":13},"end":{"line":112,"column":13}},"type":"cond-expr","locations":[{"start":{"line":91,"column":14},"end":{"line":102,"column":15}},{"start":{"line":104,"column":14},"end":{"line":111,"column":21}}],"line":90},"10":{"loc":{"start":{"line":91,"column":14},"end":{"line":102,"column":15}},"type":"cond-expr","locations":[{"start":{"line":92,"column":16},"end":{"line":99,"column":25}},{"start":{"line":101,"column":16},"end":{"line":101,"column":71}}],"line":91},"11":{"loc":{"start":{"line":95,"column":20},"end":{"line":95,"column":47}},"type":"if","locations":[{"start":{"line":95,"column":20},"end":{"line":95,"column":47}},{"start":{},"end":{}}],"line":95},"12":{"loc":{"start":{"line":118,"column":7},"end":{"line":125,"column":7}},"type":"binary-expr","locations":[{"start":{"line":118,"column":7},"end":{"line":118,"column":24}},{"start":{"line":119,"column":8},"end":{"line":124,"column":17}}],"line":118},"13":{"loc":{"start":{"line":128,"column":7},"end":{"line":138,"column":7}},"type":"binary-expr","locations":[{"start":{"line":128,"column":7},"end":{"line":128,"column":28}},{"start":{"line":129,"column":8},"end":{"line":137,"column":17}}],"line":128},"14":{"loc":{"start":{"line":132,"column":12},"end":{"line":132,"column":67}},"type":"if","locations":[{"start":{"line":132,"column":12},"end":{"line":132,"column":67}},{"start":{},"end":{}}],"line":132},"15":{"loc":{"start":{"line":132,"column":16},"end":{"line":132,"column":39}},"type":"binary-expr","locations":[{"start":{"line":132,"column":16},"end":{"line":132,"column":28}},{"start":{"line":132,"column":32},"end":{"line":132,"column":39}}],"line":132}},"s":{"0":1,"1":13,"2":13,"3":13,"4":1,"5":1,"6":1,"7":13,"8":13,"9":13,"10":13,"11":13,"12":13,"13":1,"14":2,"15":1,"16":1,"17":1,"18":1,"19":9,"20":0,"21":0,"22":0},"f":{"0":13,"1":1,"2":1,"3":2,"4":1,"5":1,"6":9,"7":0},"b":{"0":[10],"1":[12],"2":[1,0],"3":[13,10,8],"4":[1,1],"5":[2,1],"6":[1,1],"7":[1,12],"8":[13,12],"9":[3,9],"10":[1,2],"11":[1,0],"12":[13,1],"13":[13,0],"14":[0,0],"15":[0,0]},"_coverageSchema":"1a1c01bbd47fc00a2c39e90264f33305004495a9","hash":"19e5b24f8245648569d8428bdbe5527671ba63e7"}
,"/Users/chowsowying/Desktop/Untitled/frontend/src/components/BookingModal.tsx": {"path":"/Users/chowsowying/Desktop/Untitled/frontend/src/components/BookingModal.tsx","statementMap":{"0":{"start":{"line":11,"column":50},"end":{"line":104,"column":1}},"1":{"start":{"line":18,"column":54},"end":{"line":18,"column":92}},"2":{"start":{"line":19,"column":44},"end":{"line":19,"column":73}},"3":{"start":{"line":20,"column":36},"end":{"line":20,"column":65}},"4":{"start":{"line":22,"column":2},"end":{"line":42,"column":25}},"5":{"start":{"line":23,"column":4},"end":{"line":41,"column":5}},"6":{"start":{"line":24,"column":24},"end":{"line":24,"column":68}},"7":{"start":{"line":25,"column":20},"end":{"line":25,"column":62}},"8":{"start":{"line":28,"column":6},"end":{"line":30,"column":7}},"9":{"start":{"line":29,"column":8},"end":{"line":29,"column":47}},"10":{"start":{"line":33,"column":24},"end":{"line":33,"column":84}},"11":{"start":{"line":34,"column":6},"end":{"line":34,"column":30}},"12":{"start":{"line":36,"column":6},"end":{"line":40,"column":7}},"13":{"start":{"line":37,"column":8},"end":{"line":37,"column":49}},"14":{"start":{"line":39,"column":8},"end":{"line":39,"column":31}},"15":{"start":{"line":45,"column":24},"end":{"line":48,"column":3}},"16":{"start":{"line":46,"column":4},"end":{"line":46,"column":36}},"17":{"start":{"line":46,"column":29},"end":{"line":46,"column":36}},"18":{"start":{"line":47,"column":4},"end":{"line":47,"column":34}},"19":{"start":{"line":50,"column":2},"end":{"line":103,"column":4}},"20":{"start":{"line":66,"column":27},"end":{"line":66,"column":64}},"21":{"start":{"line":68,"column":12},"end":{"line":70,"column":21}}},"fnMap":{"0":{"name":"(anonymous_0)","decl":{"start":{"line":11,"column":50},"end":{"line":11,"column":51}},"loc":{"start":{"line":17,"column":6},"end":{"line":104,"column":1}},"line":17},"1":{"name":"(anonymous_1)","decl":{"start":{"line":22,"column":12},"end":{"line":22,"column":13}},"loc":{"start":{"line":22,"column":18},"end":{"line":42,"column":3}},"line":22},"2":{"name":"(anonymous_2)","decl":{"start":{"line":45,"column":24},"end":{"line":45,"column":25}},"loc":{"start":{"line":45,"column":30},"end":{"line":48,"column":3}},"line":45},"3":{"name":"(anonymous_3)","decl":{"start":{"line":66,"column":20},"end":{"line":66,"column":21}},"loc":{"start":{"line":66,"column":27},"end":{"line":66,"column":64}},"line":66},"4":{"name":"(anonymous_4)","decl":{"start":{"line":67,"column":27},"end":{"line":67,"column":28}},"loc":{"start":{"line":68,"column":12},"end":{"line":70,"column":21}},"line":68}},"branchMap":{"0":{"loc":{"start":{"line":18,"column":71},"end":{"line":18,"column":91}},"type":"binary-expr","locations":[{"start":{"line":18,"column":71},"end":{"line":18,"column":85}},{"start":{"line":18,"column":89},"end":{"line":18,"column":91}}],"line":18},"1":{"loc":{"start":{"line":23,"column":4},"end":{"line":41,"column":5}},"type":"if","locations":[{"start":{"line":23,"column":4},"end":{"line":41,"column":5}},{"start":{},"end":{}}],"line":23},"2":{"loc":{"start":{"line":23,"column":8},"end":{"line":23,"column":54}},"type":"binary-expr","locations":[{"start":{"line":23,"column":8},"end":{"line":23,"column":18}},{"start":{"line":23,"column":22},"end":{"line":23,"column":37}},{"start":{"line":23,"column":41},"end":{"line":23,"column":54}}],"line":23},"3":{"loc":{"start":{"line":28,"column":6},"end":{"line":30,"column":7}},"type":"if","locations":[{"start":{"line":28,"column":6},"end":{"line":30,"column":7}},{"start":{},"end":{}}],"line":28},"4":{"loc":{"start":{"line":36,"column":6},"end":{"line":40,"column":7}},"type":"if","locations":[{"start":{"line":36,"column":6},"end":{"line":40,"column":7}},{"start":{"line":38,"column":13},"end":{"line":40,"column":7}}],"line":36},"5":{"loc":{"start":{"line":46,"column":4},"end":{"line":46,"column":36}},"type":"if","locations":[{"start":{"line":46,"column":4},"end":{"line":46,"column":36}},{"start":{},"end":{}}],"line":46},"6":{"loc":{"start":{"line":81,"column":9},"end":{"line":89,"column":9}},"type":"binary-expr","locations":[{"start":{"line":81,"column":9},"end":{"line":81,"column":19}},{"start":{"line":81,"column":23},"end":{"line":81,"column":45}},{"start":{"line":82,"column":10},"end":{"line":88,"column":16}}],"line":81}},"s":{"0":1,"1":14,"2":14,"3":14,"4":14,"5":7,"6":6,"7":6,"8":6,"9":1,"10":6,"11":6,"12":6,"13":6,"14":0,"15":14,"16":2,"17":1,"18":1,"19":14,"20":1,"21":36},"f":{"0":14,"1":7,"2":2,"3":1,"4":36},"b":{"0":[14,2],"1":[6,1],"2":[7,6,6],"3":[1,5],"4":[6,0],"5":[1,1],"6":[14,13,7]},"_coverageSchema":"1a1c01bbd47fc00a2c39e90264f33305004495a9","hash":"fc8974c4099c3be709cd23a37f76e7031b566ab4"}
,"/Users/chowsowying/Desktop/Untitled/frontend/src/components/BookingModalAccept.tsx": {"path":"/Users/chowsowying/Desktop/Untitled/frontend/src/components/BookingModalAccept.tsx","statementMap":{"0":{"start":{"line":15,"column":62},"end":{"line":62,"column":1}},"1":{"start":{"line":21,"column":2},"end":{"line":61,"column":4}}},"fnMap":{"0":{"name":"(anonymous_0)","decl":{"start":{"line":15,"column":62},"end":{"line":15,"column":63}},"loc":{"start":{"line":20,"column":6},"end":{"line":62,"column":1}},"line":20}},"branchMap":{},"s":{"0":1,"1":6},"f":{"0":6},"b":{},"_coverageSchema":"1a1c01bbd47fc00a2c39e90264f33305004495a9","hash":"b4cce9644b613f5826683e843fe4f58c363aedb4"}
,"/Users/chowsowying/Desktop/Untitled/frontend/src/components/BookingModalView.tsx": {"path":"/Users/chowsowying/Desktop/Untitled/frontend/src/components/BookingModalView.tsx","statementMap":{"0":{"start":{"line":14,"column":58},"end":{"line":48,"column":1}},"1":{"start":{"line":18,"column":2},"end":{"line":47,"column":4}}},"fnMap":{"0":{"name":"(anonymous_0)","decl":{"start":{"line":14,"column":58},"end":{"line":14,"column":59}},"loc":{"start":{"line":17,"column":6},"end":{"line":48,"column":1}},"line":17}},"branchMap":{"0":{"loc":{"start":{"line":25,"column":9},"end":{"line":27,"column":9}},"type":"binary-expr","locations":[{"start":{"line":25,"column":9},"end":{"line":25,"column":28}},{"start":{"line":26,"column":10},"end":{"line":26,"column":67}}],"line":25},"1":{"loc":{"start":{"line":28,"column":9},"end":{"line":30,"column":9}},"type":"binary-expr","locations":[{"start":{"line":28,"column":9},"end":{"line":28,"column":26}},{"start":{"line":29,"column":10},"end":{"line":29,"column":66}}],"line":28}},"s":{"0":1,"1":4},"f":{"0":4},"b":{"0":[4,3],"1":[4,3]},"_coverageSchema":"1a1c01bbd47fc00a2c39e90264f33305004495a9","hash":"dda168f38656bd30bfe9585546a2bcef5110636c"}
,"/Users/chowsowying/Desktop/Untitled/frontend/src/components/CreateAdminModal.tsx": {"path":"/Users/chowsowying/Desktop/Untitled/frontend/src/components/CreateAdminModal.tsx","statementMap":{"0":{"start":{"line":14,"column":25},"end":{"line":203,"column":1}},"1":{"start":{"line":22,"column":6},"end":{"line":22,"column":15}},"2":{"start":{"line":24,"column":19},"end":{"line":24,"column":35}},"3":{"start":{"line":25,"column":19},"end":{"line":25,"column":56}},"4":{"start":{"line":25,"column":45},"end":{"line":25,"column":55}},"5":{"start":{"line":28,"column":22},"end":{"line":48,"column":3}},"6":{"start":{"line":51,"column":23},"end":{"line":51,"column":65}},"7":{"start":{"line":53,"column":2},"end":{"line":62,"column":31}},"8":{"start":{"line":54,"column":4},"end":{"line":61,"column":5}},"9":{"start":{"line":55,"column":6},"end":{"line":55,"column":37}},"10":{"start":{"line":56,"column":6},"end":{"line":58,"column":7}},"11":{"start":{"line":57,"column":8},"end":{"line":57,"column":51}},"12":{"start":{"line":60,"column":6},"end":{"line":60,"column":14}},"13":{"start":{"line":64,"column":19},"end":{"line":96,"column":3}},"14":{"start":{"line":65,"column":4},"end":{"line":65,"column":23}},"15":{"start":{"line":66,"column":20},"end":{"line":66,"column":35}},"16":{"start":{"line":67,"column":4},"end":{"line":67,"column":25}},"17":{"start":{"line":67,"column":18},"end":{"line":67,"column":25}},"18":{"start":{"line":70,"column":6},"end":{"line":70,"column":17}},"19":{"start":{"line":72,"column":4},"end":{"line":95,"column":5}},"20":{"start":{"line":73,"column":6},"end":{"line":73,"column":33}},"21":{"start":{"line":75,"column":23},"end":{"line":82,"column":8}},"22":{"start":{"line":84,"column":6},"end":{"line":84,"column":34}},"23":{"start":{"line":86,"column":6},"end":{"line":91,"column":7}},"24":{"start":{"line":87,"column":8},"end":{"line":87,"column":45}},"25":{"start":{"line":88,"column":8},"end":{"line":88,"column":18}},"26":{"start":{"line":90,"column":8},"end":{"line":90,"column":43}},"27":{"start":{"line":93,"column":6},"end":{"line":93,"column":34}},"28":{"start":{"line":94,"column":6},"end":{"line":94,"column":33}},"29":{"start":{"line":98,"column":2},"end":{"line":98,"column":27}},"30":{"start":{"line":98,"column":15},"end":{"line":98,"column":27}},"31":{"start":{"line":100,"column":2},"end":{"line":202,"column":4}},"32":{"start":{"line":164,"column":34},"end":{"line":164,"column":65}},"33":{"start":{"line":166,"column":18},"end":{"line":176,"column":26}},"34":{"start":{"line":185,"column":16},"end":{"line":185,"column":24}},"35":{"start":{"line":186,"column":16},"end":{"line":186,"column":26}}},"fnMap":{"0":{"name":"(anonymous_0)","decl":{"start":{"line":14,"column":25},"end":{"line":14,"column":26}},"loc":{"start":{"line":14,"column":64},"end":{"line":203,"column":1}},"line":14},"1":{"name":"(anonymous_1)","decl":{"start":{"line":25,"column":34},"end":{"line":25,"column":35}},"loc":{"start":{"line":25,"column":45},"end":{"line":25,"column":55}},"line":25},"2":{"name":"(anonymous_2)","decl":{"start":{"line":53,"column":12},"end":{"line":53,"column":13}},"loc":{"start":{"line":53,"column":18},"end":{"line":62,"column":3}},"line":53},"3":{"name":"(anonymous_3)","decl":{"start":{"line":64,"column":19},"end":{"line":64,"column":20}},"loc":{"start":{"line":64,"column":66},"end":{"line":96,"column":3}},"line":64},"4":{"name":"(anonymous_4)","decl":{"start":{"line":164,"column":24},"end":{"line":164,"column":25}},"loc":{"start":{"line":164,"column":34},"end":{"line":164,"column":65}},"line":164},"5":{"name":"(anonymous_5)","decl":{"start":{"line":165,"column":21},"end":{"line":165,"column":22}},"loc":{"start":{"line":166,"column":18},"end":{"line":176,"column":26}},"line":166},"6":{"name":"(anonymous_6)","decl":{"start":{"line":184,"column":23},"end":{"line":184,"column":24}},"loc":{"start":{"line":184,"column":29},"end":{"line":187,"column":15}},"line":184}},"branchMap":{"0":{"loc":{"start":{"line":54,"column":4},"end":{"line":61,"column":5}},"type":"if","locations":[{"start":{"line":54,"column":4},"end":{"line":61,"column":5}},{"start":{"line":59,"column":11},"end":{"line":61,"column":5}}],"line":54},"1":{"loc":{"start":{"line":56,"column":6},"end":{"line":58,"column":7}},"type":"if","locations":[{"start":{"line":56,"column":6},"end":{"line":58,"column":7}},{"start":{},"end":{}}],"line":56},"2":{"loc":{"start":{"line":67,"column":4},"end":{"line":67,"column":25}},"type":"if","locations":[{"start":{"line":67,"column":4},"end":{"line":67,"column":25}},{"start":{},"end":{}}],"line":67},"3":{"loc":{"start":{"line":86,"column":6},"end":{"line":91,"column":7}},"type":"if","locations":[{"start":{"line":86,"column":6},"end":{"line":91,"column":7}},{"start":{"line":89,"column":13},"end":{"line":91,"column":7}}],"line":86},"4":{"loc":{"start":{"line":98,"column":2},"end":{"line":98,"column":27}},"type":"if","locations":[{"start":{"line":98,"column":2},"end":{"line":98,"column":27}},{"start":{},"end":{}}],"line":98},"5":{"loc":{"start":{"line":104,"column":11},"end":{"line":104,"column":49}},"type":"cond-expr","locations":[{"start":{"line":104,"column":19},"end":{"line":104,"column":31}},{"start":{"line":104,"column":34},"end":{"line":104,"column":49}}],"line":104},"6":{"loc":{"start":{"line":108,"column":11},"end":{"line":130,"column":11}},"type":"binary-expr","locations":[{"start":{"line":108,"column":11},"end":{"line":108,"column":17}},{"start":{"line":109,"column":12},"end":{"line":129,"column":15}}],"line":108},"7":{"loc":{"start":{"line":116,"column":15},"end":{"line":118,"column":15}},"type":"binary-expr","locations":[{"start":{"line":116,"column":15},"end":{"line":116,"column":31}},{"start":{"line":117,"column":16},"end":{"line":117,"column":78}}],"line":116},"8":{"loc":{"start":{"line":126,"column":15},"end":{"line":128,"column":15}},"type":"binary-expr","locations":[{"start":{"line":126,"column":15},"end":{"line":126,"column":30}},{"start":{"line":127,"column":16},"end":{"line":127,"column":77}}],"line":126},"9":{"loc":{"start":{"line":141,"column":11},"end":{"line":143,"column":11}},"type":"binary-expr","locations":[{"start":{"line":141,"column":11},"end":{"line":141,"column":23}},{"start":{"line":142,"column":12},"end":{"line":142,"column":75}}],"line":141},"10":{"loc":{"start":{"line":145,"column":11},"end":{"line":157,"column":11}},"type":"binary-expr","locations":[{"start":{"line":145,"column":11},"end":{"line":145,"column":17}},{"start":{"line":146,"column":12},"end":{"line":156,"column":15}}],"line":145},"11":{"loc":{"start":{"line":153,"column":15},"end":{"line":155,"column":15}},"type":"binary-expr","locations":[{"start":{"line":153,"column":15},"end":{"line":153,"column":30}},{"start":{"line":154,"column":16},"end":{"line":154,"column":76}}],"line":153},"12":{"loc":{"start":{"line":164,"column":34},"end":{"line":164,"column":65}},"type":"binary-expr","locations":[{"start":{"line":164,"column":34},"end":{"line":164,"column":46}},{"start":{"line":164,"column":50},"end":{"line":164,"column":65}}],"line":164},"13":{"loc":{"start":{"line":196,"column":15},"end":{"line":196,"column":42}},"type":"cond-expr","locations":[{"start":{"line":196,"column":23},"end":{"line":196,"column":31}},{"start":{"line":196,"column":34},"end":{"line":196,"column":42}}],"line":196}},"s":{"0":1,"1":22,"2":22,"3":22,"4":0,"5":22,"6":22,"7":22,"8":9,"9":1,"10":1,"11":1,"12":8,"13":22,"14":4,"15":4,"16":4,"17":1,"18":3,"19":3,"20":3,"21":3,"22":2,"23":2,"24":1,"25":1,"26":1,"27":1,"28":1,"29":22,"30":2,"31":20,"32":280,"33":270,"34":1,"35":1},"f":{"0":22,"1":0,"2":9,"3":4,"4":280,"5":270,"6":1},"b":{"0":[1,8],"1":[1,0],"2":[1,3],"3":[1,1],"4":[2,20],"5":[1,19],"6":[20,19],"7":[19,1],"8":[19,1],"9":[20,1],"10":[20,19],"11":[19,1],"12":[280,28],"13":[1,19]},"_coverageSchema":"1a1c01bbd47fc00a2c39e90264f33305004495a9","hash":"bbbd6167df39fec49dbc2455a9691adf70d213fc"}
,"/Users/chowsowying/Desktop/Untitled/frontend/src/components/CreateTutorModal.tsx": {"path":"/Users/chowsowying/Desktop/Untitled/frontend/src/components/CreateTutorModal.tsx","statementMap":{"0":{"start":{"line":14,"column":25},"end":{"line":139,"column":1}},"1":{"start":{"line":22,"column":6},"end":{"line":22,"column":15}},"2":{"start":{"line":24,"column":19},"end":{"line":24,"column":35}},"3":{"start":{"line":27,"column":2},"end":{"line":37,"column":31}},"4":{"start":{"line":28,"column":4},"end":{"line":36,"column":5}},"5":{"start":{"line":29,"column":6},"end":{"line":33,"column":9}},"6":{"start":{"line":35,"column":6},"end":{"line":35,"column":14}},"7":{"start":{"line":39,"column":19},"end":{"line":75,"column":3}},"8":{"start":{"line":40,"column":4},"end":{"line":40,"column":23}},"9":{"start":{"line":41,"column":20},"end":{"line":41,"column":35}},"10":{"start":{"line":42,"column":4},"end":{"line":42,"column":25}},"11":{"start":{"line":42,"column":18},"end":{"line":42,"column":25}},"12":{"start":{"line":44,"column":53},"end":{"line":44,"column":64}},"13":{"start":{"line":46,"column":4},"end":{"line":74,"column":5}},"14":{"start":{"line":47,"column":6},"end":{"line":47,"column":33}},"15":{"start":{"line":54,"column":6},"end":{"line":60,"column":9}},"16":{"start":{"line":63,"column":6},"end":{"line":63,"column":34}},"17":{"start":{"line":65,"column":6},"end":{"line":70,"column":7}},"18":{"start":{"line":66,"column":8},"end":{"line":66,"column":45}},"19":{"start":{"line":67,"column":8},"end":{"line":67,"column":18}},"20":{"start":{"line":69,"column":8},"end":{"line":69,"column":43}},"21":{"start":{"line":72,"column":6},"end":{"line":72,"column":34}},"22":{"start":{"line":73,"column":6},"end":{"line":73,"column":33}},"23":{"start":{"line":77,"column":2},"end":{"line":77,"column":27}},"24":{"start":{"line":77,"column":15},"end":{"line":77,"column":27}},"25":{"start":{"line":79,"column":2},"end":{"line":138,"column":4}}},"fnMap":{"0":{"name":"(anonymous_0)","decl":{"start":{"line":14,"column":25},"end":{"line":14,"column":26}},"loc":{"start":{"line":14,"column":64},"end":{"line":139,"column":1}},"line":14},"1":{"name":"(anonymous_1)","decl":{"start":{"line":27,"column":12},"end":{"line":27,"column":13}},"loc":{"start":{"line":27,"column":18},"end":{"line":37,"column":3}},"line":27},"2":{"name":"(anonymous_2)","decl":{"start":{"line":39,"column":19},"end":{"line":39,"column":20}},"loc":{"start":{"line":39,"column":66},"end":{"line":75,"column":3}},"line":39}},"branchMap":{"0":{"loc":{"start":{"line":28,"column":4},"end":{"line":36,"column":5}},"type":"if","locations":[{"start":{"line":28,"column":4},"end":{"line":36,"column":5}},{"start":{"line":34,"column":11},"end":{"line":36,"column":5}}],"line":28},"1":{"loc":{"start":{"line":42,"column":4},"end":{"line":42,"column":25}},"type":"if","locations":[{"start":{"line":42,"column":4},"end":{"line":42,"column":25}},{"start":{},"end":{}}],"line":42},"2":{"loc":{"start":{"line":65,"column":6},"end":{"line":70,"column":7}},"type":"if","locations":[{"start":{"line":65,"column":6},"end":{"line":70,"column":7}},{"start":{"line":68,"column":13},"end":{"line":70,"column":7}}],"line":65},"3":{"loc":{"start":{"line":77,"column":2},"end":{"line":77,"column":27}},"type":"if","locations":[{"start":{"line":77,"column":2},"end":{"line":77,"column":27}},{"start":{},"end":{}}],"line":77},"4":{"loc":{"start":{"line":82,"column":52},"end":{"line":82,"column":90}},"type":"cond-expr","locations":[{"start":{"line":82,"column":60},"end":{"line":82,"column":72}},{"start":{"line":82,"column":75},"end":{"line":82,"column":90}}],"line":82},"5":{"loc":{"start":{"line":95,"column":11},"end":{"line":95,"column":90}},"type":"binary-expr","locations":[{"start":{"line":95,"column":11},"end":{"line":95,"column":23}},{"start":{"line":95,"column":27},"end":{"line":95,"column":90}}],"line":95},"6":{"loc":{"start":{"line":104,"column":11},"end":{"line":104,"column":93}},"type":"binary-expr","locations":[{"start":{"line":104,"column":11},"end":{"line":104,"column":27}},{"start":{"line":104,"column":31},"end":{"line":104,"column":93}}],"line":104},"7":{"loc":{"start":{"line":112,"column":11},"end":{"line":112,"column":91}},"type":"binary-expr","locations":[{"start":{"line":112,"column":11},"end":{"line":112,"column":26}},{"start":{"line":112,"column":30},"end":{"line":112,"column":91}}],"line":112},"8":{"loc":{"start":{"line":120,"column":11},"end":{"line":120,"column":90}},"type":"binary-expr","locations":[{"start":{"line":120,"column":11},"end":{"line":120,"column":26}},{"start":{"line":120,"column":30},"end":{"line":120,"column":90}}],"line":120},"9":{"loc":{"start":{"line":132,"column":15},"end":{"line":132,"column":42}},"type":"cond-expr","locations":[{"start":{"line":132,"column":23},"end":{"line":132,"column":31}},{"start":{"line":132,"column":34},"end":{"line":132,"column":42}}],"line":132}},"s":{"0":1,"1":20,"2":20,"3":20,"4":8,"5":1,"6":7,"7":20,"8":4,"9":4,"10":4,"11":1,"12":3,"13":3,"14":3,"15":3,"16":2,"17":2,"18":1,"19":1,"20":1,"21":1,"22":1,"23":20,"24":2,"25":18},"f":{"0":20,"1":8,"2":4},"b":{"0":[1,7],"1":[1,3],"2":[1,1],"3":[2,18],"4":[2,16],"5":[18,1],"6":[18,1],"7":[18,1],"8":[18,1],"9":[2,16]},"_coverageSchema":"1a1c01bbd47fc00a2c39e90264f33305004495a9","hash":"3431c12d987f1408ab74917e5be935225c29146f"}
,"/Users/chowsowying/Desktop/Untitled/frontend/src/components/NavLinks.tsx": {"path":"/Users/chowsowying/Desktop/Untitled/frontend/src/components/NavLinks.tsx","statementMap":{"0":{"start":{"line":7,"column":52},"end":{"line":43,"column":1}}},"fnMap":{},"branchMap":{},"s":{"0":1},"f":{},"b":{},"_coverageSchema":"1a1c01bbd47fc00a2c39e90264f33305004495a9","hash":"5d7398092cc12683532fee3906beeedb5d651034"}
,"/Users/chowsowying/Desktop/Untitled/frontend/src/components/Navbar.tsx": {"path":"/Users/chowsowying/Desktop/Untitled/frontend/src/components/Navbar.tsx","statementMap":{"0":{"start":{"line":12,"column":15},"end":{"line":163,"column":1}},"1":{"start":{"line":13,"column":19},"end":{"line":13,"column":35}},"2":{"start":{"line":14,"column":19},"end":{"line":14,"column":32}},"3":{"start":{"line":15,"column":19},"end":{"line":15,"column":32}},"4":{"start":{"line":17,"column":19},"end":{"line":17,"column":56}},"5":{"start":{"line":17,"column":45},"end":{"line":17,"column":55}},"6":{"start":{"line":18,"column":15},"end":{"line":18,"column":36}},"7":{"start":{"line":20,"column":40},"end":{"line":20,"column":55}},"8":{"start":{"line":21,"column":44},"end":{"line":21,"column":76}},"9":{"start":{"line":26,"column":2},"end":{"line":50,"column":30}},"10":{"start":{"line":27,"column":4},"end":{"line":27,"column":42}},"11":{"start":{"line":27,"column":35},"end":{"line":27,"column":42}},"12":{"start":{"line":30,"column":4},"end":{"line":32,"column":76}},"13":{"start":{"line":31,"column":21},"end":{"line":31,"column":47}},"14":{"start":{"line":32,"column":22},"end":{"line":32,"column":74}},"15":{"start":{"line":35,"column":24},"end":{"line":37,"column":5}},"16":{"start":{"line":39,"column":4},"end":{"line":42,"column":6}},"17":{"start":{"line":40,"column":48},"end":{"line":40,"column":70}},"18":{"start":{"line":41,"column":6},"end":{"line":41,"column":61}},"19":{"start":{"line":41,"column":33},"end":{"line":41,"column":59}},"20":{"start":{"line":44,"column":4},"end":{"line":47,"column":6}},"21":{"start":{"line":45,"column":6},"end":{"line":45,"column":39}},"22":{"start":{"line":46,"column":6},"end":{"line":46,"column":26}},"23":{"start":{"line":49,"column":4},"end":{"line":49,"column":37}},"24":{"start":{"line":49,"column":17},"end":{"line":49,"column":36}},"25":{"start":{"line":55,"column":27},"end":{"line":65,"column":3}},"26":{"start":{"line":56,"column":4},"end":{"line":56,"column":29}},"27":{"start":{"line":56,"column":22},"end":{"line":56,"column":29}},"28":{"start":{"line":57,"column":4},"end":{"line":64,"column":5}},"29":{"start":{"line":58,"column":6},"end":{"line":58,"column":63}},"30":{"start":{"line":59,"column":6},"end":{"line":61,"column":8}},"31":{"start":{"line":60,"column":8},"end":{"line":60,"column":77}},"32":{"start":{"line":60,"column":25},"end":{"line":60,"column":75}},"33":{"start":{"line":63,"column":6},"end":{"line":63,"column":64}},"34":{"start":{"line":70,"column":2},"end":{"line":87,"column":29}},"35":{"start":{"line":71,"column":4},"end":{"line":71,"column":62}},"36":{"start":{"line":71,"column":55},"end":{"line":71,"column":62}},"37":{"start":{"line":72,"column":4},"end":{"line":72,"column":64}},"38":{"start":{"line":72,"column":57},"end":{"line":72,"column":64}},"39":{"start":{"line":74,"column":29},"end":{"line":84,"column":5}},"40":{"start":{"line":75,"column":6},"end":{"line":83,"column":7}},"41":{"start":{"line":76,"column":25},"end":{"line":76,"column":68}},"42":{"start":{"line":77,"column":22},"end":{"line":77,"column":53}},"43":{"start":{"line":78,"column":28},"end":{"line":78,"column":59}},"44":{"start":{"line":79,"column":8},"end":{"line":79,"column":66}},"45":{"start":{"line":80,"column":8},"end":{"line":80,"column":39}},"46":{"start":{"line":82,"column":8},"end":{"line":82,"column":64}},"47":{"start":{"line":86,"column":4},"end":{"line":86,"column":23}},"48":{"start":{"line":89,"column":19},"end":{"line":94,"column":3}},"49":{"start":{"line":91,"column":6},"end":{"line":93,"column":88}},"50":{"start":{"line":93,"column":54},"end":{"line":93,"column":87}},"51":{"start":{"line":96,"column":23},"end":{"line":104,"column":3}},"52":{"start":{"line":97,"column":16},"end":{"line":97,"column":19}},"53":{"start":{"line":98,"column":4},"end":{"line":99,"column":29}},"54":{"start":{"line":99,"column":6},"end":{"line":99,"column":29}},"55":{"start":{"line":100,"column":4},"end":{"line":100,"column":37}},"56":{"start":{"line":101,"column":4},"end":{"line":101,"column":36}},"57":{"start":{"line":102,"column":4},"end":{"line":102,"column":28}},"58":{"start":{"line":103,"column":4},"end":{"line":103,"column":20}},"59":{"start":{"line":106,"column":22},"end":{"line":106,"column":65}},"60":{"start":{"line":106,"column":50},"end":{"line":106,"column":57}},"61":{"start":{"line":108,"column":2},"end":{"line":162,"column":4}},"62":{"start":{"line":115,"column":12},"end":{"line":115,"column":86}},"63":{"start":{"line":117,"column":10},"end":{"line":128,"column":12}},"64":{"start":{"line":135,"column":25},"end":{"line":135,"column":45}},"65":{"start":{"line":155,"column":23},"end":{"line":155,"column":44}},"66":{"start":{"line":156,"column":49},"end":{"line":159,"column":9}},"67":{"start":{"line":158,"column":25},"end":{"line":158,"column":47}}},"fnMap":{"0":{"name":"(anonymous_0)","decl":{"start":{"line":12,"column":15},"end":{"line":12,"column":16}},"loc":{"start":{"line":12,"column":21},"end":{"line":163,"column":1}},"line":12},"1":{"name":"(anonymous_1)","decl":{"start":{"line":17,"column":34},"end":{"line":17,"column":35}},"loc":{"start":{"line":17,"column":45},"end":{"line":17,"column":55}},"line":17},"2":{"name":"(anonymous_2)","decl":{"start":{"line":26,"column":12},"end":{"line":26,"column":13}},"loc":{"start":{"line":26,"column":18},"end":{"line":50,"column":3}},"line":26},"3":{"name":"(anonymous_3)","decl":{"start":{"line":31,"column":12},"end":{"line":31,"column":13}},"loc":{"start":{"line":31,"column":21},"end":{"line":31,"column":47}},"line":31},"4":{"name":"(anonymous_4)","decl":{"start":{"line":32,"column":13},"end":{"line":32,"column":14}},"loc":{"start":{"line":32,"column":22},"end":{"line":32,"column":74}},"line":32},"5":{"name":"(anonymous_5)","decl":{"start":{"line":39,"column":28},"end":{"line":39,"column":29}},"loc":{"start":{"line":39,"column":39},"end":{"line":42,"column":5}},"line":39},"6":{"name":"(anonymous_6)","decl":{"start":{"line":41,"column":23},"end":{"line":41,"column":24}},"loc":{"start":{"line":41,"column":33},"end":{"line":41,"column":59}},"line":41},"7":{"name":"(anonymous_7)","decl":{"start":{"line":44,"column":26},"end":{"line":44,"column":27}},"loc":{"start":{"line":44,"column":35},"end":{"line":47,"column":5}},"line":44},"8":{"name":"(anonymous_8)","decl":{"start":{"line":49,"column":11},"end":{"line":49,"column":12}},"loc":{"start":{"line":49,"column":17},"end":{"line":49,"column":36}},"line":49},"9":{"name":"(anonymous_9)","decl":{"start":{"line":55,"column":27},"end":{"line":55,"column":28}},"loc":{"start":{"line":55,"column":61},"end":{"line":65,"column":3}},"line":55},"10":{"name":"(anonymous_10)","decl":{"start":{"line":59,"column":23},"end":{"line":59,"column":24}},"loc":{"start":{"line":60,"column":8},"end":{"line":60,"column":77}},"line":60},"11":{"name":"(anonymous_11)","decl":{"start":{"line":60,"column":17},"end":{"line":60,"column":18}},"loc":{"start":{"line":60,"column":25},"end":{"line":60,"column":75}},"line":60},"12":{"name":"(anonymous_12)","decl":{"start":{"line":70,"column":12},"end":{"line":70,"column":13}},"loc":{"start":{"line":70,"column":18},"end":{"line":87,"column":3}},"line":70},"13":{"name":"(anonymous_13)","decl":{"start":{"line":74,"column":29},"end":{"line":74,"column":30}},"loc":{"start":{"line":74,"column":41},"end":{"line":84,"column":5}},"line":74},"14":{"name":"(anonymous_14)","decl":{"start":{"line":90,"column":4},"end":{"line":90,"column":5}},"loc":{"start":{"line":91,"column":6},"end":{"line":93,"column":88}},"line":91},"15":{"name":"(anonymous_15)","decl":{"start":{"line":93,"column":36},"end":{"line":93,"column":37}},"loc":{"start":{"line":93,"column":54},"end":{"line":93,"column":87}},"line":93},"16":{"name":"(anonymous_16)","decl":{"start":{"line":96,"column":23},"end":{"line":96,"column":24}},"loc":{"start":{"line":96,"column":29},"end":{"line":104,"column":3}},"line":96},"17":{"name":"(anonymous_17)","decl":{"start":{"line":106,"column":43},"end":{"line":106,"column":44}},"loc":{"start":{"line":106,"column":50},"end":{"line":106,"column":57}},"line":106},"18":{"name":"(anonymous_18)","decl":{"start":{"line":113,"column":22},"end":{"line":113,"column":23}},"loc":{"start":{"line":113,"column":32},"end":{"line":129,"column":9}},"line":113},"19":{"name":"(anonymous_19)","decl":{"start":{"line":135,"column":19},"end":{"line":135,"column":20}},"loc":{"start":{"line":135,"column":25},"end":{"line":135,"column":45}},"line":135},"20":{"name":"(anonymous_20)","decl":{"start":{"line":155,"column":17},"end":{"line":155,"column":18}},"loc":{"start":{"line":155,"column":23},"end":{"line":155,"column":44}},"line":155},"21":{"name":"(anonymous_21)","decl":{"start":{"line":156,"column":41},"end":{"line":156,"column":42}},"loc":{"start":{"line":156,"column":49},"end":{"line":159,"column":9}},"line":156},"22":{"name":"(anonymous_22)","decl":{"start":{"line":158,"column":19},"end":{"line":158,"column":20}},"loc":{"start":{"line":158,"column":25},"end":{"line":158,"column":47}},"line":158}},"branchMap":{"0":{"loc":{"start":{"line":18,"column":15},"end":{"line":18,"column":36}},"type":"binary-expr","locations":[{"start":{"line":18,"column":15},"end":{"line":18,"column":25}},{"start":{"line":18,"column":29},"end":{"line":18,"column":36}}],"line":18},"1":{"loc":{"start":{"line":27,"column":4},"end":{"line":27,"column":42}},"type":"if","locations":[{"start":{"line":27,"column":4},"end":{"line":27,"column":42}},{"start":{},"end":{}}],"line":27},"2":{"loc":{"start":{"line":27,"column":8},"end":{"line":27,"column":33}},"type":"binary-expr","locations":[{"start":{"line":27,"column":8},"end":{"line":27,"column":17}},{"start":{"line":27,"column":21},"end":{"line":27,"column":33}}],"line":27},"3":{"loc":{"start":{"line":56,"column":4},"end":{"line":56,"column":29}},"type":"if","locations":[{"start":{"line":56,"column":4},"end":{"line":56,"column":29}},{"start":{},"end":{}}],"line":56},"4":{"loc":{"start":{"line":60,"column":25},"end":{"line":60,"column":75}},"type":"cond-expr","locations":[{"start":{"line":60,"column":51},"end":{"line":60,"column":71}},{"start":{"line":60,"column":74},"end":{"line":60,"column":75}}],"line":60},"5":{"loc":{"start":{"line":71,"column":4},"end":{"line":71,"column":62}},"type":"if","locations":[{"start":{"line":71,"column":4},"end":{"line":71,"column":62}},{"start":{},"end":{}}],"line":71},"6":{"loc":{"start":{"line":71,"column":8},"end":{"line":71,"column":53}},"type":"binary-expr","locations":[{"start":{"line":71,"column":8},"end":{"line":71,"column":24}},{"start":{"line":71,"column":28},"end":{"line":71,"column":37}},{"start":{"line":71,"column":41},"end":{"line":71,"column":53}}],"line":71},"7":{"loc":{"start":{"line":72,"column":4},"end":{"line":72,"column":64}},"type":"if","locations":[{"start":{"line":72,"column":4},"end":{"line":72,"column":64}},{"start":{},"end":{}}],"line":72},"8":{"loc":{"start":{"line":72,"column":8},"end":{"line":72,"column":55}},"type":"binary-expr","locations":[{"start":{"line":72,"column":8},"end":{"line":72,"column":24}},{"start":{"line":72,"column":28},"end":{"line":72,"column":55}}],"line":72},"9":{"loc":{"start":{"line":77,"column":22},"end":{"line":77,"column":53}},"type":"binary-expr","locations":[{"start":{"line":77,"column":22},"end":{"line":77,"column":47}},{"start":{"line":77,"column":51},"end":{"line":77,"column":53}}],"line":77},"10":{"loc":{"start":{"line":89,"column":20},"end":{"line":89,"column":41}},"type":"binary-expr","locations":[{"start":{"line":89,"column":20},"end":{"line":89,"column":35}},{"start":{"line":89,"column":39},"end":{"line":89,"column":41}}],"line":89},"11":{"loc":{"start":{"line":91,"column":6},"end":{"line":93,"column":88}},"type":"binary-expr","locations":[{"start":{"line":91,"column":6},"end":{"line":91,"column":31}},{"start":{"line":92,"column":6},"end":{"line":92,"column":43}},{"start":{"line":93,"column":6},"end":{"line":93,"column":88}}],"line":91},"12":{"loc":{"start":{"line":98,"column":4},"end":{"line":99,"column":29}},"type":"if","locations":[{"start":{"line":98,"column":4},"end":{"line":99,"column":29}},{"start":{},"end":{}}],"line":98},"13":{"loc":{"start":{"line":115,"column":12},"end":{"line":115,"column":86}},"type":"binary-expr","locations":[{"start":{"line":115,"column":12},"end":{"line":115,"column":43}},{"start":{"line":115,"column":47},"end":{"line":115,"column":86}}],"line":115},"14":{"loc":{"start":{"line":122,"column":16},"end":{"line":124,"column":72}},"type":"cond-expr","locations":[{"start":{"line":123,"column":20},"end":{"line":123,"column":69}},{"start":{"line":124,"column":20},"end":{"line":124,"column":72}}],"line":122},"15":{"loc":{"start":{"line":139,"column":11},"end":{"line":143,"column":11}},"type":"binary-expr","locations":[{"start":{"line":139,"column":11},"end":{"line":139,"column":26}},{"start":{"line":140,"column":12},"end":{"line":142,"column":19}}],"line":139}},"s":{"0":2,"1":23,"2":23,"3":23,"4":23,"5":11,"6":23,"7":23,"8":22,"9":22,"10":9,"11":4,"12":5,"13":5,"14":0,"15":5,"16":5,"17":0,"18":0,"19":0,"20":5,"21":0,"22":0,"23":5,"24":5,"25":22,"26":0,"27":0,"28":0,"29":0,"30":0,"31":0,"32":0,"33":0,"34":22,"35":16,"36":11,"37":5,"38":0,"39":5,"40":5,"41":5,"42":5,"43":5,"44":5,"45":5,"46":0,"47":5,"48":22,"49":66,"50":33,"51":22,"52":1,"53":1,"54":1,"55":1,"56":1,"57":1,"58":1,"59":22,"60":2,"61":22,"62":33,"63":33,"64":1,"65":1,"66":2,"67":0},"f":{"0":23,"1":11,"2":9,"3":5,"4":0,"5":0,"6":0,"7":0,"8":5,"9":0,"10":0,"11":0,"12":16,"13":5,"14":66,"15":33,"16":1,"17":2,"18":33,"19":1,"20":1,"21":2,"22":0},"b":{"0":[23,11],"1":[4,5],"2":[9,5],"3":[0,0],"4":[0,0],"5":[11,5],"6":[16,16,5],"7":[0,5],"8":[5,2],"9":[5,0],"10":[22,0],"11":[66,55,33],"12":[1,0],"13":[33,22],"14":[11,22],"15":[22,1]},"_coverageSchema":"1a1c01bbd47fc00a2c39e90264f33305004495a9","hash":"71d27f9165ef936548a4a641173890f5977de97b"}
,"/Users/chowsowying/Desktop/Untitled/frontend/src/components/NotificationsModal.tsx": {"path":"/Users/chowsowying/Desktop/Untitled/frontend/src/components/NotificationsModal.tsx","statementMap":{"0":{"start":{"line":10,"column":62},"end":{"line":46,"column":1}},"1":{"start":{"line":15,"column":2},"end":{"line":15,"column":27}},"2":{"start":{"line":15,"column":15},"end":{"line":15,"column":27}},"3":{"start":{"line":17,"column":2},"end":{"line":45,"column":4}},"4":{"start":{"line":32,"column":14},"end":{"line":39,"column":19}}},"fnMap":{"0":{"name":"(anonymous_0)","decl":{"start":{"line":10,"column":62},"end":{"line":10,"column":63}},"loc":{"start":{"line":14,"column":6},"end":{"line":46,"column":1}},"line":14},"1":{"name":"(anonymous_1)","decl":{"start":{"line":31,"column":31},"end":{"line":31,"column":32}},"loc":{"start":{"line":32,"column":14},"end":{"line":39,"column":19}},"line":32}},"branchMap":{"0":{"loc":{"start":{"line":15,"column":2},"end":{"line":15,"column":27}},"type":"if","locations":[{"start":{"line":15,"column":2},"end":{"line":15,"column":27}},{"start":{},"end":{}}],"line":15},"1":{"loc":{"start":{"line":27,"column":9},"end":{"line":42,"column":9}},"type":"cond-expr","locations":[{"start":{"line":28,"column":10},"end":{"line":28,"column":59}},{"start":{"line":30,"column":10},"end":{"line":41,"column":15}}],"line":27},"2":{"loc":{"start":{"line":36,"column":18},"end":{"line":36,"column":99}},"type":"cond-expr","locations":[{"start":{"line":36,"column":30},"end":{"line":36,"column":57}},{"start":{"line":36,"column":60},"end":{"line":36,"column":99}}],"line":36}},"s":{"0":2,"1":17,"2":12,"3":5,"4":8},"f":{"0":17,"1":8},"b":{"0":[12,5],"1":[1,4],"2":[4,4]},"_coverageSchema":"1a1c01bbd47fc00a2c39e90264f33305004495a9","hash":"53f12c52486f9c918e9dbf3985f199b4b38e5aed"}
,"/Users/chowsowying/Desktop/Untitled/frontend/src/components/ProfilePicModal.tsx": {"path":"/Users/chowsowying/Desktop/Untitled/frontend/src/components/ProfilePicModal.tsx","statementMap":{"0":{"start":{"line":14,"column":24},"end":{"line":89,"column":1}},"1":{"start":{"line":15,"column":19},"end":{"line":15,"column":56}},"2":{"start":{"line":15,"column":45},"end":{"line":15,"column":55}},"3":{"start":{"line":16,"column":26},"end":{"line":16,"column":53}},"4":{"start":{"line":17,"column":32},"end":{"line":17,"column":61}},"5":{"start":{"line":19,"column":2},"end":{"line":19,"column":27}},"6":{"start":{"line":19,"column":15},"end":{"line":19,"column":27}},"7":{"start":{"line":21,"column":27},"end":{"line":26,"column":3}},"8":{"start":{"line":22,"column":4},"end":{"line":25,"column":5}},"9":{"start":{"line":23,"column":6},"end":{"line":23,"column":33}},"10":{"start":{"line":24,"column":6},"end":{"line":24,"column":57}},"11":{"start":{"line":28,"column":23},"end":{"line":48,"column":3}},"12":{"start":{"line":29,"column":4},"end":{"line":32,"column":5}},"13":{"start":{"line":30,"column":6},"end":{"line":30,"column":50}},"14":{"start":{"line":31,"column":6},"end":{"line":31,"column":13}},"15":{"start":{"line":34,"column":4},"end":{"line":47,"column":5}},"16":{"start":{"line":35,"column":6},"end":{"line":39,"column":7}},"17":{"start":{"line":36,"column":8},"end":{"line":36,"column":62}},"18":{"start":{"line":38,"column":8},"end":{"line":38,"column":67}},"19":{"start":{"line":41,"column":6},"end":{"line":41,"column":48}},"20":{"start":{"line":42,"column":6},"end":{"line":42,"column":16}},"21":{"start":{"line":43,"column":6},"end":{"line":43,"column":23}},"22":{"start":{"line":45,"column":6},"end":{"line":45,"column":25}},"23":{"start":{"line":46,"column":6},"end":{"line":46,"column":54}},"24":{"start":{"line":49,"column":2},"end":{"line":88,"column":4}}},"fnMap":{"0":{"name":"(anonymous_0)","decl":{"start":{"line":14,"column":24},"end":{"line":14,"column":25}},"loc":{"start":{"line":14,"column":97},"end":{"line":89,"column":1}},"line":14},"1":{"name":"(anonymous_1)","decl":{"start":{"line":15,"column":34},"end":{"line":15,"column":35}},"loc":{"start":{"line":15,"column":45},"end":{"line":15,"column":55}},"line":15},"2":{"name":"(anonymous_2)","decl":{"start":{"line":21,"column":27},"end":{"line":21,"column":28}},"loc":{"start":{"line":21,"column":71},"end":{"line":26,"column":3}},"line":21},"3":{"name":"(anonymous_3)","decl":{"start":{"line":28,"column":23},"end":{"line":28,"column":24}},"loc":{"start":{"line":28,"column":35},"end":{"line":48,"column":3}},"line":28}},"branchMap":{"0":{"loc":{"start":{"line":19,"column":2},"end":{"line":19,"column":27}},"type":"if","locations":[{"start":{"line":19,"column":2},"end":{"line":19,"column":27}},{"start":{},"end":{}}],"line":19},"1":{"loc":{"start":{"line":22,"column":4},"end":{"line":25,"column":5}},"type":"if","locations":[{"start":{"line":22,"column":4},"end":{"line":25,"column":5}},{"start":{},"end":{}}],"line":22},"2":{"loc":{"start":{"line":22,"column":8},"end":{"line":22,"column":43}},"type":"binary-expr","locations":[{"start":{"line":22,"column":8},"end":{"line":22,"column":22}},{"start":{"line":22,"column":26},"end":{"line":22,"column":43}}],"line":22},"3":{"loc":{"start":{"line":29,"column":4},"end":{"line":32,"column":5}},"type":"if","locations":[{"start":{"line":29,"column":4},"end":{"line":32,"column":5}},{"start":{},"end":{}}],"line":29},"4":{"loc":{"start":{"line":29,"column":8},"end":{"line":29,"column":42}},"type":"binary-expr","locations":[{"start":{"line":29,"column":8},"end":{"line":29,"column":13}},{"start":{"line":29,"column":17},"end":{"line":29,"column":26}},{"start":{"line":29,"column":30},"end":{"line":29,"column":42}}],"line":29},"5":{"loc":{"start":{"line":35,"column":6},"end":{"line":39,"column":7}},"type":"if","locations":[{"start":{"line":35,"column":6},"end":{"line":39,"column":7}},{"start":{"line":37,"column":13},"end":{"line":39,"column":7}}],"line":35},"6":{"loc":{"start":{"line":60,"column":9},"end":{"line":70,"column":9}},"type":"cond-expr","locations":[{"start":{"line":61,"column":10},"end":{"line":65,"column":12}},{"start":{"line":67,"column":10},"end":{"line":69,"column":16}}],"line":60}},"s":{"0":1,"1":4,"2":0,"3":4,"4":4,"5":4,"6":1,"7":3,"8":0,"9":0,"10":0,"11":3,"12":1,"13":1,"14":1,"15":0,"16":0,"17":0,"18":0,"19":0,"20":0,"21":0,"22":0,"23":0,"24":3},"f":{"0":4,"1":0,"2":0,"3":1},"b":{"0":[1,3],"1":[0,0],"2":[0,0],"3":[1,0],"4":[1,0,0],"5":[0,0],"6":[0,3]},"_coverageSchema":"1a1c01bbd47fc00a2c39e90264f33305004495a9","hash":"deec948ad19826f6eda8c1975094b5914913ba90"}
,"/Users/chowsowying/Desktop/Untitled/frontend/src/components/RescheduleModal.tsx": {"path":"/Users/chowsowying/Desktop/Untitled/frontend/src/components/RescheduleModal.tsx","statementMap":{"0":{"start":{"line":16,"column":24},"end":{"line":165,"column":1}},"1":{"start":{"line":17,"column":19},"end":{"line":17,"column":56}},"2":{"start":{"line":17,"column":45},"end":{"line":17,"column":55}},"3":{"start":{"line":19,"column":52},"end":{"line":19,"column":90}},"4":{"start":{"line":20,"column":40},"end":{"line":20,"column":88}},"5":{"start":{"line":21,"column":42},"end":{"line":21,"column":95}},"6":{"start":{"line":22,"column":50},"end":{"line":22,"column":65}},"7":{"start":{"line":23,"column":32},"end":{"line":23,"column":46}},"8":{"start":{"line":24,"column":40},"end":{"line":24,"column":62}},"9":{"start":{"line":29,"column":26},"end":{"line":34,"column":3}},"10":{"start":{"line":30,"column":17},"end":{"line":30,"column":35}},"11":{"start":{"line":31,"column":18},"end":{"line":31,"column":62}},"12":{"start":{"line":32,"column":16},"end":{"line":32,"column":55}},"13":{"start":{"line":33,"column":4},"end":{"line":33,"column":37}},"14":{"start":{"line":39,"column":2},"end":{"line":58,"column":22}},"15":{"start":{"line":40,"column":4},"end":{"line":40,"column":41}},"16":{"start":{"line":40,"column":34},"end":{"line":40,"column":41}},"17":{"start":{"line":41,"column":18},"end":{"line":41,"column":28}},"18":{"start":{"line":43,"column":23},"end":{"line":55,"column":5}},"19":{"start":{"line":44,"column":6},"end":{"line":54,"column":7}},"20":{"start":{"line":45,"column":8},"end":{"line":45,"column":25}},"21":{"start":{"line":46,"column":20},"end":{"line":46,"column":57}},"22":{"start":{"line":47,"column":8},"end":{"line":47,"column":58}},"23":{"start":{"line":48,"column":8},"end":{"line":48,"column":72}},"24":{"start":{"line":50,"column":8},"end":{"line":50,"column":65}},"25":{"start":{"line":51,"column":8},"end":{"line":51,"column":57}},"26":{"start":{"line":53,"column":8},"end":{"line":53,"column":26}},"27":{"start":{"line":57,"column":4},"end":{"line":57,"column":17}},"28":{"start":{"line":63,"column":2},"end":{"line":81,"column":22}},"29":{"start":{"line":64,"column":4},"end":{"line":64,"column":41}},"30":{"start":{"line":64,"column":34},"end":{"line":64,"column":41}},"31":{"start":{"line":65,"column":18},"end":{"line":65,"column":28}},"32":{"start":{"line":67,"column":26},"end":{"line":78,"column":5}},"33":{"start":{"line":68,"column":6},"end":{"line":77,"column":7}},"34":{"start":{"line":69,"column":26},"end":{"line":69,"column":53}},"35":{"start":{"line":70,"column":24},"end":{"line":70,"column":97}},"36":{"start":{"line":72,"column":20},"end":{"line":72,"column":86}},"37":{"start":{"line":73,"column":8},"end":{"line":73,"column":87}},"38":{"start":{"line":73,"column":49},"end":{"line":73,"column":83}},"39":{"start":{"line":75,"column":8},"end":{"line":75,"column":59}},"40":{"start":{"line":76,"column":8},"end":{"line":76,"column":51}},"41":{"start":{"line":80,"column":4},"end":{"line":80,"column":20}},"42":{"start":{"line":86,"column":26},"end":{"line":89,"column":3}},"43":{"start":{"line":87,"column":4},"end":{"line":87,"column":36}},"44":{"start":{"line":88,"column":4},"end":{"line":88,"column":30}},"45":{"start":{"line":94,"column":28},"end":{"line":122,"column":3}},"46":{"start":{"line":95,"column":4},"end":{"line":95,"column":46}},"47":{"start":{"line":95,"column":39},"end":{"line":95,"column":46}},"48":{"start":{"line":97,"column":4},"end":{"line":121,"column":5}},"49":{"start":{"line":98,"column":6},"end":{"line":111,"column":8}},"50":{"start":{"line":113,"column":6},"end":{"line":113,"column":53}},"51":{"start":{"line":114,"column":6},"end":{"line":114,"column":30}},"52":{"start":{"line":116,"column":6},"end":{"line":116,"column":25}},"53":{"start":{"line":117,"column":6},"end":{"line":117,"column":50}},"54":{"start":{"line":119,"column":6},"end":{"line":119,"column":33}},"55":{"start":{"line":120,"column":6},"end":{"line":120,"column":28}},"56":{"start":{"line":124,"column":2},"end":{"line":132,"column":3}},"57":{"start":{"line":125,"column":4},"end":{"line":131,"column":6}},"58":{"start":{"line":134,"column":2},"end":{"line":164,"column":4}},"59":{"start":{"line":152,"column":27},"end":{"line":152,"column":53}}},"fnMap":{"0":{"name":"(anonymous_0)","decl":{"start":{"line":16,"column":24},"end":{"line":16,"column":25}},"loc":{"start":{"line":16,"column":91},"end":{"line":165,"column":1}},"line":16},"1":{"name":"(anonymous_1)","decl":{"start":{"line":17,"column":34},"end":{"line":17,"column":35}},"loc":{"start":{"line":17,"column":45},"end":{"line":17,"column":55}},"line":17},"2":{"name":"(anonymous_2)","decl":{"start":{"line":29,"column":26},"end":{"line":29,"column":27}},"loc":{"start":{"line":29,"column":42},"end":{"line":34,"column":3}},"line":29},"3":{"name":"(anonymous_3)","decl":{"start":{"line":39,"column":12},"end":{"line":39,"column":13}},"loc":{"start":{"line":39,"column":18},"end":{"line":58,"column":3}},"line":39},"4":{"name":"(anonymous_4)","decl":{"start":{"line":43,"column":23},"end":{"line":43,"column":24}},"loc":{"start":{"line":43,"column":35},"end":{"line":55,"column":5}},"line":43},"5":{"name":"(anonymous_5)","decl":{"start":{"line":63,"column":12},"end":{"line":63,"column":13}},"loc":{"start":{"line":63,"column":18},"end":{"line":81,"column":3}},"line":63},"6":{"name":"(anonymous_6)","decl":{"start":{"line":67,"column":26},"end":{"line":67,"column":27}},"loc":{"start":{"line":67,"column":38},"end":{"line":78,"column":5}},"line":67},"7":{"name":"(anonymous_7)","decl":{"start":{"line":73,"column":36},"end":{"line":73,"column":37}},"loc":{"start":{"line":73,"column":49},"end":{"line":73,"column":83}},"line":73},"8":{"name":"(anonymous_8)","decl":{"start":{"line":86,"column":26},"end":{"line":86,"column":27}},"loc":{"start":{"line":86,"column":58},"end":{"line":89,"column":3}},"line":86},"9":{"name":"(anonymous_9)","decl":{"start":{"line":94,"column":28},"end":{"line":94,"column":29}},"loc":{"start":{"line":94,"column":58},"end":{"line":122,"column":3}},"line":94},"10":{"name":"(anonymous_10)","decl":{"start":{"line":145,"column":25},"end":{"line":145,"column":26}},"loc":{"start":{"line":145,"column":31},"end":{"line":145,"column":33}},"line":145},"11":{"name":"(anonymous_11)","decl":{"start":{"line":152,"column":21},"end":{"line":152,"column":22}},"loc":{"start":{"line":152,"column":27},"end":{"line":152,"column":53}},"line":152}},"branchMap":{"0":{"loc":{"start":{"line":40,"column":4},"end":{"line":40,"column":41}},"type":"if","locations":[{"start":{"line":40,"column":4},"end":{"line":40,"column":41}},{"start":{},"end":{}}],"line":40},"1":{"loc":{"start":{"line":40,"column":8},"end":{"line":40,"column":32}},"type":"binary-expr","locations":[{"start":{"line":40,"column":8},"end":{"line":40,"column":20}},{"start":{"line":40,"column":24},"end":{"line":40,"column":32}}],"line":40},"2":{"loc":{"start":{"line":47,"column":29},"end":{"line":47,"column":56}},"type":"binary-expr","locations":[{"start":{"line":47,"column":29},"end":{"line":47,"column":50}},{"start":{"line":47,"column":54},"end":{"line":47,"column":56}}],"line":47},"3":{"loc":{"start":{"line":48,"column":23},"end":{"line":48,"column":70}},"type":"binary-expr","locations":[{"start":{"line":48,"column":23},"end":{"line":48,"column":42}},{"start":{"line":48,"column":46},"end":{"line":48,"column":70}}],"line":48},"4":{"loc":{"start":{"line":64,"column":4},"end":{"line":64,"column":41}},"type":"if","locations":[{"start":{"line":64,"column":4},"end":{"line":64,"column":41}},{"start":{},"end":{}}],"line":64},"5":{"loc":{"start":{"line":64,"column":8},"end":{"line":64,"column":32}},"type":"binary-expr","locations":[{"start":{"line":64,"column":8},"end":{"line":64,"column":20}},{"start":{"line":64,"column":24},"end":{"line":64,"column":32}}],"line":64},"6":{"loc":{"start":{"line":95,"column":4},"end":{"line":95,"column":46}},"type":"if","locations":[{"start":{"line":95,"column":4},"end":{"line":95,"column":46}},{"start":{},"end":{}}],"line":95},"7":{"loc":{"start":{"line":95,"column":8},"end":{"line":95,"column":37}},"type":"binary-expr","locations":[{"start":{"line":95,"column":8},"end":{"line":95,"column":21}},{"start":{"line":95,"column":25},"end":{"line":95,"column":37}}],"line":95},"8":{"loc":{"start":{"line":124,"column":2},"end":{"line":132,"column":3}},"type":"if","locations":[{"start":{"line":124,"column":2},"end":{"line":132,"column":3}},{"start":{},"end":{}}],"line":124},"9":{"loc":{"start":{"line":148,"column":9},"end":{"line":155,"column":9}},"type":"binary-expr","locations":[{"start":{"line":148,"column":9},"end":{"line":148,"column":25}},{"start":{"line":148,"column":29},"end":{"line":148,"column":41}},{"start":{"line":149,"column":10},"end":{"line":154,"column":12}}],"line":148}},"s":{"0":1,"1":20,"2":0,"3":20,"4":20,"5":20,"6":20,"7":20,"8":20,"9":20,"10":16,"11":16,"12":16,"13":16,"14":20,"15":8,"16":1,"17":7,"18":7,"19":7,"20":7,"21":7,"22":6,"23":6,"24":1,"25":1,"26":7,"27":7,"28":20,"29":8,"30":1,"31":7,"32":7,"33":7,"34":7,"35":7,"36":7,"37":6,"38":6,"39":1,"40":1,"41":7,"42":20,"43":3,"44":3,"45":20,"46":2,"47":0,"48":2,"49":2,"50":1,"51":1,"52":1,"53":1,"54":2,"55":2,"56":20,"57":8,"58":12,"59":0},"f":{"0":20,"1":0,"2":16,"3":8,"4":7,"5":8,"6":7,"7":6,"8":3,"9":2,"10":0,"11":0},"b":{"0":[1,7],"1":[8,7],"2":[6,0],"3":[6,0],"4":[1,7],"5":[8,7],"6":[0,2],"7":[2,2],"8":[8,12],"9":[12,3,3]},"_coverageSchema":"1a1c01bbd47fc00a2c39e90264f33305004495a9","hash":"c8c59e3de55c50beef962dd0ed5cb613e4a13c8a"}
[...]
s":[{"start":{"line":50,"column":17},"end":{"line":50,"column":39}},{"start":{"line":50,"column":43},"end":{"line":50,"column":44}}],"line":50},"3":{"loc":{"start":{"line":51,"column":22},"end":{"line":51,"column":39}},"type":"binary-expr","locations":[{"start":{"line":51,"column":22},"end":{"line":51,"column":33}},{"start":{"line":51,"column":37},"end":{"line":51,"column":39}}],"line":51},"4":{"loc":{"start":{"line":52,"column":18},"end":{"line":52,"column":48}},"type":"binary-expr","locations":[{"start":{"line":52,"column":18},"end":{"line":52,"column":39}},{"start":{"line":52,"column":43},"end":{"line":52,"column":48}}],"line":52},"5":{"loc":{"start":{"line":54,"column":18},"end":{"line":54,"column":82}},"type":"binary-expr","locations":[{"start":{"line":54,"column":18},"end":{"line":54,"column":46}},{"start":{"line":54,"column":50},"end":{"line":54,"column":82}}],"line":54},"6":{"loc":{"start":{"line":65,"column":4},"end":{"line":65,"column":31}},"type":"if","locations":[{"start":{"line":65,"column":4},"end":{"line":65,"column":31}},{"start":{},"end":{}}],"line":65},"7":{"loc":{"start":{"line":66,"column":4},"end":{"line":70,"column":5}},"type":"if","locations":[{"start":{"line":66,"column":4},"end":{"line":70,"column":5}},{"start":{},"end":{}}],"line":66},"8":{"loc":{"start":{"line":66,"column":8},"end":{"line":66,"column":33}},"type":"binary-expr","locations":[{"start":{"line":66,"column":8},"end":{"line":66,"column":17}},{"start":{"line":66,"column":21},"end":{"line":66,"column":33}}],"line":66},"9":{"loc":{"start":{"line":74,"column":6},"end":{"line":78,"column":7}},"type":"if","locations":[{"start":{"line":74,"column":6},"end":{"line":78,"column":7}},{"start":{"line":76,"column":13},"end":{"line":78,"column":7}}],"line":74},"10":{"loc":{"start":{"line":80,"column":18},"end":{"line":80,"column":72}},"type":"binary-expr","locations":[{"start":{"line":80,"column":18},"end":{"line":80,"column":46}},{"start":{"line":80,"column":50},"end":{"line":80,"column":72}}],"line":80},"11":{"loc":{"start":{"line":92,"column":4},"end":{"line":96,"column":5}},"type":"if","locations":[{"start":{"line":92,"column":4},"end":{"line":96,"column":5}},{"start":{},"end":{}}],"line":92},"12":{"loc":{"start":{"line":92,"column":8},"end":{"line":92,"column":33}},"type":"binary-expr","locations":[{"start":{"line":92,"column":8},"end":{"line":92,"column":17}},{"start":{"line":92,"column":21},"end":{"line":92,"column":33}}],"line":92},"13":{"loc":{"start":{"line":104,"column":4},"end":{"line":107,"column":5}},"type":"if","locations":[{"start":{"line":104,"column":4},"end":{"line":107,"column":5}},{"start":{},"end":{}}],"line":104},"14":{"loc":{"start":{"line":104,"column":8},"end":{"line":104,"column":40}},"type":"binary-expr","locations":[{"start":{"line":104,"column":8},"end":{"line":104,"column":17}},{"start":{"line":104,"column":21},"end":{"line":104,"column":40}}],"line":104},"15":{"loc":{"start":{"line":109,"column":4},"end":{"line":113,"column":5}},"type":"if","locations":[{"start":{"line":109,"column":4},"end":{"line":113,"column":5}},{"start":{},"end":{}}],"line":109},"16":{"loc":{"start":{"line":109,"column":8},"end":{"line":109,"column":33}},"type":"binary-expr","locations":[{"start":{"line":109,"column":8},"end":{"line":109,"column":17}},{"start":{"line":109,"column":21},"end":{"line":109,"column":33}}],"line":109},"17":{"loc":{"start":{"line":117,"column":6},"end":{"line":127,"column":7}},"type":"if","locations":[{"start":{"line":117,"column":6},"end":{"line":127,"column":7}},{"start":{"line":122,"column":13},"end":{"line":127,"column":7}}],"line":117},"18":{"loc":{"start":{"line":125,"column":22},"end":{"line":125,"column":65}},"type":"binary-expr","locations":[{"start":{"line":125,"column":22},"end":{"line":125,"column":38}},{"start":{"line":125,"column":42},"end":{"line":125,"column":65}}],"line":125},"19":{"loc":{"start":{"line":131,"column":18},"end":{"line":131,"column":75}},"type":"binary-expr","locations":[{"start":{"line":131,"column":18},"end":{"line":131,"column":44}},{"start":{"line":131,"column":48},"end":{"line":131,"column":75}}],"line":131},"20":{"loc":{"start":{"line":144,"column":4},"end":{"line":148,"column":5}},"type":"if","locations":[{"start":{"line":144,"column":4},"end":{"line":148,"column":5}},{"start":{"line":146,"column":11},"end":{"line":148,"column":5}}],"line":144},"21":{"loc":{"start":{"line":146,"column":11},"end":{"line":148,"column":5}},"type":"if","locations":[{"start":{"line":146,"column":11},"end":{"line":148,"column":5}},{"start":{},"end":{}}],"line":146},"22":{"loc":{"start":{"line":150,"column":4},"end":{"line":153,"column":5}},"type":"if","locations":[{"start":{"line":150,"column":4},"end":{"line":153,"column":5}},{"start":{},"end":{}}],"line":150},"23":{"loc":{"start":{"line":168,"column":4},"end":{"line":171,"column":5}},"type":"if","locations":[{"start":{"line":168,"column":4},"end":{"line":171,"column":5}},{"start":{},"end":{}}],"line":168},"24":{"loc":{"start":{"line":168,"column":8},"end":{"line":168,"column":36}},"type":"binary-expr","locations":[{"start":{"line":168,"column":8},"end":{"line":168,"column":21}},{"start":{"line":168,"column":25},"end":{"line":168,"column":36}}],"line":168},"25":{"loc":{"start":{"line":195,"column":9},"end":{"line":284,"column":9}},"type":"cond-expr","locations":[{"start":{"line":196,"column":10},"end":{"line":196,"column":90}},{"start":{"line":198,"column":10},"end":{"line":283,"column":13}}],"line":195},"26":{"loc":{"start":{"line":250,"column":15},"end":{"line":281,"column":15}},"type":"cond-expr","locations":[{"start":{"line":251,"column":16},"end":{"line":251,"column":91}},{"start":{"line":253,"column":16},"end":{"line":280,"column":24}}],"line":250},"27":{"loc":{"start":{"line":266,"column":36},"end":{"line":266,"column":61}},"type":"binary-expr","locations":[{"start":{"line":266,"column":36},"end":{"line":266,"column":49}},{"start":{"line":266,"column":53},"end":{"line":266,"column":61}}],"line":266},"28":{"loc":{"start":{"line":272,"column":28},"end":{"line":272,"column":78}},"type":"cond-expr","locations":[{"start":{"line":272,"column":45},"end":{"line":272,"column":61}},{"start":{"line":272,"column":64},"end":{"line":272,"column":78}}],"line":272},"29":{"loc":{"start":{"line":274,"column":27},"end":{"line":274,"column":52}},"type":"cond-expr","locations":[{"start":{"line":274,"column":44},"end":{"line":274,"column":47}},{"start":{"line":274,"column":50},"end":{"line":274,"column":52}}],"line":274},"30":{"loc":{"start":{"line":288,"column":7},"end":{"line":320,"column":7}},"type":"binary-expr","locations":[{"start":{"line":288,"column":7},"end":{"line":288,"column":23}},{"start":{"line":289,"column":8},"end":{"line":319,"column":14}}],"line":288},"31":{"loc":{"start":{"line":299,"column":29},"end":{"line":299,"column":47}},"type":"binary-expr","locations":[{"start":{"line":299,"column":29},"end":{"line":299,"column":42}},{"start":{"line":299,"column":46},"end":{"line":299,"column":47}}],"line":299},"32":{"loc":{"start":{"line":323,"column":7},"end":{"line":360,"column":7}},"type":"binary-expr","locations":[{"start":{"line":323,"column":7},"end":{"line":323,"column":19}},{"start":{"line":324,"column":8},"end":{"line":359,"column":14}}],"line":323},"33":{"loc":{"start":{"line":327,"column":15},"end":{"line":327,"column":63}},"type":"cond-expr","locations":[{"start":{"line":327,"column":26},"end":{"line":327,"column":44}},{"start":{"line":327,"column":47},"end":{"line":327,"column":63}}],"line":327},"34":{"loc":{"start":{"line":344,"column":18},"end":{"line":344,"column":96}},"type":"cond-expr","locations":[{"start":{"line":344,"column":29},"end":{"line":344,"column":62}},{"start":{"line":344,"column":65},"end":{"line":344,"column":96}}],"line":344},"35":{"loc":{"start":{"line":346,"column":17},"end":{"line":346,"column":91}},"type":"cond-expr","locations":[{"start":{"line":346,"column":32},"end":{"line":346,"column":47}},{"start":{"line":346,"column":50},"end":{"line":346,"column":91}}],"line":346},"36":{"loc":{"start":{"line":346,"column":50},"end":{"line":346,"column":91}},"type":"cond-expr","locations":[{"start":{"line":346,"column":61},"end":{"line":346,"column":79}},{"start":{"line":346,"column":82},"end":{"line":346,"column":91}}],"line":346}},"s":{"0":1,"1":39,"2":39,"3":39,"4":39,"5":39,"6":39,"7":39,"8":39,"9":39,"10":39,"11":39,"12":39,"13":39,"14":39,"15":11,"16":0,"17":0,"18":0,"19":11,"20":11,"21":10,"22":9,"23":9,"24":2,"25":2,"26":11,"27":39,"28":1,"29":0,"30":1,"31":0,"32":0,"33":0,"34":1,"35":1,"36":1,"37":0,"38":1,"39":0,"40":0,"41":1,"42":1,"43":39,"44":5,"45":0,"46":0,"47":0,"48":5,"49":39,"50":4,"51":1,"52":1,"53":3,"54":0,"55":0,"56":0,"57":3,"58":3,"59":3,"60":1,"61":1,"62":1,"63":2,"64":1,"65":1,"66":2,"67":2,"68":1,"69":1,"70":3,"71":39,"72":39,"73":39,"74":39,"75":0,"76":0,"77":39,"78":39,"79":39,"80":39,"81":10,"82":39,"83":2,"84":0,"85":0,"86":2,"87":2,"88":39,"89":0,"90":2,"91":0,"92":0,"93":0,"94":0,"95":1,"96":1,"97":1,"98":4,"99":0,"100":0},"f":{"0":39,"1":39,"2":11,"3":1,"4":5,"5":4,"6":39,"7":10,"8":2,"9":0,"10":2,"11":0,"12":0,"13":1,"14":1,"15":4,"16":0},"b":{"0":[0,11],"1":[11,11],"2":[10,0],"3":[9,0],"4":[9,0],"5":[2,2],"6":[0,1],"7":[0,1],"8":[1,1],"9":[0,1],"10":[0,0],"11":[0,5],"12":[5,5],"13":[1,3],"14":[4,4],"15":[0,3],"16":[3,3],"17":[1,2],"18":[1,0],"19":[1,0],"20":[39,0],"21":[0,0],"22":[39,0],"23":[0,2],"24":[2,2],"25":[10,29],"26":[28,1],"27":[1,1],"28":[1,0],"29":[1,0],"30":[39,2],"31":[2,0],"32":[39,13],"33":[8,5],"34":[8,5],"35":[3,10],"36":[6,4]},"_coverageSchema":"1a1c01bbd47fc00a2c39e90264f33305004495a9","hash":"2b723ebe57d791a7618389150cd69a3878113c82"}
,"/Users/chowsowying/Desktop/Untitled/frontend/src/pages/student/WalletCancelPage.tsx": {"path":"/Users/chowsowying/Desktop/Untitled/frontend/src/pages/student/WalletCancelPage.tsx","statementMap":{"0":{"start":{"line":4,"column":25},"end":{"line":31,"column":1}},"1":{"start":{"line":5,"column":19},"end":{"line":5,"column":32}},"2":{"start":{"line":7,"column":2},"end":{"line":30,"column":4}},"3":{"start":{"line":18,"column":27},"end":{"line":18,"column":71}},"4":{"start":{"line":23,"column":27},"end":{"line":23,"column":57}}},"fnMap":{"0":{"name":"(anonymous_0)","decl":{"start":{"line":4,"column":25},"end":{"line":4,"column":26}},"loc":{"start":{"line":4,"column":31},"end":{"line":31,"column":1}},"line":4},"1":{"name":"(anonymous_1)","decl":{"start":{"line":18,"column":21},"end":{"line":18,"column":22}},"loc":{"start":{"line":18,"column":27},"end":{"line":18,"column":71}},"line":18},"2":{"name":"(anonymous_2)","decl":{"start":{"line":23,"column":21},"end":{"line":23,"column":22}},"loc":{"start":{"line":23,"column":27},"end":{"line":23,"column":57}},"line":23}},"branchMap":{},"s":{"0":1,"1":3,"2":3,"3":1,"4":1},"f":{"0":3,"1":1,"2":1},"b":{},"_coverageSchema":"1a1c01bbd47fc00a2c39e90264f33305004495a9","hash":"5cc397dd2abdb8a13070fef68b038184200af5f5"}
,"/Users/chowsowying/Desktop/Untitled/frontend/src/pages/student/WalletSuccessPage.tsx": {"path":"/Users/chowsowying/Desktop/Untitled/frontend/src/pages/student/WalletSuccessPage.tsx","statementMap":{"0":{"start":{"line":8,"column":26},"end":{"line":93,"column":1}},"1":{"start":{"line":9,"column":19},"end":{"line":9,"column":32}},"2":{"start":{"line":10,"column":25},"end":{"line":10,"column":42}},"3":{"start":{"line":11,"column":19},"end":{"line":11,"column":56}},"4":{"start":{"line":11,"column":45},"end":{"line":11,"column":55}},"5":{"start":{"line":13,"column":30},"end":{"line":13,"column":89}},"6":{"start":{"line":14,"column":26},"end":{"line":14,"column":39}},"7":{"start":{"line":16,"column":20},"end":{"line":16,"column":49}},"8":{"start":{"line":17,"column":17},"end":{"line":17,"column":43}},"9":{"start":{"line":19,"column":2},"end":{"line":53,"column":42}},"10":{"start":{"line":20,"column":25},"end":{"line":50,"column":5}},"11":{"start":{"line":21,"column":6},"end":{"line":21,"column":42}},"12":{"start":{"line":21,"column":35},"end":{"line":21,"column":42}},"13":{"start":{"line":22,"column":6},"end":{"line":22,"column":37}},"14":{"start":{"line":24,"column":24},"end":{"line":24,"column":61}},"15":{"start":{"line":25,"column":6},"end":{"line":29,"column":7}},"16":{"start":{"line":26,"column":8},"end":{"line":26,"column":72}},"17":{"start":{"line":27,"column":8},"end":{"line":27,"column":29}},"18":{"start":{"line":28,"column":8},"end":{"line":28,"column":15}},"19":{"start":{"line":31,"column":6},"end":{"line":35,"column":7}},"20":{"start":{"line":32,"column":8},"end":{"line":32,"column":47}},"21":{"start":{"line":33,"column":8},"end":{"line":33,"column":28}},"22":{"start":{"line":34,"column":8},"end":{"line":34,"column":15}},"23":{"start":{"line":37,"column":6},"end":{"line":49,"column":7}},"24":{"start":{"line":38,"column":8},"end":{"line":38,"column":69}},"25":{"start":{"line":39,"column":8},"end":{"line":39,"column":48}},"26":{"start":{"line":40,"column":8},"end":{"line":40,"column":64}},"27":{"start":{"line":41,"column":8},"end":{"line":41,"column":29}},"28":{"start":{"line":44,"column":8},"end":{"line":44,"column":75}},"29":{"start":{"line":44,"column":25},"end":{"line":44,"column":67}},"30":{"start":{"line":46,"column":8},"end":{"line":46,"column":44}},"31":{"start":{"line":47,"column":8},"end":{"line":47,"column":55}},"32":{"start":{"line":48,"column":8},"end":{"line":48,"column":28}},"33":{"start":{"line":52,"column":4},"end":{"line":52,"column":19}},"34":{"start":{"line":55,"column":2},"end":{"line":92,"column":4}},"35":{"start":{"line":84,"column":29},"end":{"line":84,"column":56}}},"fnMap":{"0":{"name":"(anonymous_0)","decl":{"start":{"line":8,"column":26},"end":{"line":8,"column":27}},"loc":{"start":{"line":8,"column":32},"end":{"line":93,"column":1}},"line":8},"1":{"name":"(anonymous_1)","decl":{"start":{"line":11,"column":34},"end":{"line":11,"column":35}},"loc":{"start":{"line":11,"column":45},"end":{"line":11,"column":55}},"line":11},"2":{"name":"(anonymous_2)","decl":{"start":{"line":19,"column":12},"end":{"line":19,"column":13}},"loc":{"start":{"line":19,"column":18},"end":{"line":53,"column":3}},"line":19},"3":{"name":"(anonymous_3)","decl":{"start":{"line":20,"column":25},"end":{"line":20,"column":26}},"loc":{"start":{"line":20,"column":37},"end":{"line":50,"column":5}},"line":20},"4":{"name":"(anonymous_4)","decl":{"start":{"line":44,"column":19},"end":{"line":44,"column":20}},"loc":{"start":{"line":44,"column":25},"end":{"line":44,"column":67}},"line":44},"5":{"name":"(anonymous_5)","decl":{"start":{"line":84,"column":23},"end":{"line":84,"column":24}},"loc":{"start":{"line":84,"column":29},"end":{"line":84,"column":56}},"line":84}},"branchMap":{"0":{"loc":{"start":{"line":21,"column":6},"end":{"line":21,"column":42}},"type":"if","locations":[{"start":{"line":21,"column":6},"end":{"line":21,"column":42}},{"start":{},"end":{}}],"line":21},"1":{"loc":{"start":{"line":25,"column":6},"end":{"line":29,"column":7}},"type":"if","locations":[{"start":{"line":25,"column":6},"end":{"line":29,"column":7}},{"start":{},"end":{}}],"line":25},"2":{"loc":{"start":{"line":31,"column":6},"end":{"line":35,"column":7}},"type":"if","locations":[{"start":{"line":31,"column":6},"end":{"line":35,"column":7}},{"start":{},"end":{}}],"line":31},"3":{"loc":{"start":{"line":31,"column":10},"end":{"line":31,"column":47}},"type":"binary-expr","locations":[{"start":{"line":31,"column":10},"end":{"line":31,"column":20}},{"start":{"line":31,"column":24},"end":{"line":31,"column":31}},{"start":{"line":31,"column":35},"end":{"line":31,"column":47}}],"line":31},"4":{"loc":{"start":{"line":59,"column":9},"end":{"line":64,"column":9}},"type":"binary-expr","locations":[{"start":{"line":59,"column":9},"end":{"line":59,"column":32}},{"start":{"line":60,"column":10},"end":{"line":63,"column":13}}],"line":59},"5":{"loc":{"start":{"line":66,"column":9},"end":{"line":75,"column":9}},"type":"binary-expr","locations":[{"start":{"line":66,"column":9},"end":{"line":66,"column":29}},{"start":{"line":67,"column":10},"end":{"line":74,"column":13}}],"line":66},"6":{"loc":{"start":{"line":77,"column":9},"end":{"line":89,"column":9}},"type":"binary-expr","locations":[{"start":{"line":77,"column":9},"end":{"line":77,"column":28}},{"start":{"line":78,"column":10},"end":{"line":88,"column":13}}],"line":77}},"s":{"0":1,"1":10,"2":10,"3":10,"4":10,"5":10,"6":9,"7":9,"8":9,"9":9,"10":9,"11":9,"12":4,"13":5,"14":5,"15":5,"16":1,"17":1,"18":1,"19":4,"20":0,"21":0,"22":0,"23":4,"24":4,"25":2,"26":2,"27":2,"28":2,"29":1,"30":2,"31":2,"32":2,"33":9,"34":9,"35":1},"f":{"0":10,"1":10,"2":9,"3":9,"4":1,"5":1},"b":{"0":[4,5],"1":[1,4],"2":[0,4],"3":[4,4,4],"4":[9,5],"5":[9,2],"6":[9,2]},"_coverageSchema":"1a1c01bbd47fc00a2c39e90264f33305004495a9","hash":"0eec72a8d67b20ed0e9add93af9cff3e8ab49704"}
,"/Users/chowsowying/Desktop/Untitled/frontend/src/redux/loaderSlice.ts": {"path":"/Users/chowsowying/Desktop/Untitled/frontend/src/redux/loaderSlice.ts","statementMap":{"0":{"start":{"line":7,"column":34},"end":{"line":9,"column":1}},"1":{"start":{"line":11,"column":27},"end":{"line":19,"column":2}},"2":{"start":{"line":16,"column":6},"end":{"line":16,"column":37}},"3":{"start":{"line":21,"column":30},"end":{"line":21,"column":49}}},"fnMap":{"0":{"name":"(anonymous_0)","decl":{"start":{"line":15,"column":16},"end":{"line":15,"column":17}},"loc":{"start":{"line":15,"column":59},"end":{"line":17,"column":5}},"line":15}},"branchMap":{},"s":{"0":9,"1":9,"2":0,"3":9},"f":{"0":0},"b":{},"_coverageSchema":"1a1c01bbd47fc00a2c39e90264f33305004495a9","hash":"0f8ec888cd688ede14da8c8aac25790d2f0e2aee"}
,"/Users/chowsowying/Desktop/Untitled/frontend/src/redux/store.ts": {"path":"/Users/chowsowying/Desktop/Untitled/frontend/src/redux/store.ts","statementMap":{"0":{"start":{"line":8,"column":14},"end":{"line":14,"column":2}},"1":{"start":{"line":16,"column":59},"end":{"line":16,"column":70}},"2":{"start":{"line":17,"column":87},"end":{"line":17,"column":98}}},"fnMap":{},"branchMap":{},"s":{"0":7,"1":7,"2":7},"f":{},"b":{},"_coverageSchema":"1a1c01bbd47fc00a2c39e90264f33305004495a9","hash":"d28e2151609f4cbd0a20b7717f15374185ff79c8"}
,"/Users/chowsowying/Desktop/Untitled/frontend/src/redux/tutorSlice.ts": {"path":"/Users/chowsowying/Desktop/Untitled/frontend/src/redux/tutorSlice.ts","statementMap":{"0":{"start":{"line":8,"column":33},"end":{"line":10,"column":1}},"1":{"start":{"line":12,"column":26},"end":{"line":23,"column":2}},"2":{"start":{"line":17,"column":6},"end":{"line":17,"column":43}},"3":{"start":{"line":20,"column":6},"end":{"line":20,"column":33}},"4":{"start":{"line":25,"column":48},"end":{"line":25,"column":66}}},"fnMap":{"0":{"name":"(anonymous_0)","decl":{"start":{"line":16,"column":4},"end":{"line":16,"column":5}},"loc":{"start":{"line":16,"column":50},"end":{"line":18,"column":5}},"line":16},"1":{"name":"(anonymous_1)","decl":{"start":{"line":19,"column":4},"end":{"line":19,"column":5}},"loc":{"start":{"line":19,"column":30},"end":{"line":21,"column":5}},"line":19}},"branchMap":{},"s":{"0":7,"1":7,"2":0,"3":0,"4":7},"f":{"0":0,"1":0},"b":{},"_coverageSchema":"1a1c01bbd47fc00a2c39e90264f33305004495a9","hash":"740a2959212d37c6ddf68781a961ac4dcfdf74d0"}
,"/Users/chowsowying/Desktop/Untitled/frontend/src/redux/userSlice.ts": {"path":"/Users/chowsowying/Desktop/Untitled/frontend/src/redux/userSlice.ts","statementMap":{"0":{"start":{"line":24,"column":32},"end":{"line":26,"column":1}},"1":{"start":{"line":28,"column":25},"end":{"line":36,"column":2}},"2":{"start":{"line":33,"column":6},"end":{"line":33,"column":34}},"3":{"start":{"line":38,"column":27},"end":{"line":38,"column":44}}},"fnMap":{"0":{"name":"(anonymous_0)","decl":{"start":{"line":32,"column":13},"end":{"line":32,"column":14}},"loc":{"start":{"line":32,"column":63},"end":{"line":34,"column":5}},"line":32}},"branchMap":{},"s":{"0":7,"1":7,"2":0,"3":7},"f":{"0":0},"b":{},"_coverageSchema":"1a1c01bbd47fc00a2c39e90264f33305004495a9","hash":"f405de2ebf51bc70b522504e82a8c02dc28d1e45"}
}
