TN:
SF:src/components/AvailabilityCalendar.tsx
FN:27,(anonymous_0)
FN:35,(anonymous_1)
FN:43,(anonymous_2)
FN:48,(anonymous_3)
FN:55,(anonymous_4)
FN:61,(anonymous_5)
FN:61,(anonymous_6)
FN:65,(anonymous_7)
FN:65,(anonymous_8)
FN:69,(anonymous_9)
FN:69,(anonymous_10)
FN:74,(anonymous_11)
FN:75,(anonymous_12)
FN:78,(anonymous_13)
FN:84,(anonymous_14)
FN:96,(anonymous_15)
FN:97,(anonymous_16)
FN:98,(anonymous_17)
FN:99,(anonymous_18)
FN:104,(anonymous_19)
FN:160,(anonymous_20)
FN:169,(anonymous_21)
FN:173,(anonymous_22)
FN:191,(anonymous_23)
FNF:24
FNH:14
FNDA:10,(anonymous_0)
FNDA:4,(anonymous_1)
FNDA:5,(anonymous_2)
FNDA:5,(anonymous_3)
FNDA:212,(anonymous_4)
FNDA:0,(anonymous_5)
FNDA:0,(anonymous_6)
FNDA:0,(anonymous_7)
FNDA:0,(anonymous_8)
FNDA:0,(anonymous_9)
FNDA:0,(anonymous_10)
FNDA:0,(anonymous_11)
FNDA:0,(anonymous_12)
FNDA:515,(anonymous_13)
FNDA:10,(anonymous_14)
FNDA:0,(anonymous_15)
FNDA:0,(anonymous_16)
FNDA:1,(anonymous_17)
FNDA:1,(anonymous_18)
FNDA:302,(anonymous_19)
FNDA:70,(anonymous_20)
FNDA:50,(anonymous_21)
FNDA:302,(anonymous_22)
FNDA:1,(anonymous_23)
DA:27,1
DA:35,10
DA:36,4
DA:37,4
DA:38,4
DA:41,10
DA:43,10
DA:44,5
DA:45,5
DA:48,10
DA:49,5
DA:50,5
DA:55,10
DA:56,212
DA:60,10
DA:61,0
DA:64,10
DA:65,0
DA:68,10
DA:69,0
DA:72,10
DA:74,0
DA:75,0
DA:78,10
DA:79,515
DA:80,515
DA:81,515
DA:84,10
DA:85,10
DA:86,10
DA:87,10
DA:88,10
DA:89,10
DA:90,10
DA:91,302
DA:93,10
DA:96,10
DA:97,0
DA:98,10
DA:99,1
DA:101,10
DA:102,10
DA:104,10
DA:105,302
DA:106,212
DA:108,212
DA:109,212
DA:110,212
DA:111,212
DA:113,212
DA:115,212
DA:118,10
DA:128,10
DA:138,10
DA:140,10
DA:161,70
DA:170,50
DA:174,302
DA:175,302
DA:176,302
DA:177,302
DA:180,302
DA:182,302
DA:187,302
DA:192,1
DA:193,1
DA:194,1
DA:198,1
LF:68
LH:62
BRDA:30,0,0,4
BRDA:36,1,0,0
BRDA:36,1,1,4
BRDA:49,2,0,5
BRDA:49,2,1,0
BRDA:49,3,0,5
BRDA:49,3,1,5
BRDA:105,4,0,90
BRDA:105,4,1,212
BRDA:108,5,0,0
BRDA:108,5,1,212
BRDA:109,6,0,0
BRDA:109,6,1,212
BRDA:110,7,0,0
BRDA:110,7,1,212
BRDA:111,8,0,0
BRDA:111,8,1,212
BRDA:113,9,0,0
BRDA:113,9,1,212
BRDA:152,10,0,0
BRDA:152,10,1,10
BRDA:176,11,0,302
BRDA:176,11,1,0
BRDA:180,12,0,242
BRDA:180,12,1,60
BRDA:182,13,0,0
BRDA:182,13,1,302
BRDA:192,14,0,0
BRDA:192,14,1,1
BRDA:193,15,0,0
BRDA:193,15,1,1
BRDA:194,16,0,1
BRDA:194,16,1,0
BRDA:195,17,0,1
BRDA:195,17,1,1
BRDA:202,18,0,302
BRDA:202,18,1,0
BRDA:203,19,0,302
BRDA:203,19,1,0
BRDA:204,20,0,302
BRDA:204,20,1,0
BRDA:205,21,0,302
BRDA:205,21,1,0
BRDA:208,22,0,302
BRDA:208,22,1,212
BRDA:208,22,2,212
BRDA:211,23,0,302
BRDA:211,23,1,0
BRF:48
BRH:30
end_of_record
TN:
SF:src/components/AvailabilityPicker.tsx
FN:3,(anonymous_0)
FN:8,(anonymous_1)
FN:14,(anonymous_2)
FN:20,(anonymous_3)
FN:26,(anonymous_4)
FN:31,(anonymous_5)
FN:40,(anonymous_6)
FN:45,(anonymous_7)
FN:55,(anonymous_8)
FN:65,(anonymous_9)
FNF:10
FNH:10
FNDA:19,(anonymous_0)
FNDA:7,(anonymous_1)
FNDA:14,(anonymous_2)
FNDA:8,(anonymous_3)
FNDA:6,(anonymous_4)
FNDA:6,(anonymous_5)
FNDA:133,(anonymous_6)
FNDA:4,(anonymous_7)
FNDA:1,(anonymous_8)
FNDA:1,(anonymous_9)
DA:3,1
DA:4,19
DA:6,19
DA:9,7
DA:10,7
DA:14,19
DA:15,14
DA:16,14
DA:20,19
DA:21,8
DA:22,7
DA:26,19
DA:31,6
DA:37,19
DA:41,133
DA:46,4
DA:56,1
DA:66,1
LF:18
LH:18
BRDA:7,0,0,19
BRDA:7,0,1,1
BRDA:15,1,0,14
BRDA:15,1,1,0
BRDA:21,2,0,7
BRDA:21,2,1,1
BRF:6
BRH:5
end_of_record
TN:
SF:src/components/BookingCard.tsx
FN:22,(anonymous_0)
FN:47,(anonymous_1)
FN:65,(anonymous_2)
FN:66,(anonymous_3)
FN:67,(anonymous_4)
FN:93,(anonymous_5)
FN:109,(anonymous_6)
FN:130,(anonymous_7)
FNF:8
FNH:7
FNDA:13,(anonymous_0)
FNDA:1,(anonymous_1)
FNDA:1,(anonymous_2)
FNDA:2,(anonymous_3)
FNDA:1,(anonymous_4)
FNDA:1,(anonymous_5)
FNDA:9,(anonymous_6)
FNDA:0,(anonymous_7)
DA:22,1
DA:38,13
DA:40,13
DA:47,13
DA:48,1
DA:49,1
DA:53,13
DA:54,13
DA:56,13
DA:57,13
DA:58,13
DA:63,13
DA:65,1
DA:66,2
DA:67,1
DA:94,1
DA:95,1
DA:109,9
DA:131,0
DA:132,0
LF:20
LH:18
BRDA:31,0,0,10
BRDA:32,1,0,12
BRDA:49,2,0,1
BRDA:49,2,1,0
BRDA:53,3,0,13
BRDA:53,3,1,10
BRDA:53,3,2,8
BRDA:65,4,0,1
BRDA:65,4,1,1
BRDA:66,5,0,2
BRDA:66,5,1,1
BRDA:67,6,0,1
BRDA:67,6,1,1
BRDA:68,7,0,1
BRDA:68,7,1,12
BRDA:88,8,0,13
BRDA:88,8,1,12
BRDA:90,9,0,3
BRDA:90,9,1,9
BRDA:91,10,0,1
BRDA:91,10,1,2
BRDA:95,11,0,1
BRDA:95,11,1,0
BRDA:118,12,0,13
BRDA:118,12,1,1
BRDA:128,13,0,13
BRDA:128,13,1,0
BRDA:132,14,0,0
BRDA:132,14,1,0
BRDA:132,15,0,0
BRDA:132,15,1,0
BRF:31
BRH:24
end_of_record
TN:
SF:src/components/BookingModal.tsx
FN:11,(anonymous_0)
FN:22,(anonymous_1)
FN:45,(anonymous_2)
FN:66,(anonymous_3)
FN:67,(anonymous_4)
FNF:5
FNH:5
FNDA:14,(anonymous_0)
FNDA:7,(anonymous_1)
FNDA:2,(anonymous_2)
FNDA:1,(anonymous_3)
FNDA:36,(anonymous_4)
DA:11,1
DA:18,14
DA:19,14
DA:20,14
DA:22,14
DA:23,7
DA:24,6
DA:25,6
DA:28,6
DA:29,1
DA:33,6
DA:34,6
DA:36,6
DA:37,6
DA:39,0
DA:45,14
DA:46,2
DA:47,1
DA:50,14
DA:66,1
DA:68,36
LF:21
LH:20
BRDA:18,0,0,14
BRDA:18,0,1,2
BRDA:23,1,0,6
BRDA:23,1,1,1
BRDA:23,2,0,7
BRDA:23,2,1,6
BRDA:23,2,2,6
BRDA:28,3,0,1
BRDA:28,3,1,5
BRDA:36,4,0,6
BRDA:36,4,1,0
BRDA:46,5,0,1
BRDA:46,5,1,1
BRDA:81,6,0,14
BRDA:81,6,1,13
BRDA:81,6,2,7
BRF:16
BRH:15
end_of_record
TN:
SF:src/components/BookingModalAccept.tsx
FN:15,(anonymous_0)
FNF:1
FNH:1
FNDA:6,(anonymous_0)
DA:15,1
DA:21,6
LF:2
LH:2
BRF:0
BRH:0
end_of_record
TN:
SF:src/components/BookingModalView.tsx
FN:14,(anonymous_0)
FNF:1
FNH:1
FNDA:4,(anonymous_0)
DA:14,1
DA:18,4
LF:2
LH:2
BRDA:25,0,0,4
BRDA:25,0,1,3
BRDA:28,1,0,4
BRDA:28,1,1,3
BRF:4
BRH:4
end_of_record
TN:
SF:src/components/CreateAdminModal.tsx
FN:14,(anonymous_0)
FN:25,(anonymous_1)
FN:53,(anonymous_2)
FN:64,(anonymous_3)
FN:164,(anonymous_4)
FN:165,(anonymous_5)
FN:184,(anonymous_6)
FNF:7
FNH:6
FNDA:22,(anonymous_0)
FNDA:0,(anonymous_1)
FNDA:9,(anonymous_2)
FNDA:4,(anonymous_3)
FNDA:280,(anonymous_4)
FNDA:270,(anonymous_5)
FNDA:1,(anonymous_6)
DA:14,1
DA:22,22
DA:24,22
DA:25,22
DA:28,22
DA:51,22
DA:53,22
DA:54,9
DA:55,1
DA:56,1
DA:57,1
DA:60,8
DA:64,22
DA:65,4
DA:66,4
DA:67,4
DA:70,3
DA:72,3
DA:73,3
DA:75,3
DA:84,2
DA:86,2
DA:87,1
DA:88,1
DA:90,1
DA:93,1
DA:94,1
DA:98,22
DA:100,20
DA:164,280
DA:166,270
DA:185,1
DA:186,1
LF:33
LH:33
BRDA:54,0,0,1
BRDA:54,0,1,8
BRDA:56,1,0,1
BRDA:56,1,1,0
BRDA:67,2,0,1
BRDA:67,2,1,3
BRDA:86,3,0,1
BRDA:86,3,1,1
BRDA:98,4,0,2
BRDA:98,4,1,20
BRDA:104,5,0,1
BRDA:104,5,1,19
BRDA:108,6,0,20
BRDA:108,6,1,19
BRDA:116,7,0,19
BRDA:116,7,1,1
BRDA:126,8,0,19
BRDA:126,8,1,1
BRDA:141,9,0,20
BRDA:141,9,1,1
BRDA:145,10,0,20
BRDA:145,10,1,19
BRDA:153,11,0,19
BRDA:153,11,1,1
BRDA:164,12,0,280
BRDA:164,12,1,28
BRDA:196,13,0,1
BRDA:196,13,1,19
BRF:28
BRH:27
end_of_record
TN:
SF:src/components/CreateTutorModal.tsx
FN:14,(anonymous_0)
FN:27,(anonymous_1)
FN:39,(anonymous_2)
FNF:3
FNH:3
FNDA:20,(anonymous_0)
FNDA:8,(anonymous_1)
FNDA:4,(anonymous_2)
DA:14,1
DA:22,20
DA:24,20
DA:27,20
DA:28,8
DA:29,1
DA:35,7
DA:39,20
DA:40,4
DA:41,4
DA:42,4
DA:44,3
DA:46,3
DA:47,3
DA:54,3
DA:63,2
DA:65,2
DA:66,1
DA:67,1
DA:69,1
DA:72,1
DA:73,1
DA:77,20
DA:79,18
LF:24
LH:24
BRDA:28,0,0,1
BRDA:28,0,1,7
BRDA:42,1,0,1
BRDA:42,1,1,3
BRDA:65,2,0,1
BRDA:65,2,1,1
BRDA:77,3,0,2
BRDA:77,3,1,18
BRDA:82,4,0,2
BRDA:82,4,1,16
BRDA:95,5,0,18
BRDA:95,5,1,1
BRDA:104,6,0,18
BRDA:104,6,1,1
BRDA:112,7,0,18
BRDA:112,7,1,1
BRDA:120,8,0,18
BRDA:120,8,1,1
BRDA:132,9,0,2
BRDA:132,9,1,16
BRF:20
BRH:20
end_of_record
TN:
SF:src/components/NavLinks.tsx
FNF:0
FNH:0
DA:7,1
LF:1
LH:1
BRF:0
BRH:0
end_of_record
TN:
SF:src/components/Navbar.tsx
FN:12,(anonymous_0)
FN:17,(anonymous_1)
FN:26,(anonymous_2)
FN:31,(anonymous_3)
FN:32,(anonymous_4)
FN:39,(anonymous_5)
FN:41,(anonymous_6)
FN:44,(anonymous_7)
FN:49,(anonymous_8)
FN:55,(anonymous_9)
FN:59,(anonymous_10)
FN:60,(anonymous_11)
FN:70,(anonymous_12)
FN:74,(anonymous_13)
FN:90,(anonymous_14)
FN:93,(anonymous_15)
FN:96,(anonymous_16)
FN:106,(anonymous_17)
FN:113,(anonymous_18)
FN:135,(anonymous_19)
FN:155,(anonymous_20)
FN:156,(anonymous_21)
FN:158,(anonymous_22)
FNF:23
FNH:15
FNDA:23,(anonymous_0)
FNDA:11,(anonymous_1)
FNDA:9,(anonymous_2)
FNDA:5,(anonymous_3)
FNDA:0,(anonymous_4)
FNDA:0,(anonymous_5)
FNDA:0,(anonymous_6)
FNDA:0,(anonymous_7)
FNDA:5,(anonymous_8)
FNDA:0,(anonymous_9)
FNDA:0,(anonymous_10)
FNDA:0,(anonymous_11)
FNDA:16,(anonymous_12)
FNDA:5,(anonymous_13)
FNDA:66,(anonymous_14)
FNDA:33,(anonymous_15)
FNDA:1,(anonymous_16)
FNDA:2,(anonymous_17)
FNDA:33,(anonymous_18)
FNDA:1,(anonymous_19)
FNDA:1,(anonymous_20)
FNDA:2,(anonymous_21)
FNDA:0,(anonymous_22)
DA:12,2
DA:13,23
DA:14,23
DA:15,23
DA:17,23
DA:18,23
DA:20,23
DA:21,22
DA:26,22
DA:27,9
DA:30,5
DA:31,5
DA:32,0
DA:35,5
DA:39,5
DA:40,0
DA:41,0
DA:44,5
DA:45,0
DA:46,0
DA:49,5
DA:55,22
DA:56,0
DA:57,0
DA:58,0
DA:59,0
DA:60,0
DA:63,0
DA:70,22
DA:71,16
DA:72,5
DA:74,5
DA:75,5
DA:76,5
DA:77,5
DA:78,5
DA:79,5
DA:80,5
DA:82,0
DA:86,5
DA:89,22
DA:91,66
DA:93,33
DA:96,22
DA:97,1
DA:98,1
DA:99,1
DA:100,1
DA:101,1
DA:102,1
DA:103,1
DA:106,22
DA:108,22
DA:115,33
DA:117,33
DA:135,1
DA:155,1
DA:156,2
DA:158,0
LF:59
LH:46
BRDA:18,0,0,23
BRDA:18,0,1,11
BRDA:27,1,0,4
BRDA:27,1,1,5
BRDA:27,2,0,9
BRDA:27,2,1,5
BRDA:56,3,0,0
BRDA:56,3,1,0
BRDA:60,4,0,0
BRDA:60,4,1,0
BRDA:71,5,0,11
BRDA:71,5,1,5
BRDA:71,6,0,16
BRDA:71,6,1,16
BRDA:71,6,2,5
BRDA:72,7,0,0
BRDA:72,7,1,5
BRDA:72,8,0,5
BRDA:72,8,1,2
BRDA:77,9,0,5
BRDA:77,9,1,0
BRDA:89,10,0,22
BRDA:89,10,1,0
BRDA:91,11,0,66
BRDA:91,11,1,55
BRDA:91,11,2,33
BRDA:98,12,0,1
BRDA:98,12,1,0
BRDA:115,13,0,33
BRDA:115,13,1,22
BRDA:122,14,0,11
BRDA:122,14,1,22
BRDA:139,15,0,22
BRDA:139,15,1,1
BRF:34
BRH:26
end_of_record
TN:
SF:src/components/NotificationsModal.tsx
FN:10,(anonymous_0)
FN:31,(anonymous_1)
FNF:2
FNH:2
FNDA:17,(anonymous_0)
FNDA:8,(anonymous_1)
DA:10,2
DA:15,17
DA:17,5
DA:32,8
LF:4
LH:4
BRDA:15,0,0,12
BRDA:15,0,1,5
BRDA:27,1,0,1
BRDA:27,1,1,4
BRDA:36,2,0,4
BRDA:36,2,1,4
BRF:6
BRH:6
end_of_record
TN:
SF:src/components/ProfilePicModal.tsx
FN:14,(anonymous_0)
FN:15,(anonymous_1)
FN:21,(anonymous_2)
FN:28,(anonymous_3)
FNF:4
FNH:2
FNDA:4,(anonymous_0)
FNDA:0,(anonymous_1)
FNDA:0,(anonymous_2)
FNDA:1,(anonymous_3)
DA:14,1
DA:15,4
DA:16,4
DA:17,4
DA:19,4
DA:21,3
DA:22,0
DA:23,0
DA:24,0
DA:28,3
DA:29,1
DA:30,1
DA:31,1
DA:34,0
DA:35,0
DA:36,0
DA:38,0
DA:41,0
DA:42,0
DA:43,0
DA:45,0
DA:46,0
DA:49,3
LF:23
LH:11
BRDA:19,0,0,1
BRDA:19,0,1,3
BRDA:22,1,0,0
BRDA:22,1,1,0
BRDA:22,2,0,0
BRDA:22,2,1,0
BRDA:29,3,0,1
BRDA:29,3,1,0
BRDA:29,4,0,1
BRDA:29,4,1,0
BRDA:29,4,2,0
BRDA:35,5,0,0
BRDA:35,5,1,0
BRDA:60,6,0,0
BRDA:60,6,1,3
BRF:15
BRH:5
end_of_record
TN:
SF:src/components/RescheduleModal.tsx
FN:16,(anonymous_0)
FN:17,(anonymous_1)
FN:29,(anonymous_2)
FN:39,(anonymous_3)
FN:43,(anonymous_4)
FN:63,(anonymous_5)
FN:67,(anonymous_6)
FN:73,(anonymous_7)
FN:86,(anonymous_8)
FN:94,(anonymous_9)
FN:145,(anonymous_10)
FN:152,(anonymous_11)
FNF:12
FNH:9
FNDA:20,(anonymous_0)
FNDA:0,(anonymous_1)
FNDA:16,(anonymous_2)
FNDA:8,(anonymous_3)
FNDA:7,(anonymous_4)
FNDA:8,(anonymous_5)
FNDA:7,(anonymous_6)
FNDA:6,(anonymous_7)
FNDA:3,(anonymous_8)
FNDA:2,(anonymous_9)
FNDA:0,(anonymous_10)
FNDA:0,(anonymous_11)
DA:16,1
DA:17,20
DA:19,20
DA:20,20
DA:21,20
DA:22,20
DA:23,20
DA:24,20
DA:29,20
DA:30,16
DA:31,16
DA:32,16
DA:33,16
DA:39,20
DA:40,8
DA:41,7
DA:43,7
DA:44,7
DA:45,7
DA:46,7
DA:47,6
DA:48,6
DA:50,1
DA:51,1
DA:53,7
DA:57,7
DA:63,20
DA:64,8
DA:65,7
DA:67,7
DA:68,7
DA:69,7
DA:70,7
DA:72,7
DA:73,6
DA:75,1
DA:76,1
DA:80,7
DA:86,20
DA:87,3
DA:88,3
DA:94,20
DA:95,2
DA:97,2
DA:98,2
DA:113,1
DA:114,1
DA:116,1
DA:117,1
DA:119,2
DA:120,2
DA:124,20
DA:125,8
DA:134,12
DA:152,0
LF:55
LH:54
BRDA:40,0,0,1
BRDA:40,0,1,7
BRDA:40,1,0,8
BRDA:40,1,1,7
BRDA:47,2,0,6
BRDA:47,2,1,0
BRDA:48,3,0,6
BRDA:48,3,1,0
BRDA:64,4,0,1
BRDA:64,4,1,7
BRDA:64,5,0,8
BRDA:64,5,1,7
BRDA:95,6,0,0
BRDA:95,6,1,2
BRDA:95,7,0,2
BRDA:95,7,1,2
BRDA:124,8,0,8
BRDA:124,8,1,12
BRDA:148,9,0,12
BRDA:148,9,1,3
BRDA:148,9,2,3
BRF:21
BRH:18
end_of_record
TN:
SF:src/components/ReviewModal.tsx
FN:14,(anonymous_0)
FN:28,(anonymous_1)
FN:65,(anonymous_2)
FN:68,(anonymous_3)
FN:80,(anonymous_4)
FNF:5
FNH:5
FNDA:24,(anonymous_0)
FNDA:5,(anonymous_1)
FNDA:115,(anonymous_2)
FNDA:5,(anonymous_3)
FNDA:2,(anonymous_4)
DA:14,1
DA:22,24
DA:23,24
DA:24,24
DA:26,24
DA:28,23
DA:29,5
DA:30,1
DA:31,1
DA:34,4
DA:35,4
DA:36,4
DA:42,2
DA:43,2
DA:44,2
DA:45,2
DA:47,2
DA:48,2
DA:49,1
DA:51,1
DA:54,4
DA:58,23
DA:66,115
DA:68,5
DA:80,2
LF:25
LH:25
BRDA:26,0,0,1
BRDA:26,0,1,23
BRDA:29,1,0,1
BRDA:29,1,1,4
BRDA:48,2,0,1
BRDA:48,2,1,1
BRDA:70,3,0,41
BRDA:70,3,1,74
BRDA:97,4,0,4
BRDA:97,4,1,19
BRF:10
BRH:10
end_of_record
TN:
SF:src/components/RingChart.tsx
FN:15,(anonymous_0)
FN:40,(anonymous_1)
FN:55,(anonymous_2)
FN:61,(anonymous_3)
FNF:4
FNH:4
FNDA:4,(anonymous_0)
FNDA:16,(anonymous_1)
FNDA:16,(anonymous_2)
FNDA:16,(anonymous_3)
DA:3,1
DA:15,1
DA:16,4
DA:23,4
DA:25,4
DA:41,16
DA:55,16
DA:62,16
LF:8
LH:8
BRDA:15,0,0,3
BRDA:15,1,0,3
BRDA:23,2,0,3
BRDA:23,2,1,1
BRDA:55,3,0,1
BRDA:55,3,1,3
BRDA:62,4,0,16
BRDA:62,4,1,7
BRF:8
BRH:8
end_of_record
TN:
SF:src/components/TutorApprovalModal.tsx
FN:10,(anonymous_0)
FN:14,(anonymous_1)
FN:38,(anonymous_2)
FN:54,(anonymous_3)
FNF:4
FNH:4
FNDA:12,(anonymous_0)
FNDA:7,(anonymous_1)
FNDA:4,(anonymous_2)
FNDA:2,(anonymous_3)
DA:10,1
DA:11,12
DA:14,12
DA:15,7
DA:18,12
DA:20,9
DA:22,9
DA:38,4
DA:54,2
LF:9
LH:9
BRDA:15,0,0,2
BRDA:15,0,1,5
BRDA:18,1,0,3
BRDA:18,1,1,9
BRDA:26,2,0,7
BRDA:26,2,1,2
BRDA:30,3,0,7
BRDA:30,3,1,2
BRDA:35,4,0,9
BRDA:35,4,1,7
BRDA:54,5,0,1
BRDA:54,5,1,1
BRDA:55,6,0,9
BRDA:55,6,1,7
BRDA:57,7,0,7
BRDA:57,7,1,2
BRDA:62,8,0,7
BRDA:62,8,1,2
BRF:18
BRH:18
end_of_record
TN:
SF:src/components/TutorLessonTypeInput.tsx
FN:10,(anonymous_0)
FN:18,(anonymous_1)
FN:26,(anonymous_2)
FN:27,(anonymous_3)
FN:31,(anonymous_4)
FN:34,(anonymous_5)
FN:45,(anonymous_6)
FN:51,(anonymous_7)
FN:64,(anonymous_8)
FN:74,(anonymous_9)
FN:78,(anonymous_10)
FNF:11
FNH:11
FNDA:16,(anonymous_0)
FNDA:3,(anonymous_1)
FNDA:1,(anonymous_2)
FNDA:1,(anonymous_3)
FNDA:14,(anonymous_4)
FNDA:3,(anonymous_5)
FNDA:7,(anonymous_6)
FNDA:1,(anonymous_7)
FNDA:4,(anonymous_8)
FNDA:2,(anonymous_9)
FNDA:1,(anonymous_10)
DA:10,1
DA:15,16
DA:16,16
DA:18,16
DA:19,3
DA:20,3
DA:21,2
DA:22,2
DA:23,2
DA:26,16
DA:27,1
DA:30,16
DA:31,14
DA:34,16
DA:35,3
DA:36,2
DA:37,2
DA:41,16
DA:46,7
DA:51,1
DA:65,4
DA:66,4
DA:75,2
DA:78,1
LF:24
LH:24
BRDA:11,0,0,0
BRDA:13,1,0,10
BRDA:20,2,0,1
BRDA:20,2,1,2
BRDA:20,3,0,3
BRDA:20,3,1,3
BRDA:31,4,0,14
BRDA:31,4,1,11
BRDA:35,5,0,2
BRDA:35,5,1,1
BRDA:35,6,0,3
BRDA:35,6,1,3
BRDA:72,7,0,16
BRDA:72,7,1,4
BRDA:72,7,2,2
BRF:15
BRH:14
end_of_record
TN:
SF:src/components/TutorProfileSummary.tsx
FN:3,(anonymous_0)
FN:30,(anonymous_1)
FN:48,(anonymous_2)
FN:88,(anonymous_3)
FNF:4
FNH:3
FNDA:9,(anonymous_0)
FNDA:14,(anonymous_1)
FNDA:14,(anonymous_2)
FNDA:0,(anonymous_3)
DA:3,1
DA:12,9
DA:13,8
DA:14,8
DA:31,14
DA:49,14
LF:6
LH:6
BRDA:5,0,0,9
BRDA:6,1,0,9
BRDA:12,2,0,1
BRDA:12,2,1,8
BRDA:23,3,0,8
BRDA:23,3,1,1
BRDA:28,4,0,7
BRDA:28,4,1,1
BRDA:28,5,0,8
BRDA:28,5,1,8
BRDA:46,6,0,7
BRDA:46,6,1,1
BRDA:46,7,0,8
BRDA:46,7,1,8
BRDA:53,8,0,14
BRDA:53,8,1,7
BRDA:77,9,0,8
BRDA:77,9,1,0
BRF:18
BRH:17
end_of_record
TN:
SF:src/pages/student/FindTutor.tsx
FN:14,(anonymous_0)
FN:24,(anonymous_1)
FN:28,(anonymous_2)
FN:33,(anonymous_3)
FN:40,(anonymous_4)
FN:71,(anonymous_5)
FN:115,(anonymous_6)
FN:124,(anonymous_7)
FN:138,(anonymous_8)
FN:161,(anonymous_9)
FN:162,(anonymous_10)
FN:175,(anonymous_11)
FN:215,(anonymous_12)
FN:243,(anonymous_13)
FN:244,(anonymous_14)
FN:260,(anonymous_15)
FNF:16
FNH:11
FNDA:11,(anonymous_0)
FNDA:11,(anonymous_1)
FNDA:4,(anonymous_2)
FNDA:4,(anonymous_3)
FNDA:4,(anonymous_4)
FNDA:0,(anonymous_5)
FNDA:0,(anonymous_6)
FNDA:0,(anonymous_7)
FNDA:0,(anonymous_8)
FNDA:0,(anonymous_9)
FNDA:11,(anonymous_10)
FNDA:22,(anonymous_11)
FNDA:2,(anonymous_12)
FNDA:2,(anonymous_13)
FNDA:2,(anonymous_14)
FNDA:1,(anonymous_15)
DA:10,1
DA:11,1
DA:12,1
DA:14,1
DA:15,11
DA:16,11
DA:17,11
DA:18,11
DA:19,11
DA:20,11
DA:21,11
DA:22,11
DA:24,11
DA:25,11
DA:28,11
DA:29,4
DA:33,11
DA:34,4
DA:35,0
DA:36,0
DA:40,11
DA:41,4
DA:42,4
DA:44,4
DA:45,4
DA:46,1
DA:47,1
DA:48,1
DA:51,3
DA:59,3
DA:60,3
DA:61,2
DA:62,2
DA:64,1
DA:65,1
DA:67,3
DA:71,11
DA:72,0
DA:73,0
DA:74,0
DA:75,0
DA:76,0
DA:79,11
DA:115,0
DA:124,0
DA:138,0
DA:161,0
DA:163,11
DA:176,22
DA:216,2
DA:243,2
DA:246,2
DA:247,2
DA:260,1
LF:54
LH:43
BRDA:34,0,0,0
BRDA:34,0,1,4
BRDA:45,1,0,1
BRDA:45,1,1,3
BRDA:52,2,0,3
BRDA:52,2,1,3
BRDA:53,3,0,3
BRDA:53,3,1,3
BRDA:56,4,0,3
BRDA:56,4,1,3
BRDA:196,5,0,3
BRDA:196,5,1,8
BRDA:206,6,0,11
BRDA:206,6,1,2
BRDA:211,7,0,11
BRDA:211,7,1,10
BRDA:211,7,2,7
BRDA:224,8,0,2
BRDA:224,8,1,1
BRDA:241,9,0,2
BRDA:241,9,1,2
BRF:21
BRH:20
end_of_record
TN:
SF:src/pages/student/PastSessionsPage.tsx
FN:11,(anonymous_0)
FN:12,(anonymous_1)
FN:24,(anonymous_2)
FN:31,(anonymous_3)
FN:50,(anonymous_4)
FN:63,(anonymous_5)
FN:83,(anonymous_6)
FN:88,(anonymous_7)
FN:100,(anonymous_8)
FNF:9
FNH:8
FNDA:18,(anonymous_0)
FNDA:18,(anonymous_1)
FNDA:13,(anonymous_2)
FNDA:12,(anonymous_3)
FNDA:1,(anonymous_4)
FNDA:0,(anonymous_5)
FNDA:7,(anonymous_6)
FNDA:1,(anonymous_7)
FNDA:1,(anonymous_8)
DA:11,1
DA:12,18
DA:13,18
DA:15,18
DA:16,18
DA:17,18
DA:18,18
DA:19,18
DA:24,18
DA:25,13
DA:26,1
DA:27,1
DA:28,1
DA:31,12
DA:32,12
DA:33,12
DA:34,12
DA:35,11
DA:37,8
DA:38,8
DA:40,12
DA:44,12
DA:50,18
DA:51,1
DA:52,1
DA:53,1
DA:56,18
DA:63,0
DA:84,7
DA:88,1
DA:100,1
LF:31
LH:30
BRDA:25,0,0,1
BRDA:25,0,1,12
BRDA:25,1,0,13
BRDA:25,1,1,12
BRDA:32,2,0,0
BRDA:32,2,1,12
BRDA:35,3,0,11
BRDA:35,3,1,0
BRDA:73,4,0,6
BRDA:73,4,1,12
BRDA:77,5,0,6
BRDA:77,5,1,6
BRDA:97,6,0,18
BRDA:97,6,1,1
BRDA:97,6,2,1
BRDA:97,6,3,1
BRDA:97,6,4,1
BRF:17
BRH:15
end_of_record
TN:
SF:src/pages/student/StudentDashboard.tsx
FN:14,(anonymous_0)
FN:15,(anonymous_1)
FN:25,(anonymous_2)
FN:37,(anonymous_3)
FN:47,(anonymous_4)
FN:57,(anonymous_5)
FN:71,(anonymous_6)
FN:83,(anonymous_7)
FN:85,(anonymous_8)
FN:109,(anonymous_9)
FN:109,(anonymous_10)
FN:122,(anonymous_11)
FN:164,(anonymous_12)
FN:172,(anonymous_13)
FN:173,(anonymous_14)
FN:186,(anonymous_15)
FN:203,(anonymous_16)
FN:214,(anonymous_17)
FNF:18
FNH:12
FNDA:13,(anonymous_0)
FNDA:13,(anonymous_1)
FNDA:11,(anonymous_2)
FNDA:10,(anonymous_3)
FNDA:11,(anonymous_4)
FNDA:2,(anonymous_5)
FNDA:10,(anonymous_6)
FNDA:4,(anonymous_7)
FNDA:4,(anonymous_8)
FNDA:0,(anonymous_9)
FNDA:0,(anonymous_10)
FNDA:4,(anonymous_11)
FNDA:0,(anonymous_12)
FNDA:0,(anonymous_13)
FNDA:0,(anonymous_14)
FNDA:1,(anonymous_15)
FNDA:0,(anonymous_16)
FNDA:1,(anonymous_17)
DA:14,1
DA:15,13
DA:16,13
DA:18,13
DA:19,13
DA:20,13
DA:21,13
DA:22,13
DA:23,13
DA:25,13
DA:26,11
DA:27,11
DA:28,11
DA:29,11
DA:31,6
DA:33,11
DA:37,13
DA:38,10
DA:39,10
DA:40,10
DA:41,10
DA:43,5
DA:47,13
DA:48,11
DA:49,11
DA:50,11
DA:51,11
DA:53,6
DA:57,13
DA:58,2
DA:59,2
DA:60,2
DA:62,2
DA:63,2
DA:64,1
DA:65,1
DA:67,1
DA:71,13
DA:72,10
DA:73,0
DA:74,0
DA:75,0
DA:77,10
DA:78,10
DA:79,10
DA:82,13
DA:83,13
DA:84,13
DA:85,13
DA:88,13
DA:109,0
DA:123,4
DA:164,0
DA:172,0
DA:174,0
DA:186,1
DA:204,0
DA:205,0
DA:214,1
LF:59
LH:50
BRDA:26,0,0,0
BRDA:26,0,1,11
BRDA:29,1,0,11
BRDA:29,1,1,0
BRDA:38,2,0,0
BRDA:38,2,1,10
BRDA:48,3,0,0
BRDA:48,3,1,11
BRDA:58,4,0,0
BRDA:58,4,1,2
BRDA:60,5,0,0
BRDA:60,5,1,2
BRDA:67,6,0,1
BRDA:67,6,1,0
BRDA:72,7,0,0
BRDA:72,7,1,10
BRDA:72,8,0,10
BRDA:72,8,1,10
BRDA:84,9,0,13
BRDA:84,9,1,0
BRDA:111,10,0,13
BRDA:111,10,1,0
BRDA:116,11,0,9
BRDA:116,11,1,4
BRDA:140,12,0,8
BRDA:140,12,1,5
BRDA:144,13,0,8
BRDA:144,13,1,8
BRDA:150,14,0,8
BRDA:150,14,1,0
BRDA:153,15,0,8
BRDA:153,15,1,0
BRDA:174,16,0,0
BRDA:174,16,1,0
BRDA:192,17,0,8
BRDA:192,17,1,5
BRF:36
BRH:22
end_of_record
TN:
SF:src/pages/student/ViewTutorDetails.tsx
FN:14,(anonymous_0)
FN:17,(anonymous_1)
FN:29,(anonymous_2)
FN:37,(anonymous_3)
FN:38,(anonymous_4)
FN:68,(anonymous_5)
FN:74,(anonymous_6)
FN:92,(anonymous_7)
FN:103,(anonymous_8)
FN:108,(anonymous_9)
FN:146,(anonymous_10)
FN:175,(anonymous_11)
FN:202,(anonymous_12)
FN:223,(anonymous_13)
FN:259,(anonymous_14)
FN:274,(anonymous_15)
FN:283,(anonymous_16)
FN:293,(anonymous_17)
FNF:18
FNH:11
FNDA:8,(anonymous_0)
FNDA:8,(anonymous_1)
FNDA:2,(anonymous_2)
FNDA:6,(anonymous_3)
FNDA:6,(anonymous_4)
FNDA:6,(anonymous_5)
FNDA:4,(anonymous_6)
FNDA:0,(anonymous_7)
FNDA:0,(anonymous_8)
FNDA:0,(anonymous_9)
FNDA:0,(anonymous_10)
FNDA:0,(anonymous_11)
FNDA:3,(anonymous_12)
FNDA:1,(anonymous_13)
FNDA:2,(anonymous_14)
FNDA:0,(anonymous_15)
FNDA:0,(anonymous_16)
FNDA:1,(anonymous_17)
DA:14,1
DA:15,8
DA:16,8
DA:17,8
DA:19,8
DA:20,8
DA:21,8
DA:25,8
DA:26,8
DA:29,8
DA:30,2
DA:31,2
DA:37,8
DA:38,6
DA:39,6
DA:41,6
DA:42,6
DA:43,6
DA:44,6
DA:46,2
DA:53,2
DA:54,2
DA:56,4
DA:58,6
DA:62,6
DA:68,8
DA:69,6
DA:71,4
DA:72,4
DA:74,4
DA:75,4
DA:76,4
DA:79,4
DA:80,4
DA:84,4
DA:85,4
DA:91,4
DA:92,0
DA:94,2
DA:96,2
DA:100,4
DA:103,8
DA:104,0
DA:105,0
DA:108,8
DA:109,0
DA:110,0
DA:111,0
DA:114,0
DA:115,0
DA:116,0
DA:117,0
DA:120,0
DA:121,0
DA:124,0
DA:126,0
DA:127,0
DA:128,0
DA:132,0
DA:144,0
DA:145,0
DA:146,0
DA:147,0
DA:151,0
DA:155,0
DA:160,0
DA:162,0
DA:163,0
DA:167,8
DA:168,2
DA:170,2
DA:175,0
DA:203,3
DA:224,1
DA:260,2
DA:274,0
DA:283,0
DA:294,1
LF:78
LH:49
BRDA:39,0,0,0
BRDA:39,0,1,6
BRDA:39,1,0,6
BRDA:39,1,1,6
BRDA:48,2,0,2
BRDA:48,2,1,0
BRDA:49,3,0,2
BRDA:49,3,1,0
BRDA:50,4,0,2
BRDA:50,4,1,0
BRDA:69,5,0,2
BRDA:69,5,1,4
BRDA:69,6,0,6
BRDA:69,6,1,4
BRDA:109,7,0,0
BRDA:109,7,1,0
BRDA:109,8,0,0
BRDA:109,8,1,0
BRDA:109,8,2,0
BRDA:109,8,3,0
BRDA:120,9,0,0
BRDA:120,9,1,0
BRDA:126,10,0,0
BRDA:126,10,1,0
BRDA:126,11,0,0
BRDA:126,11,1,0
BRDA:155,12,0,0
BRDA:155,12,1,0
BRDA:155,12,2,0
BRDA:155,12,3,0
BRDA:167,13,0,6
BRDA:167,13,1,2
BRDA:168,14,0,0
BRDA:168,14,1,2
BRDA:186,15,0,2
BRDA:186,15,1,2
BRDA:221,16,0,1
BRDA:221,16,1,1
BRDA:221,17,0,2
BRDA:221,17,1,2
BRDA:231,18,0,1
BRDA:231,18,1,1
BRDA:276,19,0,2
BRDA:276,19,1,0
BRDA:276,19,2,0
BRDA:279,20,0,0
BRDA:279,20,1,0
BRDA:291,21,0,1
BRDA:291,21,1,1
BRF:49
BRH:24
end_of_record
TN:
SF:src/pages/student/Wallet.tsx
FN:15,(anonymous_0)
FN:18,(anonymous_1)
FN:37,(anonymous_2)
FN:64,(anonymous_3)
FN:91,(anonymous_4)
FN:103,(anonymous_5)
FN:141,(anonymous_6)
FN:159,(anonymous_7)
FN:167,(anonymous_8)
FN:187,(anonymous_9)
FN:210,(anonymous_10)
FN:215,(anonymous_11)
FN:228,(anonymous_12)
FN:263,(anonymous_13)
FN:310,(anonymous_14)
FN:335,(anonymous_15)
FN:350,(anonymous_16)
FNF:17
FNH:13
FNDA:39,(anonymous_0)
FNDA:39,(anonymous_1)
FNDA:11,(anonymous_2)
FNDA:1,(anonymous_3)
FNDA:5,(anonymous_4)
FNDA:4,(anonymous_5)
FNDA:39,(anonymous_6)
FNDA:10,(anonymous_7)
FNDA:2,(anonymous_8)
FNDA:0,(anonymous_9)
FNDA:2,(anonymous_10)
FNDA:0,(anonymous_11)
FNDA:0,(anonymous_12)
FNDA:1,(anonymous_13)
FNDA:1,(anonymous_14)
FNDA:4,(anonymous_15)
FNDA:0,(anonymous_16)
DA:15,1
DA:16,39
DA:17,39
DA:18,39
DA:20,39
DA:21,39
DA:22,39
DA:25,39
DA:26,39
DA:29,39
DA:30,39
DA:31,39
DA:32,39
DA:37,39
DA:38,11
DA:39,0
DA:40,0
DA:41,0
DA:44,11
DA:45,11
DA:50,10
DA:51,9
DA:52,9
DA:54,2
DA:55,2
DA:57,11
DA:64,39
DA:65,1
DA:66,1
DA:67,0
DA:68,0
DA:69,0
DA:72,1
DA:73,1
DA:74,1
DA:75,0
DA:77,1
DA:80,0
DA:81,0
DA:83,1
DA:84,1
DA:91,39
DA:92,5
DA:93,0
DA:94,0
DA:95,0
DA:97,5
DA:103,39
DA:104,4
DA:105,1
DA:106,1
DA:109,3
DA:110,0
DA:111,0
DA:112,0
DA:115,3
DA:116,3
DA:117,3
DA:119,1
DA:120,1
DA:121,1
DA:124,2
DA:125,1
DA:126,1
DA:128,2
DA:129,2
DA:131,1
DA:132,1
DA:134,3
DA:141,39
DA:142,39
DA:144,39
DA:145,39
DA:146,0
DA:147,0
DA:150,39
DA:151,39
DA:152,39
DA:159,39
DA:160,10
DA:167,39
DA:168,2
DA:169,0
DA:170,0
DA:172,2
DA:173,2
DA:179,39
DA:187,0
DA:210,2
DA:215,0
DA:229,0
DA:230,0
DA:231,0
DA:264,1
DA:311,1
DA:312,1
DA:335,4
DA:351,0
DA:352,0
LF:99
LH:73
BRDA:38,0,0,0
BRDA:38,0,1,11
BRDA:38,1,0,11
BRDA:38,1,1,11
BRDA:50,2,0,10
BRDA:50,2,1,0
BRDA:51,3,0,9
BRDA:51,3,1,0
BRDA:52,4,0,9
BRDA:52,4,1,0
BRDA:54,5,0,2
BRDA:54,5,1,2
BRDA:65,6,0,0
BRDA:65,6,1,1
BRDA:66,7,0,0
BRDA:66,7,1,1
BRDA:66,8,0,1
BRDA:66,8,1,1
BRDA:74,9,0,0
BRDA:74,9,1,1
BRDA:80,10,0,0
BRDA:80,10,1,0
BRDA:92,11,0,0
BRDA:92,11,1,5
BRDA:92,12,0,5
BRDA:92,12,1,5
BRDA:104,13,0,1
BRDA:104,13,1,3
BRDA:104,14,0,4
BRDA:104,14,1,4
BRDA:109,15,0,0
BRDA:109,15,1,3
BRDA:109,16,0,3
BRDA:109,16,1,3
BRDA:117,17,0,1
BRDA:117,17,1,2
BRDA:125,18,0,1
BRDA:125,18,1,0
BRDA:131,19,0,1
BRDA:131,19,1,0
BRDA:144,20,0,39
BRDA:144,20,1,0
BRDA:146,21,0,0
BRDA:146,21,1,0
BRDA:150,22,0,39
BRDA:150,22,1,0
BRDA:168,23,0,0
BRDA:168,23,1,2
BRDA:168,24,0,2
BRDA:168,24,1,2
BRDA:195,25,0,10
BRDA:195,25,1,29
BRDA:250,26,0,28
BRDA:250,26,1,1
BRDA:266,27,0,1
BRDA:266,27,1,1
BRDA:272,28,0,1
BRDA:272,28,1,0
BRDA:274,29,0,1
BRDA:274,29,1,0
BRDA:288,30,0,39
BRDA:288,30,1,2
BRDA:299,31,0,2
BRDA:299,31,1,0
BRDA:323,32,0,39
BRDA:323,32,1,13
BRDA:327,33,0,8
BRDA:327,33,1,5
BRDA:344,34,0,8
BRDA:344,34,1,5
BRDA:346,35,0,3
BRDA:346,35,1,10
BRDA:346,36,0,6
BRDA:346,36,1,4
BRF:74
BRH:53
end_of_record
TN:
SF:src/pages/student/WalletCancelPage.tsx
FN:4,(anonymous_0)
FN:18,(anonymous_1)
FN:23,(anonymous_2)
FNF:3
FNH:3
FNDA:3,(anonymous_0)
FNDA:1,(anonymous_1)
FNDA:1,(anonymous_2)
DA:4,1
DA:5,3
DA:7,3
DA:18,1
DA:23,1
LF:5
LH:5
BRF:0
BRH:0
end_of_record
TN:
SF:src/pages/student/WalletSuccessPage.tsx
FN:8,(anonymous_0)
FN:11,(anonymous_1)
FN:19,(anonymous_2)
FN:20,(anonymous_3)
FN:44,(anonymous_4)
FN:84,(anonymous_5)
FNF:6
FNH:6
FNDA:10,(anonymous_0)
FNDA:10,(anonymous_1)
FNDA:9,(anonymous_2)
FNDA:9,(anonymous_3)
FNDA:1,(anonymous_4)
FNDA:1,(anonymous_5)
DA:8,1
DA:9,10
DA:10,10
DA:11,10
DA:13,10
DA:14,9
DA:16,9
DA:17,9
DA:19,9
DA:20,9
DA:21,9
DA:22,5
DA:24,5
DA:25,5
DA:26,1
DA:27,1
DA:28,1
DA:31,4
DA:32,0
DA:33,0
DA:34,0
DA:37,4
DA:38,4
DA:39,2
DA:40,2
DA:41,2
DA:44,2
DA:46,2
DA:47,2
DA:48,2
DA:52,9
DA:55,9
DA:84,1
LF:33
LH:30
BRDA:21,0,0,4
BRDA:21,0,1,5
BRDA:25,1,0,1
BRDA:25,1,1,4
BRDA:31,2,0,0
BRDA:31,2,1,4
BRDA:31,3,0,4
BRDA:31,3,1,4
BRDA:31,3,2,4
BRDA:59,4,0,9
BRDA:59,4,1,5
BRDA:66,5,0,9
BRDA:66,5,1,2
BRDA:77,6,0,9
BRDA:77,6,1,2
BRF:15
BRH:14
end_of_record
TN:
SF:src/redux/loaderSlice.ts
FN:15,(anonymous_0)
FNF:1
FNH:0
FNDA:0,(anonymous_0)
DA:7,9
DA:11,9
DA:16,0
DA:21,9
LF:4
LH:3
BRF:0
BRH:0
end_of_record
TN:
SF:src/redux/store.ts
FNF:0
FNH:0
DA:8,7
DA:16,7
DA:17,7
LF:3
LH:3
BRF:0
BRH:0
end_of_record
TN:
SF:src/redux/tutorSlice.ts
FN:16,(anonymous_0)
FN:19,(anonymous_1)
FNF:2
FNH:0
FNDA:0,(anonymous_0)
FNDA:0,(anonymous_1)
DA:8,7
DA:12,7
DA:17,0
DA:20,0
DA:25,7
LF:5
LH:3
BRF:0
BRH:0
end_of_record
TN:
SF:src/redux/userSlice.ts
FN:32,(anonymous_0)
FNF:1
FNH:0
FNDA:0,(anonymous_0)
DA:24,7
DA:28,7
DA:33,0
DA:38,7
LF:4
LH:3
BRF:0
BRH:0
end_of_record
